======================================================================
ERROR: test_parametrized_types (numba.tests.test_dictimpl.TestDictImpl)
https://github.com/numba/numba/issues/6401
----------------------------------------------------------------------
Traceback (most recent call last):
  File "/home/gmarkall/numbadev/numba/numba/core/typeinfer.py", line 155, in propagate
    constraint(typeinfer)
  File "/home/gmarkall/numbadev/numba/numba/core/typeinfer.py", line 578, in __call__
    self.resolve(typeinfer, typevars, fnty)
  File "/home/gmarkall/numbadev/numba/numba/core/typeinfer.py", line 630, in resolve
    raise TypingError(msg)
numba.core.errors.TypingError: Invalid use of type(CPUDispatcher(<function TestDictImpl.test_parametrized_types.<locals>.dict_vs_cache_vs_parametrized at 0x7f2844868700>)) with parameters (ParametrizedType)

During: resolving callee type: type(CPUDispatcher(<function TestDictImpl.test_parametrized_types.<locals>.dict_vs_cache_vs_parametrized at 0x7f2844868700>))
During: typing of call at /home/gmarkall/numbadev/numba/numba/tests/test_dictimpl.py (638)


The above exception was the direct cause of the following exception:

Traceback (most recent call last):
  File "/home/gmarkall/numbadev/numba/numba/tests/test_dictimpl.py", line 642, in test_parametrized_types
    set_parametrized_data(x, y)
  File "/home/gmarkall/numbadev/numba/numba/core/dispatcher.py", line 468, in _compile_for_args
    error_rewrite(e, 'typing')
  File "/home/gmarkall/numbadev/numba/numba/core/dispatcher.py", line 407, in error_rewrite
    raise e
  File "/home/gmarkall/numbadev/numba/numba/core/dispatcher.py", line 420, in _compile_for_args
    return_val = self.compile(tuple(argtypes))
  File "/home/gmarkall/numbadev/numba/numba/core/dispatcher.py", line 965, in compile
    cres = self._compiler.compile(args, return_type)
  File "/home/gmarkall/numbadev/numba/numba/core/dispatcher.py", line 129, in compile
    raise retval
  File "/home/gmarkall/numbadev/numba/numba/core/dispatcher.py", line 139, in _compile_cached
    retval = self._compile_core(args, return_type)
  File "/home/gmarkall/numbadev/numba/numba/core/dispatcher.py", line 152, in _compile_core
    cres = compiler.compile_extra(self.targetdescr.typing_context,
  File "/home/gmarkall/numbadev/numba/numba/core/compiler.py", line 704, in compile_extra
    return pipeline.compile_extra(func)
  File "/home/gmarkall/numbadev/numba/numba/core/compiler.py", line 452, in compile_extra
    return self._compile_bytecode()
  File "/home/gmarkall/numbadev/numba/numba/core/compiler.py", line 512, in _compile_bytecode
    return self._compile_core()
  File "/home/gmarkall/numbadev/numba/numba/core/compiler.py", line 495, in _compile_core
    raise e
  File "/home/gmarkall/numbadev/numba/numba/core/compiler.py", line 485, in _compile_core
    pm.run(self.state)
  File "/home/gmarkall/numbadev/numba/numba/core/compiler_machinery.py", line 368, in run
    raise patched_exception
  File "/home/gmarkall/numbadev/numba/numba/core/compiler_machinery.py", line 356, in run
    self._runPass(idx, pass_inst, state)
  File "/home/gmarkall/numbadev/numba/numba/core/compiler_lock.py", line 35, in _acquire_compile_lock
    return func(*args, **kwargs)
  File "/home/gmarkall/numbadev/numba/numba/core/compiler_machinery.py", line 311, in _runPass
    mutated |= check(pss.run_pass, internal_state)
  File "/home/gmarkall/numbadev/numba/numba/core/compiler_machinery.py", line 273, in check
    mangled = func(compiler_state)
  File "/home/gmarkall/numbadev/numba/numba/core/typed_passes.py", line 105, in run_pass
    typemap, return_type, calltypes, errs = type_inference_stage(
  File "/home/gmarkall/numbadev/numba/numba/core/typed_passes.py", line 83, in type_inference_stage
    errs = infer.propagate(raise_errors=raise_errors)
  File "/home/gmarkall/numbadev/numba/numba/core/typeinfer.py", line 1086, in propagate
    raise errors[0]
numba.core.errors.TypingError: Failed in nopython mode pipeline (step: nopython frontend)
Invalid use of type(CPUDispatcher(<function TestDictImpl.test_parametrized_types.<locals>.dict_vs_cache_vs_parametrized at 0x7f2844868700>)) with parameters (ParametrizedType)

During: resolving callee type: type(CPUDispatcher(<function TestDictImpl.test_parametrized_types.<locals>.dict_vs_cache_vs_parametrized at 0x7f2844868700>))
During: typing of call at /home/gmarkall/numbadev/numba/numba/tests/test_dictimpl.py (638)


File "numba/tests/test_dictimpl.py", line 638:
        def set_parametrized_data(x, y):
            <source elided>
            # and the target context
            dict_vs_cache_vs_parametrized(x)
            ^


======================================================================
ERROR: test_dispatcher_as_arg_usecase (numba.tests.test_dispatcher.TestDispatcherFunctionBoundaries)
----------------------------------------------------------------------
Traceback (most recent call last):
  File "/home/gmarkall/numbadev/numba/numba/core/typeinfer.py", line 155, in propagate
    constraint(typeinfer)
  File "/home/gmarkall/numbadev/numba/numba/core/typeinfer.py", line 578, in __call__
    self.resolve(typeinfer, typevars, fnty)
  File "/home/gmarkall/numbadev/numba/numba/core/typeinfer.py", line 630, in resolve
    raise TypingError(msg)
numba.core.errors.TypingError: Invalid use of type(CPUDispatcher(<function TestDispatcherFunctionBoundaries.test_dispatcher_as_arg_usecase.<locals>.<lambda> at 0x7f283fcacd30>)) with parameters (int64, int64)

During: resolving callee type: type(CPUDispatcher(<function TestDispatcherFunctionBoundaries.test_dispatcher_as_arg_usecase.<locals>.<lambda> at 0x7f283fcacd30>))
During: typing of call at /home/gmarkall/numbadev/numba/numba/tests/test_dispatcher.py (983)


The above exception was the direct cause of the following exception:

Traceback (most recent call last):
  File "/home/gmarkall/numbadev/numba/numba/tests/test_dispatcher.py", line 988, in test_dispatcher_as_arg_usecase
    got = maximum([1, 2, 3, 4], cmpfn=jit(lambda x, y: x - y))
  File "/home/gmarkall/numbadev/numba/numba/core/dispatcher.py", line 468, in _compile_for_args
    error_rewrite(e, 'typing')
  File "/home/gmarkall/numbadev/numba/numba/core/dispatcher.py", line 407, in error_rewrite
    raise e
  File "/home/gmarkall/numbadev/numba/numba/core/dispatcher.py", line 420, in _compile_for_args
    return_val = self.compile(tuple(argtypes))
  File "/home/gmarkall/numbadev/numba/numba/core/dispatcher.py", line 965, in compile
    cres = self._compiler.compile(args, return_type)
  File "/home/gmarkall/numbadev/numba/numba/core/dispatcher.py", line 129, in compile
    raise retval
  File "/home/gmarkall/numbadev/numba/numba/core/dispatcher.py", line 139, in _compile_cached
    retval = self._compile_core(args, return_type)
  File "/home/gmarkall/numbadev/numba/numba/core/dispatcher.py", line 152, in _compile_core
    cres = compiler.compile_extra(self.targetdescr.typing_context,
  File "/home/gmarkall/numbadev/numba/numba/core/compiler.py", line 704, in compile_extra
    return pipeline.compile_extra(func)
  File "/home/gmarkall/numbadev/numba/numba/core/compiler.py", line 452, in compile_extra
    return self._compile_bytecode()
  File "/home/gmarkall/numbadev/numba/numba/core/compiler.py", line 512, in _compile_bytecode
    return self._compile_core()
  File "/home/gmarkall/numbadev/numba/numba/core/compiler.py", line 495, in _compile_core
    raise e
  File "/home/gmarkall/numbadev/numba/numba/core/compiler.py", line 485, in _compile_core
    pm.run(self.state)
  File "/home/gmarkall/numbadev/numba/numba/core/compiler_machinery.py", line 368, in run
    raise patched_exception
  File "/home/gmarkall/numbadev/numba/numba/core/compiler_machinery.py", line 356, in run
    self._runPass(idx, pass_inst, state)
  File "/home/gmarkall/numbadev/numba/numba/core/compiler_lock.py", line 35, in _acquire_compile_lock
    return func(*args, **kwargs)
  File "/home/gmarkall/numbadev/numba/numba/core/compiler_machinery.py", line 311, in _runPass
    mutated |= check(pss.run_pass, internal_state)
  File "/home/gmarkall/numbadev/numba/numba/core/compiler_machinery.py", line 273, in check
    mangled = func(compiler_state)
  File "/home/gmarkall/numbadev/numba/numba/core/typed_passes.py", line 105, in run_pass
    typemap, return_type, calltypes, errs = type_inference_stage(
  File "/home/gmarkall/numbadev/numba/numba/core/typed_passes.py", line 83, in type_inference_stage
    errs = infer.propagate(raise_errors=raise_errors)
  File "/home/gmarkall/numbadev/numba/numba/core/typeinfer.py", line 1086, in propagate
    raise errors[0]
numba.core.errors.TypingError: Failed in nopython mode pipeline (step: nopython frontend)
Invalid use of type(CPUDispatcher(<function TestDispatcherFunctionBoundaries.test_dispatcher_as_arg_usecase.<locals>.<lambda> at 0x7f283fcacd30>)) with parameters (int64, int64)

During: resolving callee type: type(CPUDispatcher(<function TestDispatcherFunctionBoundaries.test_dispatcher_as_arg_usecase.<locals>.<lambda> at 0x7f283fcacd30>))
During: typing of call at /home/gmarkall/numbadev/numba/numba/tests/test_dispatcher.py (983)


File "numba/tests/test_dispatcher.py", line 983:
        def maximum(seq, cmpfn):
            <source elided>
            for each in seq[1:]:
                cmpval = cmpfn(tmp, each)
                ^


======================================================================
ERROR: test_error_count (numba.tests.test_dispatcher.TestNoRetryFailedSignature)
----------------------------------------------------------------------
Traceback (most recent call last):
  File "/home/gmarkall/numbadev/numba/numba/core/typeinfer.py", line 155, in propagate
    constraint(typeinfer)
  File "/home/gmarkall/numbadev/numba/numba/core/typeinfer.py", line 578, in __call__
    self.resolve(typeinfer, typevars, fnty)
  File "/home/gmarkall/numbadev/numba/numba/core/typeinfer.py", line 630, in resolve
    raise TypingError(msg)
numba.core.errors.TypingError: Invalid use of type(CPUDispatcher(<function TestNoRetryFailedSignature.test_error_count.<locals>.check.<locals>.trigger at 0x7f28409269e0>)) with parameters (int64)

During: resolving callee type: type(CPUDispatcher(<function TestNoRetryFailedSignature.test_error_count.<locals>.check.<locals>.trigger at 0x7f28409269e0>))
During: typing of call at /home/gmarkall/numbadev/numba/numba/tests/test_dispatcher.py (1123)


The above exception was the direct cause of the following exception:

Traceback (most recent call last):
  File "/home/gmarkall/numbadev/numba/numba/core/typeinfer.py", line 155, in propagate
    constraint(typeinfer)
  File "/home/gmarkall/numbadev/numba/numba/core/typeinfer.py", line 578, in __call__
    self.resolve(typeinfer, typevars, fnty)
  File "/home/gmarkall/numbadev/numba/numba/core/typeinfer.py", line 601, in resolve
    sig = typeinfer.resolve_call(fnty, pos_args, kw_args)
  File "/home/gmarkall/numbadev/numba/numba/core/typeinfer.py", line 1555, in resolve_call
    return self.context.resolve_function_type(fnty, pos_args, kw_args)
  File "/home/gmarkall/numbadev/numba/numba/core/typing/context.py", line 213, in resolve_function_type
    raise last_exception
  File "/home/gmarkall/numbadev/numba/numba/core/typing/context.py", line 196, in resolve_function_type
    res = self._resolve_user_function_type(func, args, kws)
  File "/home/gmarkall/numbadev/numba/numba/core/typing/context.py", line 248, in _resolve_user_function_type
    return func.get_call_type(self, args, kws)
  File "/home/gmarkall/numbadev/numba/numba/core/types/functions.py", line 541, in get_call_type
    self.dispatcher.get_call_template(args, kws)
  File "/home/gmarkall/numbadev/numba/numba/core/dispatcher.py", line 363, in get_call_template
    self.compile(tuple(args))
  File "/home/gmarkall/numbadev/numba/numba/core/dispatcher.py", line 965, in compile
    cres = self._compiler.compile(args, return_type)
  File "/home/gmarkall/numbadev/numba/numba/core/dispatcher.py", line 129, in compile
    raise retval
  File "/home/gmarkall/numbadev/numba/numba/core/typeinfer.py", line 155, in propagate
    constraint(typeinfer)
  File "/home/gmarkall/numbadev/numba/numba/core/typeinfer.py", line 578, in __call__
    self.resolve(typeinfer, typevars, fnty)
  File "/home/gmarkall/numbadev/numba/numba/core/typeinfer.py", line 601, in resolve
    sig = typeinfer.resolve_call(fnty, pos_args, kw_args)
  File "/home/gmarkall/numbadev/numba/numba/core/typeinfer.py", line 1555, in resolve_call
    return self.context.resolve_function_type(fnty, pos_args, kw_args)
  File "/home/gmarkall/numbadev/numba/numba/core/typing/context.py", line 213, in resolve_function_type
    raise last_exception
  File "/home/gmarkall/numbadev/numba/numba/core/typing/context.py", line 196, in resolve_function_type
    res = self._resolve_user_function_type(func, args, kws)
  File "/home/gmarkall/numbadev/numba/numba/core/typing/context.py", line 248, in _resolve_user_function_type
    return func.get_call_type(self, args, kws)
  File "/home/gmarkall/numbadev/numba/numba/core/types/functions.py", line 541, in get_call_type
    self.dispatcher.get_call_template(args, kws)
  File "/home/gmarkall/numbadev/numba/numba/core/dispatcher.py", line 363, in get_call_template
    self.compile(tuple(args))
  File "/home/gmarkall/numbadev/numba/numba/core/dispatcher.py", line 965, in compile
    cres = self._compiler.compile(args, return_type)
  File "/home/gmarkall/numbadev/numba/numba/core/dispatcher.py", line 129, in compile
    raise retval
  File "/home/gmarkall/numbadev/numba/numba/core/dispatcher.py", line 139, in _compile_cached
    retval = self._compile_core(args, return_type)
  File "/home/gmarkall/numbadev/numba/numba/core/dispatcher.py", line 152, in _compile_core
    cres = compiler.compile_extra(self.targetdescr.typing_context,
  File "/home/gmarkall/numbadev/numba/numba/core/compiler.py", line 704, in compile_extra
    return pipeline.compile_extra(func)
  File "/home/gmarkall/numbadev/numba/numba/core/compiler.py", line 452, in compile_extra
    return self._compile_bytecode()
  File "/home/gmarkall/numbadev/numba/numba/core/compiler.py", line 512, in _compile_bytecode
    return self._compile_core()
  File "/home/gmarkall/numbadev/numba/numba/core/compiler.py", line 495, in _compile_core
    raise e
  File "/home/gmarkall/numbadev/numba/numba/core/compiler.py", line 485, in _compile_core
    pm.run(self.state)
  File "/home/gmarkall/numbadev/numba/numba/core/compiler_machinery.py", line 368, in run
    raise patched_exception
  File "/home/gmarkall/numbadev/numba/numba/core/compiler_machinery.py", line 356, in run
    self._runPass(idx, pass_inst, state)
  File "/home/gmarkall/numbadev/numba/numba/core/compiler_lock.py", line 35, in _acquire_compile_lock
    return func(*args, **kwargs)
  File "/home/gmarkall/numbadev/numba/numba/core/compiler_machinery.py", line 311, in _runPass
    mutated |= check(pss.run_pass, internal_state)
  File "/home/gmarkall/numbadev/numba/numba/core/compiler_machinery.py", line 273, in check
    mangled = func(compiler_state)
  File "/home/gmarkall/numbadev/numba/numba/core/typed_passes.py", line 105, in run_pass
    typemap, return_type, calltypes, errs = type_inference_stage(
  File "/home/gmarkall/numbadev/numba/numba/core/typed_passes.py", line 83, in type_inference_stage
    errs = infer.propagate(raise_errors=raise_errors)
  File "/home/gmarkall/numbadev/numba/numba/core/typeinfer.py", line 1086, in propagate
    raise errors[0]
numba.core.errors.TypingError: Failed in nopython mode pipeline (step: nopython frontend)
Invalid use of type(CPUDispatcher(<function TestNoRetryFailedSignature.test_error_count.<locals>.check.<locals>.trigger at 0x7f28409269e0>)) with parameters (int64)

During: resolving callee type: type(CPUDispatcher(<function TestNoRetryFailedSignature.test_error_count.<locals>.check.<locals>.trigger at 0x7f28409269e0>))
During: typing of call at /home/gmarkall/numbadev/numba/numba/tests/test_dispatcher.py (1123)


File "numba/tests/test_dispatcher.py", line 1123:
                def assign(out, x):
                    <source elided>
                    inner(out, x)
                    out[0] += tab_head(x)
                    ^

During: resolving callee type: type(CPUDispatcher(<function TestNoRetryFailedSignature.test_error_count.<locals>.check.<locals>.chain_assign.<locals>.assign at 0x7f283fd73c70>))
During: typing of call at /home/gmarkall/numbadev/numba/numba/tests/test_dispatcher.py (1122)

During: resolving callee type: type(CPUDispatcher(<function TestNoRetryFailedSignature.test_error_count.<locals>.check.<locals>.chain_assign.<locals>.assign at 0x7f283fd73c70>))
During: typing of call at /home/gmarkall/numbadev/numba/numba/tests/test_dispatcher.py (1122)


The above exception was the direct cause of the following exception:

Traceback (most recent call last):
  File "/home/gmarkall/numbadev/numba/numba/core/typeinfer.py", line 155, in propagate
    constraint(typeinfer)
  File "/home/gmarkall/numbadev/numba/numba/core/typeinfer.py", line 578, in __call__
    self.resolve(typeinfer, typevars, fnty)
  File "/home/gmarkall/numbadev/numba/numba/core/typeinfer.py", line 601, in resolve
    sig = typeinfer.resolve_call(fnty, pos_args, kw_args)
  File "/home/gmarkall/numbadev/numba/numba/core/typeinfer.py", line 1555, in resolve_call
    return self.context.resolve_function_type(fnty, pos_args, kw_args)
  File "/home/gmarkall/numbadev/numba/numba/core/typing/context.py", line 213, in resolve_function_type
    raise last_exception
  File "/home/gmarkall/numbadev/numba/numba/core/typing/context.py", line 196, in resolve_function_type
    res = self._resolve_user_function_type(func, args, kws)
  File "/home/gmarkall/numbadev/numba/numba/core/typing/context.py", line 248, in _resolve_user_function_type
    return func.get_call_type(self, args, kws)
  File "/home/gmarkall/numbadev/numba/numba/core/types/functions.py", line 541, in get_call_type
    self.dispatcher.get_call_template(args, kws)
  File "/home/gmarkall/numbadev/numba/numba/core/dispatcher.py", line 363, in get_call_template
    self.compile(tuple(args))
  File "/home/gmarkall/numbadev/numba/numba/core/dispatcher.py", line 965, in compile
    cres = self._compiler.compile(args, return_type)
  File "/home/gmarkall/numbadev/numba/numba/core/dispatcher.py", line 129, in compile
    raise retval
  File "/home/gmarkall/numbadev/numba/numba/core/typeinfer.py", line 155, in propagate
    constraint(typeinfer)
  File "/home/gmarkall/numbadev/numba/numba/core/typeinfer.py", line 578, in __call__
    self.resolve(typeinfer, typevars, fnty)
  File "/home/gmarkall/numbadev/numba/numba/core/typeinfer.py", line 601, in resolve
    sig = typeinfer.resolve_call(fnty, pos_args, kw_args)
  File "/home/gmarkall/numbadev/numba/numba/core/typeinfer.py", line 1555, in resolve_call
    return self.context.resolve_function_type(fnty, pos_args, kw_args)
  File "/home/gmarkall/numbadev/numba/numba/core/typing/context.py", line 213, in resolve_function_type
    raise last_exception
  File "/home/gmarkall/numbadev/numba/numba/core/typing/context.py", line 196, in resolve_function_type
    res = self._resolve_user_function_type(func, args, kws)
  File "/home/gmarkall/numbadev/numba/numba/core/typing/context.py", line 248, in _resolve_user_function_type
    return func.get_call_type(self, args, kws)
  File "/home/gmarkall/numbadev/numba/numba/core/types/functions.py", line 541, in get_call_type
    self.dispatcher.get_call_template(args, kws)
  File "/home/gmarkall/numbadev/numba/numba/core/dispatcher.py", line 363, in get_call_template
    self.compile(tuple(args))
  File "/home/gmarkall/numbadev/numba/numba/core/dispatcher.py", line 965, in compile
    cres = self._compiler.compile(args, return_type)
  File "/home/gmarkall/numbadev/numba/numba/core/dispatcher.py", line 129, in compile
    raise retval
  File "/home/gmarkall/numbadev/numba/numba/core/dispatcher.py", line 139, in _compile_cached
    retval = self._compile_core(args, return_type)
  File "/home/gmarkall/numbadev/numba/numba/core/dispatcher.py", line 152, in _compile_core
    cres = compiler.compile_extra(self.targetdescr.typing_context,
  File "/home/gmarkall/numbadev/numba/numba/core/compiler.py", line 704, in compile_extra
    return pipeline.compile_extra(func)
  File "/home/gmarkall/numbadev/numba/numba/core/compiler.py", line 452, in compile_extra
    return self._compile_bytecode()
  File "/home/gmarkall/numbadev/numba/numba/core/compiler.py", line 512, in _compile_bytecode
    return self._compile_core()
  File "/home/gmarkall/numbadev/numba/numba/core/compiler.py", line 495, in _compile_core
    raise e
  File "/home/gmarkall/numbadev/numba/numba/core/compiler.py", line 485, in _compile_core
    pm.run(self.state)
  File "/home/gmarkall/numbadev/numba/numba/core/compiler_machinery.py", line 368, in run
    raise patched_exception
  File "/home/gmarkall/numbadev/numba/numba/core/compiler_machinery.py", line 356, in run
    self._runPass(idx, pass_inst, state)
  File "/home/gmarkall/numbadev/numba/numba/core/compiler_lock.py", line 35, in _acquire_compile_lock
    return func(*args, **kwargs)
  File "/home/gmarkall/numbadev/numba/numba/core/compiler_machinery.py", line 311, in _runPass
    mutated |= check(pss.run_pass, internal_state)
  File "/home/gmarkall/numbadev/numba/numba/core/compiler_machinery.py", line 273, in check
    mangled = func(compiler_state)
  File "/home/gmarkall/numbadev/numba/numba/core/typed_passes.py", line 105, in run_pass
    typemap, return_type, calltypes, errs = type_inference_stage(
  File "/home/gmarkall/numbadev/numba/numba/core/typed_passes.py", line 83, in type_inference_stage
    errs = infer.propagate(raise_errors=raise_errors)
  File "/home/gmarkall/numbadev/numba/numba/core/typeinfer.py", line 1086, in propagate
    raise errors[0]
numba.core.errors.TypingError: Failed in nopython mode pipeline (step: nopython frontend)
Failed in nopython mode pipeline (step: nopython frontend)
Invalid use of type(CPUDispatcher(<function TestNoRetryFailedSignature.test_error_count.<locals>.check.<locals>.trigger at 0x7f28409269e0>)) with parameters (int64)

During: resolving callee type: type(CPUDispatcher(<function TestNoRetryFailedSignature.test_error_count.<locals>.check.<locals>.trigger at 0x7f28409269e0>))
During: typing of call at /home/gmarkall/numbadev/numba/numba/tests/test_dispatcher.py (1123)


File "numba/tests/test_dispatcher.py", line 1123:
                def assign(out, x):
                    <source elided>
                    inner(out, x)
                    out[0] += tab_head(x)
                    ^

During: resolving callee type: type(CPUDispatcher(<function TestNoRetryFailedSignature.test_error_count.<locals>.check.<locals>.chain_assign.<locals>.assign at 0x7f283fd73c70>))
During: typing of call at /home/gmarkall/numbadev/numba/numba/tests/test_dispatcher.py (1122)

During: resolving callee type: type(CPUDispatcher(<function TestNoRetryFailedSignature.test_error_count.<locals>.check.<locals>.chain_assign.<locals>.assign at 0x7f283fd73c70>))
During: typing of call at /home/gmarkall/numbadev/numba/numba/tests/test_dispatcher.py (1122)


File "numba/tests/test_dispatcher.py", line 1122:
                def assign(out, x):
                    inner(out, x)
                    ^

During: resolving callee type: type(CPUDispatcher(<function TestNoRetryFailedSignature.test_error_count.<locals>.check.<locals>.chain_assign.<locals>.assign at 0x7f283fc767a0>))
During: typing of call at /home/gmarkall/numbadev/numba/numba/tests/test_dispatcher.py (1122)

During: resolving callee type: type(CPUDispatcher(<function TestNoRetryFailedSignature.test_error_count.<locals>.check.<locals>.chain_assign.<locals>.assign at 0x7f283fc767a0>))
During: typing of call at /home/gmarkall/numbadev/numba/numba/tests/test_dispatcher.py (1122)


The above exception was the direct cause of the following exception:

Traceback (most recent call last):
  File "/home/gmarkall/numbadev/numba/numba/core/typeinfer.py", line 155, in propagate
    constraint(typeinfer)
  File "/home/gmarkall/numbadev/numba/numba/core/typeinfer.py", line 578, in __call__
    self.resolve(typeinfer, typevars, fnty)
  File "/home/gmarkall/numbadev/numba/numba/core/typeinfer.py", line 601, in resolve
    sig = typeinfer.resolve_call(fnty, pos_args, kw_args)
  File "/home/gmarkall/numbadev/numba/numba/core/typeinfer.py", line 1555, in resolve_call
    return self.context.resolve_function_type(fnty, pos_args, kw_args)
  File "/home/gmarkall/numbadev/numba/numba/core/typing/context.py", line 213, in resolve_function_type
    raise last_exception
  File "/home/gmarkall/numbadev/numba/numba/core/typing/context.py", line 196, in resolve_function_type
    res = self._resolve_user_function_type(func, args, kws)
  File "/home/gmarkall/numbadev/numba/numba/core/typing/context.py", line 248, in _resolve_user_function_type
    return func.get_call_type(self, args, kws)
  File "/home/gmarkall/numbadev/numba/numba/core/types/functions.py", line 541, in get_call_type
    self.dispatcher.get_call_template(args, kws)
  File "/home/gmarkall/numbadev/numba/numba/core/dispatcher.py", line 363, in get_call_template
    self.compile(tuple(args))
  File "/home/gmarkall/numbadev/numba/numba/core/dispatcher.py", line 965, in compile
    cres = self._compiler.compile(args, return_type)
  File "/home/gmarkall/numbadev/numba/numba/core/dispatcher.py", line 129, in compile
    raise retval
  File "/home/gmarkall/numbadev/numba/numba/core/typeinfer.py", line 155, in propagate
    constraint(typeinfer)
  File "/home/gmarkall/numbadev/numba/numba/core/typeinfer.py", line 578, in __call__
    self.resolve(typeinfer, typevars, fnty)
  File "/home/gmarkall/numbadev/numba/numba/core/typeinfer.py", line 601, in resolve
    sig = typeinfer.resolve_call(fnty, pos_args, kw_args)
  File "/home/gmarkall/numbadev/numba/numba/core/typeinfer.py", line 1555, in resolve_call
    return self.context.resolve_function_type(fnty, pos_args, kw_args)
  File "/home/gmarkall/numbadev/numba/numba/core/typing/context.py", line 213, in resolve_function_type
    raise last_exception
  File "/home/gmarkall/numbadev/numba/numba/core/typing/context.py", line 196, in resolve_function_type
    res = self._resolve_user_function_type(func, args, kws)
  File "/home/gmarkall/numbadev/numba/numba/core/typing/context.py", line 248, in _resolve_user_function_type
    return func.get_call_type(self, args, kws)
  File "/home/gmarkall/numbadev/numba/numba/core/types/functions.py", line 541, in get_call_type
    self.dispatcher.get_call_template(args, kws)
  File "/home/gmarkall/numbadev/numba/numba/core/dispatcher.py", line 363, in get_call_template
    self.compile(tuple(args))
  File "/home/gmarkall/numbadev/numba/numba/core/dispatcher.py", line 965, in compile
    cres = self._compiler.compile(args, return_type)
  File "/home/gmarkall/numbadev/numba/numba/core/dispatcher.py", line 129, in compile
    raise retval
  File "/home/gmarkall/numbadev/numba/numba/core/dispatcher.py", line 139, in _compile_cached
    retval = self._compile_core(args, return_type)
  File "/home/gmarkall/numbadev/numba/numba/core/dispatcher.py", line 152, in _compile_core
    cres = compiler.compile_extra(self.targetdescr.typing_context,
  File "/home/gmarkall/numbadev/numba/numba/core/compiler.py", line 704, in compile_extra
    return pipeline.compile_extra(func)
  File "/home/gmarkall/numbadev/numba/numba/core/compiler.py", line 452, in compile_extra
    return self._compile_bytecode()
  File "/home/gmarkall/numbadev/numba/numba/core/compiler.py", line 512, in _compile_bytecode
    return self._compile_core()
  File "/home/gmarkall/numbadev/numba/numba/core/compiler.py", line 495, in _compile_core
    raise e
  File "/home/gmarkall/numbadev/numba/numba/core/compiler.py", line 485, in _compile_core
    pm.run(self.state)
  File "/home/gmarkall/numbadev/numba/numba/core/compiler_machinery.py", line 368, in run
    raise patched_exception
  File "/home/gmarkall/numbadev/numba/numba/core/compiler_machinery.py", line 356, in run
    self._runPass(idx, pass_inst, state)
  File "/home/gmarkall/numbadev/numba/numba/core/compiler_lock.py", line 35, in _acquire_compile_lock
    return func(*args, **kwargs)
  File "/home/gmarkall/numbadev/numba/numba/core/compiler_machinery.py", line 311, in _runPass
    mutated |= check(pss.run_pass, internal_state)
  File "/home/gmarkall/numbadev/numba/numba/core/compiler_machinery.py", line 273, in check
    mangled = func(compiler_state)
  File "/home/gmarkall/numbadev/numba/numba/core/typed_passes.py", line 105, in run_pass
    typemap, return_type, calltypes, errs = type_inference_stage(
  File "/home/gmarkall/numbadev/numba/numba/core/typed_passes.py", line 83, in type_inference_stage
    errs = infer.propagate(raise_errors=raise_errors)
  File "/home/gmarkall/numbadev/numba/numba/core/typeinfer.py", line 1086, in propagate
    raise errors[0]
numba.core.errors.TypingError: Failed in nopython mode pipeline (step: nopython frontend)
Failed in nopython mode pipeline (step: nopython frontend)
Failed in nopython mode pipeline (step: nopython frontend)
Invalid use of type(CPUDispatcher(<function TestNoRetryFailedSignature.test_error_count.<locals>.check.<locals>.trigger at 0x7f28409269e0>)) with parameters (int64)

During: resolving callee type: type(CPUDispatcher(<function TestNoRetryFailedSignature.test_error_count.<locals>.check.<locals>.trigger at 0x7f28409269e0>))
During: typing of call at /home/gmarkall/numbadev/numba/numba/tests/test_dispatcher.py (1123)


File "numba/tests/test_dispatcher.py", line 1123:
                def assign(out, x):
                    <source elided>
                    inner(out, x)
                    out[0] += tab_head(x)
                    ^

During: resolving callee type: type(CPUDispatcher(<function TestNoRetryFailedSignature.test_error_count.<locals>.check.<locals>.chain_assign.<locals>.assign at 0x7f283fd73c70>))
During: typing of call at /home/gmarkall/numbadev/numba/numba/tests/test_dispatcher.py (1122)

During: resolving callee type: type(CPUDispatcher(<function TestNoRetryFailedSignature.test_error_count.<locals>.check.<locals>.chain_assign.<locals>.assign at 0x7f283fd73c70>))
During: typing of call at /home/gmarkall/numbadev/numba/numba/tests/test_dispatcher.py (1122)


File "numba/tests/test_dispatcher.py", line 1122:
                def assign(out, x):
                    inner(out, x)
                    ^

During: resolving callee type: type(CPUDispatcher(<function TestNoRetryFailedSignature.test_error_count.<locals>.check.<locals>.chain_assign.<locals>.assign at 0x7f283fc767a0>))
During: typing of call at /home/gmarkall/numbadev/numba/numba/tests/test_dispatcher.py (1122)

During: resolving callee type: type(CPUDispatcher(<function TestNoRetryFailedSignature.test_error_count.<locals>.check.<locals>.chain_assign.<locals>.assign at 0x7f283fc767a0>))
During: typing of call at /home/gmarkall/numbadev/numba/numba/tests/test_dispatcher.py (1122)


File "numba/tests/test_dispatcher.py", line 1122:
                def assign(out, x):
                    inner(out, x)
                    ^

During: resolving callee type: type(CPUDispatcher(<function TestNoRetryFailedSignature.test_error_count.<locals>.check.<locals>.chain_assign.<locals>.assign at 0x7f283fc76b90>))
During: typing of call at /home/gmarkall/numbadev/numba/numba/tests/test_dispatcher.py (1122)

During: resolving callee type: type(CPUDispatcher(<function TestNoRetryFailedSignature.test_error_count.<locals>.check.<locals>.chain_assign.<locals>.assign at 0x7f283fc76b90>))
During: typing of call at /home/gmarkall/numbadev/numba/numba/tests/test_dispatcher.py (1122)


The above exception was the direct cause of the following exception:

Traceback (most recent call last):
  File "/home/gmarkall/numbadev/numba/numba/core/typeinfer.py", line 155, in propagate
    constraint(typeinfer)
  File "/home/gmarkall/numbadev/numba/numba/core/typeinfer.py", line 578, in __call__
    self.resolve(typeinfer, typevars, fnty)
  File "/home/gmarkall/numbadev/numba/numba/core/typeinfer.py", line 601, in resolve
    sig = typeinfer.resolve_call(fnty, pos_args, kw_args)
  File "/home/gmarkall/numbadev/numba/numba/core/typeinfer.py", line 1555, in resolve_call
    return self.context.resolve_function_type(fnty, pos_args, kw_args)
  File "/home/gmarkall/numbadev/numba/numba/core/typing/context.py", line 213, in resolve_function_type
    raise last_exception
  File "/home/gmarkall/numbadev/numba/numba/core/typing/context.py", line 196, in resolve_function_type
    res = self._resolve_user_function_type(func, args, kws)
  File "/home/gmarkall/numbadev/numba/numba/core/typing/context.py", line 248, in _resolve_user_function_type
    return func.get_call_type(self, args, kws)
  File "/home/gmarkall/numbadev/numba/numba/core/types/functions.py", line 541, in get_call_type
    self.dispatcher.get_call_template(args, kws)
  File "/home/gmarkall/numbadev/numba/numba/core/dispatcher.py", line 363, in get_call_template
    self.compile(tuple(args))
  File "/home/gmarkall/numbadev/numba/numba/core/dispatcher.py", line 965, in compile
    cres = self._compiler.compile(args, return_type)
  File "/home/gmarkall/numbadev/numba/numba/core/dispatcher.py", line 129, in compile
    raise retval
  File "/home/gmarkall/numbadev/numba/numba/core/typeinfer.py", line 155, in propagate
    constraint(typeinfer)
  File "/home/gmarkall/numbadev/numba/numba/core/typeinfer.py", line 578, in __call__
    self.resolve(typeinfer, typevars, fnty)
  File "/home/gmarkall/numbadev/numba/numba/core/typeinfer.py", line 601, in resolve
    sig = typeinfer.resolve_call(fnty, pos_args, kw_args)
  File "/home/gmarkall/numbadev/numba/numba/core/typeinfer.py", line 1555, in resolve_call
    return self.context.resolve_function_type(fnty, pos_args, kw_args)
  File "/home/gmarkall/numbadev/numba/numba/core/typing/context.py", line 213, in resolve_function_type
    raise last_exception
  File "/home/gmarkall/numbadev/numba/numba/core/typing/context.py", line 196, in resolve_function_type
    res = self._resolve_user_function_type(func, args, kws)
  File "/home/gmarkall/numbadev/numba/numba/core/typing/context.py", line 248, in _resolve_user_function_type
    return func.get_call_type(self, args, kws)
  File "/home/gmarkall/numbadev/numba/numba/core/types/functions.py", line 541, in get_call_type
    self.dispatcher.get_call_template(args, kws)
  File "/home/gmarkall/numbadev/numba/numba/core/dispatcher.py", line 363, in get_call_template
    self.compile(tuple(args))
  File "/home/gmarkall/numbadev/numba/numba/core/dispatcher.py", line 965, in compile
    cres = self._compiler.compile(args, return_type)
  File "/home/gmarkall/numbadev/numba/numba/core/dispatcher.py", line 129, in compile
    raise retval
  File "/home/gmarkall/numbadev/numba/numba/core/dispatcher.py", line 139, in _compile_cached
    retval = self._compile_core(args, return_type)
  File "/home/gmarkall/numbadev/numba/numba/core/dispatcher.py", line 152, in _compile_core
    cres = compiler.compile_extra(self.targetdescr.typing_context,
  File "/home/gmarkall/numbadev/numba/numba/core/compiler.py", line 704, in compile_extra
    return pipeline.compile_extra(func)
  File "/home/gmarkall/numbadev/numba/numba/core/compiler.py", line 452, in compile_extra
    return self._compile_bytecode()
  File "/home/gmarkall/numbadev/numba/numba/core/compiler.py", line 512, in _compile_bytecode
    return self._compile_core()
  File "/home/gmarkall/numbadev/numba/numba/core/compiler.py", line 495, in _compile_core
    raise e
  File "/home/gmarkall/numbadev/numba/numba/core/compiler.py", line 485, in _compile_core
    pm.run(self.state)
  File "/home/gmarkall/numbadev/numba/numba/core/compiler_machinery.py", line 368, in run
    raise patched_exception
  File "/home/gmarkall/numbadev/numba/numba/core/compiler_machinery.py", line 356, in run
    self._runPass(idx, pass_inst, state)
  File "/home/gmarkall/numbadev/numba/numba/core/compiler_lock.py", line 35, in _acquire_compile_lock
    return func(*args, **kwargs)
  File "/home/gmarkall/numbadev/numba/numba/core/compiler_machinery.py", line 311, in _runPass
    mutated |= check(pss.run_pass, internal_state)
  File "/home/gmarkall/numbadev/numba/numba/core/compiler_machinery.py", line 273, in check
    mangled = func(compiler_state)
  File "/home/gmarkall/numbadev/numba/numba/core/typed_passes.py", line 105, in run_pass
    typemap, return_type, calltypes, errs = type_inference_stage(
  File "/home/gmarkall/numbadev/numba/numba/core/typed_passes.py", line 83, in type_inference_stage
    errs = infer.propagate(raise_errors=raise_errors)
  File "/home/gmarkall/numbadev/numba/numba/core/typeinfer.py", line 1086, in propagate
    raise errors[0]
numba.core.errors.TypingError: Failed in nopython mode pipeline (step: nopython frontend)
Failed in nopython mode pipeline (step: nopython frontend)
Failed in nopython mode pipeline (step: nopython frontend)
Failed in nopython mode pipeline (step: nopython frontend)
Invalid use of type(CPUDispatcher(<function TestNoRetryFailedSignature.test_error_count.<locals>.check.<locals>.trigger at 0x7f28409269e0>)) with parameters (int64)

During: resolving callee type: type(CPUDispatcher(<function TestNoRetryFailedSignature.test_error_count.<locals>.check.<locals>.trigger at 0x7f28409269e0>))
During: typing of call at /home/gmarkall/numbadev/numba/numba/tests/test_dispatcher.py (1123)


File "numba/tests/test_dispatcher.py", line 1123:
                def assign(out, x):
                    <source elided>
                    inner(out, x)
                    out[0] += tab_head(x)
                    ^

During: resolving callee type: type(CPUDispatcher(<function TestNoRetryFailedSignature.test_error_count.<locals>.check.<locals>.chain_assign.<locals>.assign at 0x7f283fd73c70>))
During: typing of call at /home/gmarkall/numbadev/numba/numba/tests/test_dispatcher.py (1122)

During: resolving callee type: type(CPUDispatcher(<function TestNoRetryFailedSignature.test_error_count.<locals>.check.<locals>.chain_assign.<locals>.assign at 0x7f283fd73c70>))
During: typing of call at /home/gmarkall/numbadev/numba/numba/tests/test_dispatcher.py (1122)


File "numba/tests/test_dispatcher.py", line 1122:
                def assign(out, x):
                    inner(out, x)
                    ^

During: resolving callee type: type(CPUDispatcher(<function TestNoRetryFailedSignature.test_error_count.<locals>.check.<locals>.chain_assign.<locals>.assign at 0x7f283fc767a0>))
During: typing of call at /home/gmarkall/numbadev/numba/numba/tests/test_dispatcher.py (1122)

During: resolving callee type: type(CPUDispatcher(<function TestNoRetryFailedSignature.test_error_count.<locals>.check.<locals>.chain_assign.<locals>.assign at 0x7f283fc767a0>))
During: typing of call at /home/gmarkall/numbadev/numba/numba/tests/test_dispatcher.py (1122)


File "numba/tests/test_dispatcher.py", line 1122:
                def assign(out, x):
                    inner(out, x)
                    ^

During: resolving callee type: type(CPUDispatcher(<function TestNoRetryFailedSignature.test_error_count.<locals>.check.<locals>.chain_assign.<locals>.assign at 0x7f283fc76b90>))
During: typing of call at /home/gmarkall/numbadev/numba/numba/tests/test_dispatcher.py (1122)

During: resolving callee type: type(CPUDispatcher(<function TestNoRetryFailedSignature.test_error_count.<locals>.check.<locals>.chain_assign.<locals>.assign at 0x7f283fc76b90>))
During: typing of call at /home/gmarkall/numbadev/numba/numba/tests/test_dispatcher.py (1122)


File "numba/tests/test_dispatcher.py", line 1122:
                def assign(out, x):
                    inner(out, x)
                    ^

During: resolving callee type: type(CPUDispatcher(<function TestNoRetryFailedSignature.test_error_count.<locals>.check.<locals>.chain_assign.<locals>.assign at 0x7f288168c3a0>))
During: typing of call at /home/gmarkall/numbadev/numba/numba/tests/test_dispatcher.py (1122)

During: resolving callee type: type(CPUDispatcher(<function TestNoRetryFailedSignature.test_error_count.<locals>.check.<locals>.chain_assign.<locals>.assign at 0x7f288168c3a0>))
During: typing of call at /home/gmarkall/numbadev/numba/numba/tests/test_dispatcher.py (1122)


The above exception was the direct cause of the following exception:

Traceback (most recent call last):
  File "/home/gmarkall/numbadev/numba/numba/core/typeinfer.py", line 155, in propagate
    constraint(typeinfer)
  File "/home/gmarkall/numbadev/numba/numba/core/typeinfer.py", line 578, in __call__
    self.resolve(typeinfer, typevars, fnty)
  File "/home/gmarkall/numbadev/numba/numba/core/typeinfer.py", line 601, in resolve
    sig = typeinfer.resolve_call(fnty, pos_args, kw_args)
  File "/home/gmarkall/numbadev/numba/numba/core/typeinfer.py", line 1555, in resolve_call
    return self.context.resolve_function_type(fnty, pos_args, kw_args)
  File "/home/gmarkall/numbadev/numba/numba/core/typing/context.py", line 213, in resolve_function_type
    raise last_exception
  File "/home/gmarkall/numbadev/numba/numba/core/typing/context.py", line 196, in resolve_function_type
    res = self._resolve_user_function_type(func, args, kws)
  File "/home/gmarkall/numbadev/numba/numba/core/typing/context.py", line 248, in _resolve_user_function_type
    return func.get_call_type(self, args, kws)
  File "/home/gmarkall/numbadev/numba/numba/core/types/functions.py", line 541, in get_call_type
    self.dispatcher.get_call_template(args, kws)
  File "/home/gmarkall/numbadev/numba/numba/core/dispatcher.py", line 363, in get_call_template
    self.compile(tuple(args))
  File "/home/gmarkall/numbadev/numba/numba/core/dispatcher.py", line 965, in compile
    cres = self._compiler.compile(args, return_type)
  File "/home/gmarkall/numbadev/numba/numba/core/dispatcher.py", line 129, in compile
    raise retval
  File "/home/gmarkall/numbadev/numba/numba/core/typeinfer.py", line 155, in propagate
    constraint(typeinfer)
  File "/home/gmarkall/numbadev/numba/numba/core/typeinfer.py", line 578, in __call__
    self.resolve(typeinfer, typevars, fnty)
  File "/home/gmarkall/numbadev/numba/numba/core/typeinfer.py", line 601, in resolve
    sig = typeinfer.resolve_call(fnty, pos_args, kw_args)
  File "/home/gmarkall/numbadev/numba/numba/core/typeinfer.py", line 1555, in resolve_call
    return self.context.resolve_function_type(fnty, pos_args, kw_args)
  File "/home/gmarkall/numbadev/numba/numba/core/typing/context.py", line 213, in resolve_function_type
    raise last_exception
  File "/home/gmarkall/numbadev/numba/numba/core/typing/context.py", line 196, in resolve_function_type
    res = self._resolve_user_function_type(func, args, kws)
  File "/home/gmarkall/numbadev/numba/numba/core/typing/context.py", line 248, in _resolve_user_function_type
    return func.get_call_type(self, args, kws)
  File "/home/gmarkall/numbadev/numba/numba/core/types/functions.py", line 541, in get_call_type
    self.dispatcher.get_call_template(args, kws)
  File "/home/gmarkall/numbadev/numba/numba/core/dispatcher.py", line 363, in get_call_template
    self.compile(tuple(args))
  File "/home/gmarkall/numbadev/numba/numba/core/dispatcher.py", line 965, in compile
    cres = self._compiler.compile(args, return_type)
  File "/home/gmarkall/numbadev/numba/numba/core/dispatcher.py", line 129, in compile
    raise retval
  File "/home/gmarkall/numbadev/numba/numba/core/dispatcher.py", line 139, in _compile_cached
    retval = self._compile_core(args, return_type)
  File "/home/gmarkall/numbadev/numba/numba/core/dispatcher.py", line 152, in _compile_core
    cres = compiler.compile_extra(self.targetdescr.typing_context,
  File "/home/gmarkall/numbadev/numba/numba/core/compiler.py", line 704, in compile_extra
    return pipeline.compile_extra(func)
  File "/home/gmarkall/numbadev/numba/numba/core/compiler.py", line 452, in compile_extra
    return self._compile_bytecode()
  File "/home/gmarkall/numbadev/numba/numba/core/compiler.py", line 512, in _compile_bytecode
    return self._compile_core()
  File "/home/gmarkall/numbadev/numba/numba/core/compiler.py", line 495, in _compile_core
    raise e
  File "/home/gmarkall/numbadev/numba/numba/core/compiler.py", line 485, in _compile_core
    pm.run(self.state)
  File "/home/gmarkall/numbadev/numba/numba/core/compiler_machinery.py", line 368, in run
    raise patched_exception
  File "/home/gmarkall/numbadev/numba/numba/core/compiler_machinery.py", line 356, in run
    self._runPass(idx, pass_inst, state)
  File "/home/gmarkall/numbadev/numba/numba/core/compiler_lock.py", line 35, in _acquire_compile_lock
    return func(*args, **kwargs)
  File "/home/gmarkall/numbadev/numba/numba/core/compiler_machinery.py", line 311, in _runPass
    mutated |= check(pss.run_pass, internal_state)
  File "/home/gmarkall/numbadev/numba/numba/core/compiler_machinery.py", line 273, in check
    mangled = func(compiler_state)
  File "/home/gmarkall/numbadev/numba/numba/core/typed_passes.py", line 105, in run_pass
    typemap, return_type, calltypes, errs = type_inference_stage(
  File "/home/gmarkall/numbadev/numba/numba/core/typed_passes.py", line 83, in type_inference_stage
    errs = infer.propagate(raise_errors=raise_errors)
  File "/home/gmarkall/numbadev/numba/numba/core/typeinfer.py", line 1086, in propagate
    raise errors[0]
numba.core.errors.TypingError: Failed in nopython mode pipeline (step: nopython frontend)
Failed in nopython mode pipeline (step: nopython frontend)
Failed in nopython mode pipeline (step: nopython frontend)
Failed in nopython mode pipeline (step: nopython frontend)
Failed in nopython mode pipeline (step: nopython frontend)
Invalid use of type(CPUDispatcher(<function TestNoRetryFailedSignature.test_error_count.<locals>.check.<locals>.trigger at 0x7f28409269e0>)) with parameters (int64)

During: resolving callee type: type(CPUDispatcher(<function TestNoRetryFailedSignature.test_error_count.<locals>.check.<locals>.trigger at 0x7f28409269e0>))
During: typing of call at /home/gmarkall/numbadev/numba/numba/tests/test_dispatcher.py (1123)


File "numba/tests/test_dispatcher.py", line 1123:
                def assign(out, x):
                    <source elided>
                    inner(out, x)
                    out[0] += tab_head(x)
                    ^

During: resolving callee type: type(CPUDispatcher(<function TestNoRetryFailedSignature.test_error_count.<locals>.check.<locals>.chain_assign.<locals>.assign at 0x7f283fd73c70>))
During: typing of call at /home/gmarkall/numbadev/numba/numba/tests/test_dispatcher.py (1122)

During: resolving callee type: type(CPUDispatcher(<function TestNoRetryFailedSignature.test_error_count.<locals>.check.<locals>.chain_assign.<locals>.assign at 0x7f283fd73c70>))
During: typing of call at /home/gmarkall/numbadev/numba/numba/tests/test_dispatcher.py (1122)


File "numba/tests/test_dispatcher.py", line 1122:
                def assign(out, x):
                    inner(out, x)
                    ^

During: resolving callee type: type(CPUDispatcher(<function TestNoRetryFailedSignature.test_error_count.<locals>.check.<locals>.chain_assign.<locals>.assign at 0x7f283fc767a0>))
During: typing of call at /home/gmarkall/numbadev/numba/numba/tests/test_dispatcher.py (1122)

During: resolving callee type: type(CPUDispatcher(<function TestNoRetryFailedSignature.test_error_count.<locals>.check.<locals>.chain_assign.<locals>.assign at 0x7f283fc767a0>))
During: typing of call at /home/gmarkall/numbadev/numba/numba/tests/test_dispatcher.py (1122)


File "numba/tests/test_dispatcher.py", line 1122:
                def assign(out, x):
                    inner(out, x)
                    ^

During: resolving callee type: type(CPUDispatcher(<function TestNoRetryFailedSignature.test_error_count.<locals>.check.<locals>.chain_assign.<locals>.assign at 0x7f283fc76b90>))
During: typing of call at /home/gmarkall/numbadev/numba/numba/tests/test_dispatcher.py (1122)

During: resolving callee type: type(CPUDispatcher(<function TestNoRetryFailedSignature.test_error_count.<locals>.check.<locals>.chain_assign.<locals>.assign at 0x7f283fc76b90>))
During: typing of call at /home/gmarkall/numbadev/numba/numba/tests/test_dispatcher.py (1122)


File "numba/tests/test_dispatcher.py", line 1122:
                def assign(out, x):
                    inner(out, x)
                    ^

During: resolving callee type: type(CPUDispatcher(<function TestNoRetryFailedSignature.test_error_count.<locals>.check.<locals>.chain_assign.<locals>.assign at 0x7f288168c3a0>))
During: typing of call at /home/gmarkall/numbadev/numba/numba/tests/test_dispatcher.py (1122)

During: resolving callee type: type(CPUDispatcher(<function TestNoRetryFailedSignature.test_error_count.<locals>.check.<locals>.chain_assign.<locals>.assign at 0x7f288168c3a0>))
During: typing of call at /home/gmarkall/numbadev/numba/numba/tests/test_dispatcher.py (1122)


File "numba/tests/test_dispatcher.py", line 1122:
                def assign(out, x):
                    inner(out, x)
                    ^

During: resolving callee type: type(CPUDispatcher(<function TestNoRetryFailedSignature.test_error_count.<locals>.check.<locals>.chain_assign.<locals>.assign at 0x7f288168c550>))
During: typing of call at /home/gmarkall/numbadev/numba/numba/tests/test_dispatcher.py (1122)

During: resolving callee type: type(CPUDispatcher(<function TestNoRetryFailedSignature.test_error_count.<locals>.check.<locals>.chain_assign.<locals>.assign at 0x7f288168c550>))
During: typing of call at /home/gmarkall/numbadev/numba/numba/tests/test_dispatcher.py (1122)


The above exception was the direct cause of the following exception:

Traceback (most recent call last):
  File "/home/gmarkall/numbadev/numba/numba/core/typeinfer.py", line 155, in propagate
    constraint(typeinfer)
  File "/home/gmarkall/numbadev/numba/numba/core/typeinfer.py", line 578, in __call__
    self.resolve(typeinfer, typevars, fnty)
  File "/home/gmarkall/numbadev/numba/numba/core/typeinfer.py", line 601, in resolve
    sig = typeinfer.resolve_call(fnty, pos_args, kw_args)
  File "/home/gmarkall/numbadev/numba/numba/core/typeinfer.py", line 1555, in resolve_call
    return self.context.resolve_function_type(fnty, pos_args, kw_args)
  File "/home/gmarkall/numbadev/numba/numba/core/typing/context.py", line 213, in resolve_function_type
    raise last_exception
  File "/home/gmarkall/numbadev/numba/numba/core/typing/context.py", line 196, in resolve_function_type
    res = self._resolve_user_function_type(func, args, kws)
  File "/home/gmarkall/numbadev/numba/numba/core/typing/context.py", line 248, in _resolve_user_function_type
    return func.get_call_type(self, args, kws)
  File "/home/gmarkall/numbadev/numba/numba/core/types/functions.py", line 541, in get_call_type
    self.dispatcher.get_call_template(args, kws)
  File "/home/gmarkall/numbadev/numba/numba/core/dispatcher.py", line 363, in get_call_template
    self.compile(tuple(args))
  File "/home/gmarkall/numbadev/numba/numba/core/dispatcher.py", line 965, in compile
    cres = self._compiler.compile(args, return_type)
  File "/home/gmarkall/numbadev/numba/numba/core/dispatcher.py", line 129, in compile
    raise retval
  File "/home/gmarkall/numbadev/numba/numba/core/typeinfer.py", line 155, in propagate
    constraint(typeinfer)
  File "/home/gmarkall/numbadev/numba/numba/core/typeinfer.py", line 578, in __call__
    self.resolve(typeinfer, typevars, fnty)
  File "/home/gmarkall/numbadev/numba/numba/core/typeinfer.py", line 601, in resolve
    sig = typeinfer.resolve_call(fnty, pos_args, kw_args)
  File "/home/gmarkall/numbadev/numba/numba/core/typeinfer.py", line 1555, in resolve_call
    return self.context.resolve_function_type(fnty, pos_args, kw_args)
  File "/home/gmarkall/numbadev/numba/numba/core/typing/context.py", line 213, in resolve_function_type
    raise last_exception
  File "/home/gmarkall/numbadev/numba/numba/core/typing/context.py", line 196, in resolve_function_type
    res = self._resolve_user_function_type(func, args, kws)
  File "/home/gmarkall/numbadev/numba/numba/core/typing/context.py", line 248, in _resolve_user_function_type
    return func.get_call_type(self, args, kws)
  File "/home/gmarkall/numbadev/numba/numba/core/types/functions.py", line 541, in get_call_type
    self.dispatcher.get_call_template(args, kws)
  File "/home/gmarkall/numbadev/numba/numba/core/dispatcher.py", line 363, in get_call_template
    self.compile(tuple(args))
  File "/home/gmarkall/numbadev/numba/numba/core/dispatcher.py", line 965, in compile
    cres = self._compiler.compile(args, return_type)
  File "/home/gmarkall/numbadev/numba/numba/core/dispatcher.py", line 129, in compile
    raise retval
  File "/home/gmarkall/numbadev/numba/numba/core/dispatcher.py", line 139, in _compile_cached
    retval = self._compile_core(args, return_type)
  File "/home/gmarkall/numbadev/numba/numba/core/dispatcher.py", line 152, in _compile_core
    cres = compiler.compile_extra(self.targetdescr.typing_context,
  File "/home/gmarkall/numbadev/numba/numba/core/compiler.py", line 704, in compile_extra
    return pipeline.compile_extra(func)
  File "/home/gmarkall/numbadev/numba/numba/core/compiler.py", line 452, in compile_extra
    return self._compile_bytecode()
  File "/home/gmarkall/numbadev/numba/numba/core/compiler.py", line 512, in _compile_bytecode
    return self._compile_core()
  File "/home/gmarkall/numbadev/numba/numba/core/compiler.py", line 495, in _compile_core
    raise e
  File "/home/gmarkall/numbadev/numba/numba/core/compiler.py", line 485, in _compile_core
    pm.run(self.state)
  File "/home/gmarkall/numbadev/numba/numba/core/compiler_machinery.py", line 368, in run
    raise patched_exception
  File "/home/gmarkall/numbadev/numba/numba/core/compiler_machinery.py", line 356, in run
    self._runPass(idx, pass_inst, state)
  File "/home/gmarkall/numbadev/numba/numba/core/compiler_lock.py", line 35, in _acquire_compile_lock
    return func(*args, **kwargs)
  File "/home/gmarkall/numbadev/numba/numba/core/compiler_machinery.py", line 311, in _runPass
    mutated |= check(pss.run_pass, internal_state)
  File "/home/gmarkall/numbadev/numba/numba/core/compiler_machinery.py", line 273, in check
    mangled = func(compiler_state)
  File "/home/gmarkall/numbadev/numba/numba/core/typed_passes.py", line 105, in run_pass
    typemap, return_type, calltypes, errs = type_inference_stage(
  File "/home/gmarkall/numbadev/numba/numba/core/typed_passes.py", line 83, in type_inference_stage
    errs = infer.propagate(raise_errors=raise_errors)
  File "/home/gmarkall/numbadev/numba/numba/core/typeinfer.py", line 1086, in propagate
    raise errors[0]
numba.core.errors.TypingError: Failed in nopython mode pipeline (step: nopython frontend)
Failed in nopython mode pipeline (step: nopython frontend)
Failed in nopython mode pipeline (step: nopython frontend)
Failed in nopython mode pipeline (step: nopython frontend)
Failed in nopython mode pipeline (step: nopython frontend)
Failed in nopython mode pipeline (step: nopython frontend)
Invalid use of type(CPUDispatcher(<function TestNoRetryFailedSignature.test_error_count.<locals>.check.<locals>.trigger at 0x7f28409269e0>)) with parameters (int64)

During: resolving callee type: type(CPUDispatcher(<function TestNoRetryFailedSignature.test_error_count.<locals>.check.<locals>.trigger at 0x7f28409269e0>))
During: typing of call at /home/gmarkall/numbadev/numba/numba/tests/test_dispatcher.py (1123)


File "numba/tests/test_dispatcher.py", line 1123:
                def assign(out, x):
                    <source elided>
                    inner(out, x)
                    out[0] += tab_head(x)
                    ^

During: resolving callee type: type(CPUDispatcher(<function TestNoRetryFailedSignature.test_error_count.<locals>.check.<locals>.chain_assign.<locals>.assign at 0x7f283fd73c70>))
During: typing of call at /home/gmarkall/numbadev/numba/numba/tests/test_dispatcher.py (1122)

During: resolving callee type: type(CPUDispatcher(<function TestNoRetryFailedSignature.test_error_count.<locals>.check.<locals>.chain_assign.<locals>.assign at 0x7f283fd73c70>))
During: typing of call at /home/gmarkall/numbadev/numba/numba/tests/test_dispatcher.py (1122)


File "numba/tests/test_dispatcher.py", line 1122:
                def assign(out, x):
                    inner(out, x)
                    ^

During: resolving callee type: type(CPUDispatcher(<function TestNoRetryFailedSignature.test_error_count.<locals>.check.<locals>.chain_assign.<locals>.assign at 0x7f283fc767a0>))
During: typing of call at /home/gmarkall/numbadev/numba/numba/tests/test_dispatcher.py (1122)

During: resolving callee type: type(CPUDispatcher(<function TestNoRetryFailedSignature.test_error_count.<locals>.check.<locals>.chain_assign.<locals>.assign at 0x7f283fc767a0>))
During: typing of call at /home/gmarkall/numbadev/numba/numba/tests/test_dispatcher.py (1122)


File "numba/tests/test_dispatcher.py", line 1122:
                def assign(out, x):
                    inner(out, x)
                    ^

During: resolving callee type: type(CPUDispatcher(<function TestNoRetryFailedSignature.test_error_count.<locals>.check.<locals>.chain_assign.<locals>.assign at 0x7f283fc76b90>))
During: typing of call at /home/gmarkall/numbadev/numba/numba/tests/test_dispatcher.py (1122)

During: resolving callee type: type(CPUDispatcher(<function TestNoRetryFailedSignature.test_error_count.<locals>.check.<locals>.chain_assign.<locals>.assign at 0x7f283fc76b90>))
During: typing of call at /home/gmarkall/numbadev/numba/numba/tests/test_dispatcher.py (1122)


File "numba/tests/test_dispatcher.py", line 1122:
                def assign(out, x):
                    inner(out, x)
                    ^

During: resolving callee type: type(CPUDispatcher(<function TestNoRetryFailedSignature.test_error_count.<locals>.check.<locals>.chain_assign.<locals>.assign at 0x7f288168c3a0>))
During: typing of call at /home/gmarkall/numbadev/numba/numba/tests/test_dispatcher.py (1122)

During: resolving callee type: type(CPUDispatcher(<function TestNoRetryFailedSignature.test_error_count.<locals>.check.<locals>.chain_assign.<locals>.assign at 0x7f288168c3a0>))
During: typing of call at /home/gmarkall/numbadev/numba/numba/tests/test_dispatcher.py (1122)


File "numba/tests/test_dispatcher.py", line 1122:
                def assign(out, x):
                    inner(out, x)
                    ^

During: resolving callee type: type(CPUDispatcher(<function TestNoRetryFailedSignature.test_error_count.<locals>.check.<locals>.chain_assign.<locals>.assign at 0x7f288168c550>))
During: typing of call at /home/gmarkall/numbadev/numba/numba/tests/test_dispatcher.py (1122)

During: resolving callee type: type(CPUDispatcher(<function TestNoRetryFailedSignature.test_error_count.<locals>.check.<locals>.chain_assign.<locals>.assign at 0x7f288168c550>))
During: typing of call at /home/gmarkall/numbadev/numba/numba/tests/test_dispatcher.py (1122)


File "numba/tests/test_dispatcher.py", line 1122:
                def assign(out, x):
                    inner(out, x)
                    ^

During: resolving callee type: type(CPUDispatcher(<function TestNoRetryFailedSignature.test_error_count.<locals>.check.<locals>.chain_assign.<locals>.assign at 0x7f288168d000>))
During: typing of call at /home/gmarkall/numbadev/numba/numba/tests/test_dispatcher.py (1122)

During: resolving callee type: type(CPUDispatcher(<function TestNoRetryFailedSignature.test_error_count.<locals>.check.<locals>.chain_assign.<locals>.assign at 0x7f288168d000>))
During: typing of call at /home/gmarkall/numbadev/numba/numba/tests/test_dispatcher.py (1122)


The above exception was the direct cause of the following exception:

Traceback (most recent call last):
  File "/home/gmarkall/numbadev/numba/numba/core/typeinfer.py", line 155, in propagate
    constraint(typeinfer)
  File "/home/gmarkall/numbadev/numba/numba/core/typeinfer.py", line 578, in __call__
    self.resolve(typeinfer, typevars, fnty)
  File "/home/gmarkall/numbadev/numba/numba/core/typeinfer.py", line 601, in resolve
    sig = typeinfer.resolve_call(fnty, pos_args, kw_args)
  File "/home/gmarkall/numbadev/numba/numba/core/typeinfer.py", line 1555, in resolve_call
    return self.context.resolve_function_type(fnty, pos_args, kw_args)
  File "/home/gmarkall/numbadev/numba/numba/core/typing/context.py", line 213, in resolve_function_type
    raise last_exception
  File "/home/gmarkall/numbadev/numba/numba/core/typing/context.py", line 196, in resolve_function_type
    res = self._resolve_user_function_type(func, args, kws)
  File "/home/gmarkall/numbadev/numba/numba/core/typing/context.py", line 248, in _resolve_user_function_type
    return func.get_call_type(self, args, kws)
  File "/home/gmarkall/numbadev/numba/numba/core/types/functions.py", line 541, in get_call_type
    self.dispatcher.get_call_template(args, kws)
  File "/home/gmarkall/numbadev/numba/numba/core/dispatcher.py", line 363, in get_call_template
    self.compile(tuple(args))
  File "/home/gmarkall/numbadev/numba/numba/core/dispatcher.py", line 965, in compile
    cres = self._compiler.compile(args, return_type)
  File "/home/gmarkall/numbadev/numba/numba/core/dispatcher.py", line 129, in compile
    raise retval
  File "/home/gmarkall/numbadev/numba/numba/core/typeinfer.py", line 155, in propagate
    constraint(typeinfer)
  File "/home/gmarkall/numbadev/numba/numba/core/typeinfer.py", line 578, in __call__
    self.resolve(typeinfer, typevars, fnty)
  File "/home/gmarkall/numbadev/numba/numba/core/typeinfer.py", line 601, in resolve
    sig = typeinfer.resolve_call(fnty, pos_args, kw_args)
  File "/home/gmarkall/numbadev/numba/numba/core/typeinfer.py", line 1555, in resolve_call
    return self.context.resolve_function_type(fnty, pos_args, kw_args)
  File "/home/gmarkall/numbadev/numba/numba/core/typing/context.py", line 213, in resolve_function_type
    raise last_exception
  File "/home/gmarkall/numbadev/numba/numba/core/typing/context.py", line 196, in resolve_function_type
    res = self._resolve_user_function_type(func, args, kws)
  File "/home/gmarkall/numbadev/numba/numba/core/typing/context.py", line 248, in _resolve_user_function_type
    return func.get_call_type(self, args, kws)
  File "/home/gmarkall/numbadev/numba/numba/core/types/functions.py", line 541, in get_call_type
    self.dispatcher.get_call_template(args, kws)
  File "/home/gmarkall/numbadev/numba/numba/core/dispatcher.py", line 363, in get_call_template
    self.compile(tuple(args))
  File "/home/gmarkall/numbadev/numba/numba/core/dispatcher.py", line 965, in compile
    cres = self._compiler.compile(args, return_type)
  File "/home/gmarkall/numbadev/numba/numba/core/dispatcher.py", line 129, in compile
    raise retval
  File "/home/gmarkall/numbadev/numba/numba/core/dispatcher.py", line 139, in _compile_cached
    retval = self._compile_core(args, return_type)
  File "/home/gmarkall/numbadev/numba/numba/core/dispatcher.py", line 152, in _compile_core
    cres = compiler.compile_extra(self.targetdescr.typing_context,
  File "/home/gmarkall/numbadev/numba/numba/core/compiler.py", line 704, in compile_extra
    return pipeline.compile_extra(func)
  File "/home/gmarkall/numbadev/numba/numba/core/compiler.py", line 452, in compile_extra
    return self._compile_bytecode()
  File "/home/gmarkall/numbadev/numba/numba/core/compiler.py", line 512, in _compile_bytecode
    return self._compile_core()
  File "/home/gmarkall/numbadev/numba/numba/core/compiler.py", line 495, in _compile_core
    raise e
  File "/home/gmarkall/numbadev/numba/numba/core/compiler.py", line 485, in _compile_core
    pm.run(self.state)
  File "/home/gmarkall/numbadev/numba/numba/core/compiler_machinery.py", line 368, in run
    raise patched_exception
  File "/home/gmarkall/numbadev/numba/numba/core/compiler_machinery.py", line 356, in run
    self._runPass(idx, pass_inst, state)
  File "/home/gmarkall/numbadev/numba/numba/core/compiler_lock.py", line 35, in _acquire_compile_lock
    return func(*args, **kwargs)
  File "/home/gmarkall/numbadev/numba/numba/core/compiler_machinery.py", line 311, in _runPass
    mutated |= check(pss.run_pass, internal_state)
  File "/home/gmarkall/numbadev/numba/numba/core/compiler_machinery.py", line 273, in check
    mangled = func(compiler_state)
  File "/home/gmarkall/numbadev/numba/numba/core/typed_passes.py", line 105, in run_pass
    typemap, return_type, calltypes, errs = type_inference_stage(
  File "/home/gmarkall/numbadev/numba/numba/core/typed_passes.py", line 83, in type_inference_stage
    errs = infer.propagate(raise_errors=raise_errors)
  File "/home/gmarkall/numbadev/numba/numba/core/typeinfer.py", line 1086, in propagate
    raise errors[0]
numba.core.errors.TypingError: Failed in nopython mode pipeline (step: nopython frontend)
Failed in nopython mode pipeline (step: nopython frontend)
Failed in nopython mode pipeline (step: nopython frontend)
Failed in nopython mode pipeline (step: nopython frontend)
Failed in nopython mode pipeline (step: nopython frontend)
Failed in nopython mode pipeline (step: nopython frontend)
Failed in nopython mode pipeline (step: nopython frontend)
Invalid use of type(CPUDispatcher(<function TestNoRetryFailedSignature.test_error_count.<locals>.check.<locals>.trigger at 0x7f28409269e0>)) with parameters (int64)

During: resolving callee type: type(CPUDispatcher(<function TestNoRetryFailedSignature.test_error_count.<locals>.check.<locals>.trigger at 0x7f28409269e0>))
During: typing of call at /home/gmarkall/numbadev/numba/numba/tests/test_dispatcher.py (1123)


File "numba/tests/test_dispatcher.py", line 1123:
                def assign(out, x):
                    <source elided>
                    inner(out, x)
                    out[0] += tab_head(x)
                    ^

During: resolving callee type: type(CPUDispatcher(<function TestNoRetryFailedSignature.test_error_count.<locals>.check.<locals>.chain_assign.<locals>.assign at 0x7f283fd73c70>))
During: typing of call at /home/gmarkall/numbadev/numba/numba/tests/test_dispatcher.py (1122)

During: resolving callee type: type(CPUDispatcher(<function TestNoRetryFailedSignature.test_error_count.<locals>.check.<locals>.chain_assign.<locals>.assign at 0x7f283fd73c70>))
During: typing of call at /home/gmarkall/numbadev/numba/numba/tests/test_dispatcher.py (1122)


File "numba/tests/test_dispatcher.py", line 1122:
                def assign(out, x):
                    inner(out, x)
                    ^

During: resolving callee type: type(CPUDispatcher(<function TestNoRetryFailedSignature.test_error_count.<locals>.check.<locals>.chain_assign.<locals>.assign at 0x7f283fc767a0>))
During: typing of call at /home/gmarkall/numbadev/numba/numba/tests/test_dispatcher.py (1122)

During: resolving callee type: type(CPUDispatcher(<function TestNoRetryFailedSignature.test_error_count.<locals>.check.<locals>.chain_assign.<locals>.assign at 0x7f283fc767a0>))
During: typing of call at /home/gmarkall/numbadev/numba/numba/tests/test_dispatcher.py (1122)


File "numba/tests/test_dispatcher.py", line 1122:
                def assign(out, x):
                    inner(out, x)
                    ^

During: resolving callee type: type(CPUDispatcher(<function TestNoRetryFailedSignature.test_error_count.<locals>.check.<locals>.chain_assign.<locals>.assign at 0x7f283fc76b90>))
During: typing of call at /home/gmarkall/numbadev/numba/numba/tests/test_dispatcher.py (1122)

During: resolving callee type: type(CPUDispatcher(<function TestNoRetryFailedSignature.test_error_count.<locals>.check.<locals>.chain_assign.<locals>.assign at 0x7f283fc76b90>))
During: typing of call at /home/gmarkall/numbadev/numba/numba/tests/test_dispatcher.py (1122)


File "numba/tests/test_dispatcher.py", line 1122:
                def assign(out, x):
                    inner(out, x)
                    ^

During: resolving callee type: type(CPUDispatcher(<function TestNoRetryFailedSignature.test_error_count.<locals>.check.<locals>.chain_assign.<locals>.assign at 0x7f288168c3a0>))
During: typing of call at /home/gmarkall/numbadev/numba/numba/tests/test_dispatcher.py (1122)

During: resolving callee type: type(CPUDispatcher(<function TestNoRetryFailedSignature.test_error_count.<locals>.check.<locals>.chain_assign.<locals>.assign at 0x7f288168c3a0>))
During: typing of call at /home/gmarkall/numbadev/numba/numba/tests/test_dispatcher.py (1122)


File "numba/tests/test_dispatcher.py", line 1122:
                def assign(out, x):
                    inner(out, x)
                    ^

During: resolving callee type: type(CPUDispatcher(<function TestNoRetryFailedSignature.test_error_count.<locals>.check.<locals>.chain_assign.<locals>.assign at 0x7f288168c550>))
During: typing of call at /home/gmarkall/numbadev/numba/numba/tests/test_dispatcher.py (1122)

During: resolving callee type: type(CPUDispatcher(<function TestNoRetryFailedSignature.test_error_count.<locals>.check.<locals>.chain_assign.<locals>.assign at 0x7f288168c550>))
During: typing of call at /home/gmarkall/numbadev/numba/numba/tests/test_dispatcher.py (1122)


File "numba/tests/test_dispatcher.py", line 1122:
                def assign(out, x):
                    inner(out, x)
                    ^

During: resolving callee type: type(CPUDispatcher(<function TestNoRetryFailedSignature.test_error_count.<locals>.check.<locals>.chain_assign.<locals>.assign at 0x7f288168d000>))
During: typing of call at /home/gmarkall/numbadev/numba/numba/tests/test_dispatcher.py (1122)

During: resolving callee type: type(CPUDispatcher(<function TestNoRetryFailedSignature.test_error_count.<locals>.check.<locals>.chain_assign.<locals>.assign at 0x7f288168d000>))
During: typing of call at /home/gmarkall/numbadev/numba/numba/tests/test_dispatcher.py (1122)


File "numba/tests/test_dispatcher.py", line 1122:
                def assign(out, x):
                    inner(out, x)
                    ^

During: resolving callee type: type(CPUDispatcher(<function TestNoRetryFailedSignature.test_error_count.<locals>.check.<locals>.chain_assign.<locals>.assign at 0x7f288168d1b0>))
During: typing of call at /home/gmarkall/numbadev/numba/numba/tests/test_dispatcher.py (1122)

During: resolving callee type: type(CPUDispatcher(<function TestNoRetryFailedSignature.test_error_count.<locals>.check.<locals>.chain_assign.<locals>.assign at 0x7f288168d1b0>))
During: typing of call at /home/gmarkall/numbadev/numba/numba/tests/test_dispatcher.py (1122)


The above exception was the direct cause of the following exception:

Traceback (most recent call last):
  File "/home/gmarkall/numbadev/numba/numba/core/typeinfer.py", line 155, in propagate
    constraint(typeinfer)
  File "/home/gmarkall/numbadev/numba/numba/core/typeinfer.py", line 578, in __call__
    self.resolve(typeinfer, typevars, fnty)
  File "/home/gmarkall/numbadev/numba/numba/core/typeinfer.py", line 601, in resolve
    sig = typeinfer.resolve_call(fnty, pos_args, kw_args)
  File "/home/gmarkall/numbadev/numba/numba/core/typeinfer.py", line 1555, in resolve_call
    return self.context.resolve_function_type(fnty, pos_args, kw_args)
  File "/home/gmarkall/numbadev/numba/numba/core/typing/context.py", line 213, in resolve_function_type
    raise last_exception
  File "/home/gmarkall/numbadev/numba/numba/core/typing/context.py", line 196, in resolve_function_type
    res = self._resolve_user_function_type(func, args, kws)
  File "/home/gmarkall/numbadev/numba/numba/core/typing/context.py", line 248, in _resolve_user_function_type
    return func.get_call_type(self, args, kws)
  File "/home/gmarkall/numbadev/numba/numba/core/types/functions.py", line 541, in get_call_type
    self.dispatcher.get_call_template(args, kws)
  File "/home/gmarkall/numbadev/numba/numba/core/dispatcher.py", line 363, in get_call_template
    self.compile(tuple(args))
  File "/home/gmarkall/numbadev/numba/numba/core/dispatcher.py", line 965, in compile
    cres = self._compiler.compile(args, return_type)
  File "/home/gmarkall/numbadev/numba/numba/core/dispatcher.py", line 129, in compile
    raise retval
  File "/home/gmarkall/numbadev/numba/numba/core/typeinfer.py", line 155, in propagate
    constraint(typeinfer)
  File "/home/gmarkall/numbadev/numba/numba/core/typeinfer.py", line 578, in __call__
    self.resolve(typeinfer, typevars, fnty)
  File "/home/gmarkall/numbadev/numba/numba/core/typeinfer.py", line 601, in resolve
    sig = typeinfer.resolve_call(fnty, pos_args, kw_args)
  File "/home/gmarkall/numbadev/numba/numba/core/typeinfer.py", line 1555, in resolve_call
    return self.context.resolve_function_type(fnty, pos_args, kw_args)
  File "/home/gmarkall/numbadev/numba/numba/core/typing/context.py", line 213, in resolve_function_type
    raise last_exception
  File "/home/gmarkall/numbadev/numba/numba/core/typing/context.py", line 196, in resolve_function_type
    res = self._resolve_user_function_type(func, args, kws)
  File "/home/gmarkall/numbadev/numba/numba/core/typing/context.py", line 248, in _resolve_user_function_type
    return func.get_call_type(self, args, kws)
  File "/home/gmarkall/numbadev/numba/numba/core/types/functions.py", line 541, in get_call_type
    self.dispatcher.get_call_template(args, kws)
  File "/home/gmarkall/numbadev/numba/numba/core/dispatcher.py", line 363, in get_call_template
    self.compile(tuple(args))
  File "/home/gmarkall/numbadev/numba/numba/core/dispatcher.py", line 965, in compile
    cres = self._compiler.compile(args, return_type)
  File "/home/gmarkall/numbadev/numba/numba/core/dispatcher.py", line 129, in compile
    raise retval
  File "/home/gmarkall/numbadev/numba/numba/core/dispatcher.py", line 139, in _compile_cached
    retval = self._compile_core(args, return_type)
  File "/home/gmarkall/numbadev/numba/numba/core/dispatcher.py", line 152, in _compile_core
    cres = compiler.compile_extra(self.targetdescr.typing_context,
  File "/home/gmarkall/numbadev/numba/numba/core/compiler.py", line 704, in compile_extra
    return pipeline.compile_extra(func)
  File "/home/gmarkall/numbadev/numba/numba/core/compiler.py", line 452, in compile_extra
    return self._compile_bytecode()
  File "/home/gmarkall/numbadev/numba/numba/core/compiler.py", line 512, in _compile_bytecode
    return self._compile_core()
  File "/home/gmarkall/numbadev/numba/numba/core/compiler.py", line 495, in _compile_core
    raise e
  File "/home/gmarkall/numbadev/numba/numba/core/compiler.py", line 485, in _compile_core
    pm.run(self.state)
  File "/home/gmarkall/numbadev/numba/numba/core/compiler_machinery.py", line 368, in run
    raise patched_exception
  File "/home/gmarkall/numbadev/numba/numba/core/compiler_machinery.py", line 356, in run
    self._runPass(idx, pass_inst, state)
  File "/home/gmarkall/numbadev/numba/numba/core/compiler_lock.py", line 35, in _acquire_compile_lock
    return func(*args, **kwargs)
  File "/home/gmarkall/numbadev/numba/numba/core/compiler_machinery.py", line 311, in _runPass
    mutated |= check(pss.run_pass, internal_state)
  File "/home/gmarkall/numbadev/numba/numba/core/compiler_machinery.py", line 273, in check
    mangled = func(compiler_state)
  File "/home/gmarkall/numbadev/numba/numba/core/typed_passes.py", line 105, in run_pass
    typemap, return_type, calltypes, errs = type_inference_stage(
  File "/home/gmarkall/numbadev/numba/numba/core/typed_passes.py", line 83, in type_inference_stage
    errs = infer.propagate(raise_errors=raise_errors)
  File "/home/gmarkall/numbadev/numba/numba/core/typeinfer.py", line 1086, in propagate
    raise errors[0]
numba.core.errors.TypingError: Failed in nopython mode pipeline (step: nopython frontend)
Failed in nopython mode pipeline (step: nopython frontend)
Failed in nopython mode pipeline (step: nopython frontend)
Failed in nopython mode pipeline (step: nopython frontend)
Failed in nopython mode pipeline (step: nopython frontend)
Failed in nopython mode pipeline (step: nopython frontend)
Failed in nopython mode pipeline (step: nopython frontend)
Failed in nopython mode pipeline (step: nopython frontend)
Invalid use of type(CPUDispatcher(<function TestNoRetryFailedSignature.test_error_count.<locals>.check.<locals>.trigger at 0x7f28409269e0>)) with parameters (int64)

During: resolving callee type: type(CPUDispatcher(<function TestNoRetryFailedSignature.test_error_count.<locals>.check.<locals>.trigger at 0x7f28409269e0>))
During: typing of call at /home/gmarkall/numbadev/numba/numba/tests/test_dispatcher.py (1123)


File "numba/tests/test_dispatcher.py", line 1123:
                def assign(out, x):
                    <source elided>
                    inner(out, x)
                    out[0] += tab_head(x)
                    ^

During: resolving callee type: type(CPUDispatcher(<function TestNoRetryFailedSignature.test_error_count.<locals>.check.<locals>.chain_assign.<locals>.assign at 0x7f283fd73c70>))
During: typing of call at /home/gmarkall/numbadev/numba/numba/tests/test_dispatcher.py (1122)

During: resolving callee type: type(CPUDispatcher(<function TestNoRetryFailedSignature.test_error_count.<locals>.check.<locals>.chain_assign.<locals>.assign at 0x7f283fd73c70>))
During: typing of call at /home/gmarkall/numbadev/numba/numba/tests/test_dispatcher.py (1122)


File "numba/tests/test_dispatcher.py", line 1122:
                def assign(out, x):
                    inner(out, x)
                    ^

During: resolving callee type: type(CPUDispatcher(<function TestNoRetryFailedSignature.test_error_count.<locals>.check.<locals>.chain_assign.<locals>.assign at 0x7f283fc767a0>))
During: typing of call at /home/gmarkall/numbadev/numba/numba/tests/test_dispatcher.py (1122)

During: resolving callee type: type(CPUDispatcher(<function TestNoRetryFailedSignature.test_error_count.<locals>.check.<locals>.chain_assign.<locals>.assign at 0x7f283fc767a0>))
During: typing of call at /home/gmarkall/numbadev/numba/numba/tests/test_dispatcher.py (1122)


File "numba/tests/test_dispatcher.py", line 1122:
                def assign(out, x):
                    inner(out, x)
                    ^

During: resolving callee type: type(CPUDispatcher(<function TestNoRetryFailedSignature.test_error_count.<locals>.check.<locals>.chain_assign.<locals>.assign at 0x7f283fc76b90>))
During: typing of call at /home/gmarkall/numbadev/numba/numba/tests/test_dispatcher.py (1122)

During: resolving callee type: type(CPUDispatcher(<function TestNoRetryFailedSignature.test_error_count.<locals>.check.<locals>.chain_assign.<locals>.assign at 0x7f283fc76b90>))
During: typing of call at /home/gmarkall/numbadev/numba/numba/tests/test_dispatcher.py (1122)


File "numba/tests/test_dispatcher.py", line 1122:
                def assign(out, x):
                    inner(out, x)
                    ^

During: resolving callee type: type(CPUDispatcher(<function TestNoRetryFailedSignature.test_error_count.<locals>.check.<locals>.chain_assign.<locals>.assign at 0x7f288168c3a0>))
During: typing of call at /home/gmarkall/numbadev/numba/numba/tests/test_dispatcher.py (1122)

During: resolving callee type: type(CPUDispatcher(<function TestNoRetryFailedSignature.test_error_count.<locals>.check.<locals>.chain_assign.<locals>.assign at 0x7f288168c3a0>))
During: typing of call at /home/gmarkall/numbadev/numba/numba/tests/test_dispatcher.py (1122)


File "numba/tests/test_dispatcher.py", line 1122:
                def assign(out, x):
                    inner(out, x)
                    ^

During: resolving callee type: type(CPUDispatcher(<function TestNoRetryFailedSignature.test_error_count.<locals>.check.<locals>.chain_assign.<locals>.assign at 0x7f288168c550>))
During: typing of call at /home/gmarkall/numbadev/numba/numba/tests/test_dispatcher.py (1122)

During: resolving callee type: type(CPUDispatcher(<function TestNoRetryFailedSignature.test_error_count.<locals>.check.<locals>.chain_assign.<locals>.assign at 0x7f288168c550>))
During: typing of call at /home/gmarkall/numbadev/numba/numba/tests/test_dispatcher.py (1122)


File "numba/tests/test_dispatcher.py", line 1122:
                def assign(out, x):
                    inner(out, x)
                    ^

During: resolving callee type: type(CPUDispatcher(<function TestNoRetryFailedSignature.test_error_count.<locals>.check.<locals>.chain_assign.<locals>.assign at 0x7f288168d000>))
During: typing of call at /home/gmarkall/numbadev/numba/numba/tests/test_dispatcher.py (1122)

During: resolving callee type: type(CPUDispatcher(<function TestNoRetryFailedSignature.test_error_count.<locals>.check.<locals>.chain_assign.<locals>.assign at 0x7f288168d000>))
During: typing of call at /home/gmarkall/numbadev/numba/numba/tests/test_dispatcher.py (1122)


File "numba/tests/test_dispatcher.py", line 1122:
                def assign(out, x):
                    inner(out, x)
                    ^

During: resolving callee type: type(CPUDispatcher(<function TestNoRetryFailedSignature.test_error_count.<locals>.check.<locals>.chain_assign.<locals>.assign at 0x7f288168d1b0>))
During: typing of call at /home/gmarkall/numbadev/numba/numba/tests/test_dispatcher.py (1122)

During: resolving callee type: type(CPUDispatcher(<function TestNoRetryFailedSignature.test_error_count.<locals>.check.<locals>.chain_assign.<locals>.assign at 0x7f288168d1b0>))
During: typing of call at /home/gmarkall/numbadev/numba/numba/tests/test_dispatcher.py (1122)


File "numba/tests/test_dispatcher.py", line 1122:
                def assign(out, x):
                    inner(out, x)
                    ^

During: resolving callee type: type(CPUDispatcher(<function TestNoRetryFailedSignature.test_error_count.<locals>.check.<locals>.chain_assign.<locals>.assign at 0x7f288168dd80>))
During: typing of call at /home/gmarkall/numbadev/numba/numba/tests/test_dispatcher.py (1122)

During: resolving callee type: type(CPUDispatcher(<function TestNoRetryFailedSignature.test_error_count.<locals>.check.<locals>.chain_assign.<locals>.assign at 0x7f288168dd80>))
During: typing of call at /home/gmarkall/numbadev/numba/numba/tests/test_dispatcher.py (1122)


The above exception was the direct cause of the following exception:

Traceback (most recent call last):
  File "/home/gmarkall/numbadev/numba/numba/core/typeinfer.py", line 155, in propagate
    constraint(typeinfer)
  File "/home/gmarkall/numbadev/numba/numba/core/typeinfer.py", line 578, in __call__
    self.resolve(typeinfer, typevars, fnty)
  File "/home/gmarkall/numbadev/numba/numba/core/typeinfer.py", line 601, in resolve
    sig = typeinfer.resolve_call(fnty, pos_args, kw_args)
  File "/home/gmarkall/numbadev/numba/numba/core/typeinfer.py", line 1555, in resolve_call
    return self.context.resolve_function_type(fnty, pos_args, kw_args)
  File "/home/gmarkall/numbadev/numba/numba/core/typing/context.py", line 213, in resolve_function_type
    raise last_exception
  File "/home/gmarkall/numbadev/numba/numba/core/typing/context.py", line 196, in resolve_function_type
    res = self._resolve_user_function_type(func, args, kws)
  File "/home/gmarkall/numbadev/numba/numba/core/typing/context.py", line 248, in _resolve_user_function_type
    return func.get_call_type(self, args, kws)
  File "/home/gmarkall/numbadev/numba/numba/core/types/functions.py", line 541, in get_call_type
    self.dispatcher.get_call_template(args, kws)
  File "/home/gmarkall/numbadev/numba/numba/core/dispatcher.py", line 363, in get_call_template
    self.compile(tuple(args))
  File "/home/gmarkall/numbadev/numba/numba/core/dispatcher.py", line 965, in compile
    cres = self._compiler.compile(args, return_type)
  File "/home/gmarkall/numbadev/numba/numba/core/dispatcher.py", line 129, in compile
    raise retval
  File "/home/gmarkall/numbadev/numba/numba/core/typeinfer.py", line 155, in propagate
    constraint(typeinfer)
  File "/home/gmarkall/numbadev/numba/numba/core/typeinfer.py", line 578, in __call__
    self.resolve(typeinfer, typevars, fnty)
  File "/home/gmarkall/numbadev/numba/numba/core/typeinfer.py", line 601, in resolve
    sig = typeinfer.resolve_call(fnty, pos_args, kw_args)
  File "/home/gmarkall/numbadev/numba/numba/core/typeinfer.py", line 1555, in resolve_call
    return self.context.resolve_function_type(fnty, pos_args, kw_args)
  File "/home/gmarkall/numbadev/numba/numba/core/typing/context.py", line 213, in resolve_function_type
    raise last_exception
  File "/home/gmarkall/numbadev/numba/numba/core/typing/context.py", line 196, in resolve_function_type
    res = self._resolve_user_function_type(func, args, kws)
  File "/home/gmarkall/numbadev/numba/numba/core/typing/context.py", line 248, in _resolve_user_function_type
    return func.get_call_type(self, args, kws)
  File "/home/gmarkall/numbadev/numba/numba/core/types/functions.py", line 541, in get_call_type
    self.dispatcher.get_call_template(args, kws)
  File "/home/gmarkall/numbadev/numba/numba/core/dispatcher.py", line 363, in get_call_template
    self.compile(tuple(args))
  File "/home/gmarkall/numbadev/numba/numba/core/dispatcher.py", line 965, in compile
    cres = self._compiler.compile(args, return_type)
  File "/home/gmarkall/numbadev/numba/numba/core/dispatcher.py", line 129, in compile
    raise retval
  File "/home/gmarkall/numbadev/numba/numba/core/dispatcher.py", line 139, in _compile_cached
    retval = self._compile_core(args, return_type)
  File "/home/gmarkall/numbadev/numba/numba/core/dispatcher.py", line 152, in _compile_core
    cres = compiler.compile_extra(self.targetdescr.typing_context,
  File "/home/gmarkall/numbadev/numba/numba/core/compiler.py", line 704, in compile_extra
    return pipeline.compile_extra(func)
  File "/home/gmarkall/numbadev/numba/numba/core/compiler.py", line 452, in compile_extra
    return self._compile_bytecode()
  File "/home/gmarkall/numbadev/numba/numba/core/compiler.py", line 512, in _compile_bytecode
    return self._compile_core()
  File "/home/gmarkall/numbadev/numba/numba/core/compiler.py", line 495, in _compile_core
    raise e
  File "/home/gmarkall/numbadev/numba/numba/core/compiler.py", line 485, in _compile_core
    pm.run(self.state)
  File "/home/gmarkall/numbadev/numba/numba/core/compiler_machinery.py", line 368, in run
    raise patched_exception
  File "/home/gmarkall/numbadev/numba/numba/core/compiler_machinery.py", line 356, in run
    self._runPass(idx, pass_inst, state)
  File "/home/gmarkall/numbadev/numba/numba/core/compiler_lock.py", line 35, in _acquire_compile_lock
    return func(*args, **kwargs)
  File "/home/gmarkall/numbadev/numba/numba/core/compiler_machinery.py", line 311, in _runPass
    mutated |= check(pss.run_pass, internal_state)
  File "/home/gmarkall/numbadev/numba/numba/core/compiler_machinery.py", line 273, in check
    mangled = func(compiler_state)
  File "/home/gmarkall/numbadev/numba/numba/core/typed_passes.py", line 105, in run_pass
    typemap, return_type, calltypes, errs = type_inference_stage(
  File "/home/gmarkall/numbadev/numba/numba/core/typed_passes.py", line 83, in type_inference_stage
    errs = infer.propagate(raise_errors=raise_errors)
  File "/home/gmarkall/numbadev/numba/numba/core/typeinfer.py", line 1086, in propagate
    raise errors[0]
numba.core.errors.TypingError: Failed in nopython mode pipeline (step: nopython frontend)
Failed in nopython mode pipeline (step: nopython frontend)
Failed in nopython mode pipeline (step: nopython frontend)
Failed in nopython mode pipeline (step: nopython frontend)
Failed in nopython mode pipeline (step: nopython frontend)
Failed in nopython mode pipeline (step: nopython frontend)
Failed in nopython mode pipeline (step: nopython frontend)
Failed in nopython mode pipeline (step: nopython frontend)
Failed in nopython mode pipeline (step: nopython frontend)
Invalid use of type(CPUDispatcher(<function TestNoRetryFailedSignature.test_error_count.<locals>.check.<locals>.trigger at 0x7f28409269e0>)) with parameters (int64)

During: resolving callee type: type(CPUDispatcher(<function TestNoRetryFailedSignature.test_error_count.<locals>.check.<locals>.trigger at 0x7f28409269e0>))
During: typing of call at /home/gmarkall/numbadev/numba/numba/tests/test_dispatcher.py (1123)


File "numba/tests/test_dispatcher.py", line 1123:
                def assign(out, x):
                    <source elided>
                    inner(out, x)
                    out[0] += tab_head(x)
                    ^

During: resolving callee type: type(CPUDispatcher(<function TestNoRetryFailedSignature.test_error_count.<locals>.check.<locals>.chain_assign.<locals>.assign at 0x7f283fd73c70>))
During: typing of call at /home/gmarkall/numbadev/numba/numba/tests/test_dispatcher.py (1122)

During: resolving callee type: type(CPUDispatcher(<function TestNoRetryFailedSignature.test_error_count.<locals>.check.<locals>.chain_assign.<locals>.assign at 0x7f283fd73c70>))
During: typing of call at /home/gmarkall/numbadev/numba/numba/tests/test_dispatcher.py (1122)


File "numba/tests/test_dispatcher.py", line 1122:
                def assign(out, x):
                    inner(out, x)
                    ^

During: resolving callee type: type(CPUDispatcher(<function TestNoRetryFailedSignature.test_error_count.<locals>.check.<locals>.chain_assign.<locals>.assign at 0x7f283fc767a0>))
During: typing of call at /home/gmarkall/numbadev/numba/numba/tests/test_dispatcher.py (1122)

During: resolving callee type: type(CPUDispatcher(<function TestNoRetryFailedSignature.test_error_count.<locals>.check.<locals>.chain_assign.<locals>.assign at 0x7f283fc767a0>))
During: typing of call at /home/gmarkall/numbadev/numba/numba/tests/test_dispatcher.py (1122)


File "numba/tests/test_dispatcher.py", line 1122:
                def assign(out, x):
                    inner(out, x)
                    ^

During: resolving callee type: type(CPUDispatcher(<function TestNoRetryFailedSignature.test_error_count.<locals>.check.<locals>.chain_assign.<locals>.assign at 0x7f283fc76b90>))
During: typing of call at /home/gmarkall/numbadev/numba/numba/tests/test_dispatcher.py (1122)

During: resolving callee type: type(CPUDispatcher(<function TestNoRetryFailedSignature.test_error_count.<locals>.check.<locals>.chain_assign.<locals>.assign at 0x7f283fc76b90>))
During: typing of call at /home/gmarkall/numbadev/numba/numba/tests/test_dispatcher.py (1122)


File "numba/tests/test_dispatcher.py", line 1122:
                def assign(out, x):
                    inner(out, x)
                    ^

During: resolving callee type: type(CPUDispatcher(<function TestNoRetryFailedSignature.test_error_count.<locals>.check.<locals>.chain_assign.<locals>.assign at 0x7f288168c3a0>))
During: typing of call at /home/gmarkall/numbadev/numba/numba/tests/test_dispatcher.py (1122)

During: resolving callee type: type(CPUDispatcher(<function TestNoRetryFailedSignature.test_error_count.<locals>.check.<locals>.chain_assign.<locals>.assign at 0x7f288168c3a0>))
During: typing of call at /home/gmarkall/numbadev/numba/numba/tests/test_dispatcher.py (1122)


File "numba/tests/test_dispatcher.py", line 1122:
                def assign(out, x):
                    inner(out, x)
                    ^

During: resolving callee type: type(CPUDispatcher(<function TestNoRetryFailedSignature.test_error_count.<locals>.check.<locals>.chain_assign.<locals>.assign at 0x7f288168c550>))
During: typing of call at /home/gmarkall/numbadev/numba/numba/tests/test_dispatcher.py (1122)

During: resolving callee type: type(CPUDispatcher(<function TestNoRetryFailedSignature.test_error_count.<locals>.check.<locals>.chain_assign.<locals>.assign at 0x7f288168c550>))
During: typing of call at /home/gmarkall/numbadev/numba/numba/tests/test_dispatcher.py (1122)


File "numba/tests/test_dispatcher.py", line 1122:
                def assign(out, x):
                    inner(out, x)
                    ^

During: resolving callee type: type(CPUDispatcher(<function TestNoRetryFailedSignature.test_error_count.<locals>.check.<locals>.chain_assign.<locals>.assign at 0x7f288168d000>))
During: typing of call at /home/gmarkall/numbadev/numba/numba/tests/test_dispatcher.py (1122)

During: resolving callee type: type(CPUDispatcher(<function TestNoRetryFailedSignature.test_error_count.<locals>.check.<locals>.chain_assign.<locals>.assign at 0x7f288168d000>))
During: typing of call at /home/gmarkall/numbadev/numba/numba/tests/test_dispatcher.py (1122)


File "numba/tests/test_dispatcher.py", line 1122:
                def assign(out, x):
                    inner(out, x)
                    ^

During: resolving callee type: type(CPUDispatcher(<function TestNoRetryFailedSignature.test_error_count.<locals>.check.<locals>.chain_assign.<locals>.assign at 0x7f288168d1b0>))
During: typing of call at /home/gmarkall/numbadev/numba/numba/tests/test_dispatcher.py (1122)

During: resolving callee type: type(CPUDispatcher(<function TestNoRetryFailedSignature.test_error_count.<locals>.check.<locals>.chain_assign.<locals>.assign at 0x7f288168d1b0>))
During: typing of call at /home/gmarkall/numbadev/numba/numba/tests/test_dispatcher.py (1122)


File "numba/tests/test_dispatcher.py", line 1122:
                def assign(out, x):
                    inner(out, x)
                    ^

During: resolving callee type: type(CPUDispatcher(<function TestNoRetryFailedSignature.test_error_count.<locals>.check.<locals>.chain_assign.<locals>.assign at 0x7f288168dd80>))
During: typing of call at /home/gmarkall/numbadev/numba/numba/tests/test_dispatcher.py (1122)

During: resolving callee type: type(CPUDispatcher(<function TestNoRetryFailedSignature.test_error_count.<locals>.check.<locals>.chain_assign.<locals>.assign at 0x7f288168dd80>))
During: typing of call at /home/gmarkall/numbadev/numba/numba/tests/test_dispatcher.py (1122)


File "numba/tests/test_dispatcher.py", line 1122:
                def assign(out, x):
                    inner(out, x)
                    ^

During: resolving callee type: type(CPUDispatcher(<function TestNoRetryFailedSignature.test_error_count.<locals>.check.<locals>.chain_assign.<locals>.assign at 0x7f288168d480>))
During: typing of call at /home/gmarkall/numbadev/numba/numba/tests/test_dispatcher.py (1122)

During: resolving callee type: type(CPUDispatcher(<function TestNoRetryFailedSignature.test_error_count.<locals>.check.<locals>.chain_assign.<locals>.assign at 0x7f288168d480>))
During: typing of call at /home/gmarkall/numbadev/numba/numba/tests/test_dispatcher.py (1122)


The above exception was the direct cause of the following exception:

Traceback (most recent call last):
  File "/home/gmarkall/numbadev/numba/numba/tests/test_dispatcher.py", line 1142, in test_error_count
    ct_ok = check('a', False)
  File "/home/gmarkall/numbadev/numba/numba/tests/test_dispatcher.py", line 1137, in check
    chain(out, 1)
  File "/home/gmarkall/numbadev/numba/numba/core/dispatcher.py", line 468, in _compile_for_args
    error_rewrite(e, 'typing')
  File "/home/gmarkall/numbadev/numba/numba/core/dispatcher.py", line 407, in error_rewrite
    raise e
  File "/home/gmarkall/numbadev/numba/numba/core/dispatcher.py", line 420, in _compile_for_args
    return_val = self.compile(tuple(argtypes))
  File "/home/gmarkall/numbadev/numba/numba/core/dispatcher.py", line 965, in compile
    cres = self._compiler.compile(args, return_type)
  File "/home/gmarkall/numbadev/numba/numba/core/dispatcher.py", line 129, in compile
    raise retval
  File "/home/gmarkall/numbadev/numba/numba/core/dispatcher.py", line 139, in _compile_cached
    retval = self._compile_core(args, return_type)
  File "/home/gmarkall/numbadev/numba/numba/core/dispatcher.py", line 152, in _compile_core
    cres = compiler.compile_extra(self.targetdescr.typing_context,
  File "/home/gmarkall/numbadev/numba/numba/core/compiler.py", line 704, in compile_extra
    return pipeline.compile_extra(func)
  File "/home/gmarkall/numbadev/numba/numba/core/compiler.py", line 452, in compile_extra
    return self._compile_bytecode()
  File "/home/gmarkall/numbadev/numba/numba/core/compiler.py", line 512, in _compile_bytecode
    return self._compile_core()
  File "/home/gmarkall/numbadev/numba/numba/core/compiler.py", line 495, in _compile_core
    raise e
  File "/home/gmarkall/numbadev/numba/numba/core/compiler.py", line 485, in _compile_core
    pm.run(self.state)
  File "/home/gmarkall/numbadev/numba/numba/core/compiler_machinery.py", line 368, in run
    raise patched_exception
  File "/home/gmarkall/numbadev/numba/numba/core/compiler_machinery.py", line 356, in run
    self._runPass(idx, pass_inst, state)
  File "/home/gmarkall/numbadev/numba/numba/core/compiler_lock.py", line 35, in _acquire_compile_lock
    return func(*args, **kwargs)
  File "/home/gmarkall/numbadev/numba/numba/core/compiler_machinery.py", line 311, in _runPass
    mutated |= check(pss.run_pass, internal_state)
  File "/home/gmarkall/numbadev/numba/numba/core/compiler_machinery.py", line 273, in check
    mangled = func(compiler_state)
  File "/home/gmarkall/numbadev/numba/numba/core/typed_passes.py", line 105, in run_pass
    typemap, return_type, calltypes, errs = type_inference_stage(
  File "/home/gmarkall/numbadev/numba/numba/core/typed_passes.py", line 83, in type_inference_stage
    errs = infer.propagate(raise_errors=raise_errors)
  File "/home/gmarkall/numbadev/numba/numba/core/typeinfer.py", line 1086, in propagate
    raise errors[0]
numba.core.errors.TypingError: Failed in nopython mode pipeline (step: nopython frontend)
Failed in nopython mode pipeline (step: nopython frontend)
Failed in nopython mode pipeline (step: nopython frontend)
Failed in nopython mode pipeline (step: nopython frontend)
Failed in nopython mode pipeline (step: nopython frontend)
Failed in nopython mode pipeline (step: nopython frontend)
Failed in nopython mode pipeline (step: nopython frontend)
Failed in nopython mode pipeline (step: nopython frontend)
Failed in nopython mode pipeline (step: nopython frontend)
Failed in nopython mode pipeline (step: nopython frontend)
Invalid use of type(CPUDispatcher(<function TestNoRetryFailedSignature.test_error_count.<locals>.check.<locals>.trigger at 0x7f28409269e0>)) with parameters (int64)

During: resolving callee type: type(CPUDispatcher(<function TestNoRetryFailedSignature.test_error_count.<locals>.check.<locals>.trigger at 0x7f28409269e0>))
During: typing of call at /home/gmarkall/numbadev/numba/numba/tests/test_dispatcher.py (1123)


File "numba/tests/test_dispatcher.py", line 1123:
                def assign(out, x):
                    <source elided>
                    inner(out, x)
                    out[0] += tab_head(x)
                    ^

During: resolving callee type: type(CPUDispatcher(<function TestNoRetryFailedSignature.test_error_count.<locals>.check.<locals>.chain_assign.<locals>.assign at 0x7f283fd73c70>))
During: typing of call at /home/gmarkall/numbadev/numba/numba/tests/test_dispatcher.py (1122)

During: resolving callee type: type(CPUDispatcher(<function TestNoRetryFailedSignature.test_error_count.<locals>.check.<locals>.chain_assign.<locals>.assign at 0x7f283fd73c70>))
During: typing of call at /home/gmarkall/numbadev/numba/numba/tests/test_dispatcher.py (1122)


File "numba/tests/test_dispatcher.py", line 1122:
                def assign(out, x):
                    inner(out, x)
                    ^

During: resolving callee type: type(CPUDispatcher(<function TestNoRetryFailedSignature.test_error_count.<locals>.check.<locals>.chain_assign.<locals>.assign at 0x7f283fc767a0>))
During: typing of call at /home/gmarkall/numbadev/numba/numba/tests/test_dispatcher.py (1122)

During: resolving callee type: type(CPUDispatcher(<function TestNoRetryFailedSignature.test_error_count.<locals>.check.<locals>.chain_assign.<locals>.assign at 0x7f283fc767a0>))
During: typing of call at /home/gmarkall/numbadev/numba/numba/tests/test_dispatcher.py (1122)


File "numba/tests/test_dispatcher.py", line 1122:
                def assign(out, x):
                    inner(out, x)
                    ^

During: resolving callee type: type(CPUDispatcher(<function TestNoRetryFailedSignature.test_error_count.<locals>.check.<locals>.chain_assign.<locals>.assign at 0x7f283fc76b90>))
During: typing of call at /home/gmarkall/numbadev/numba/numba/tests/test_dispatcher.py (1122)

During: resolving callee type: type(CPUDispatcher(<function TestNoRetryFailedSignature.test_error_count.<locals>.check.<locals>.chain_assign.<locals>.assign at 0x7f283fc76b90>))
During: typing of call at /home/gmarkall/numbadev/numba/numba/tests/test_dispatcher.py (1122)


File "numba/tests/test_dispatcher.py", line 1122:
                def assign(out, x):
                    inner(out, x)
                    ^

During: resolving callee type: type(CPUDispatcher(<function TestNoRetryFailedSignature.test_error_count.<locals>.check.<locals>.chain_assign.<locals>.assign at 0x7f288168c3a0>))
During: typing of call at /home/gmarkall/numbadev/numba/numba/tests/test_dispatcher.py (1122)

During: resolving callee type: type(CPUDispatcher(<function TestNoRetryFailedSignature.test_error_count.<locals>.check.<locals>.chain_assign.<locals>.assign at 0x7f288168c3a0>))
During: typing of call at /home/gmarkall/numbadev/numba/numba/tests/test_dispatcher.py (1122)


File "numba/tests/test_dispatcher.py", line 1122:
                def assign(out, x):
                    inner(out, x)
                    ^

During: resolving callee type: type(CPUDispatcher(<function TestNoRetryFailedSignature.test_error_count.<locals>.check.<locals>.chain_assign.<locals>.assign at 0x7f288168c550>))
During: typing of call at /home/gmarkall/numbadev/numba/numba/tests/test_dispatcher.py (1122)

During: resolving callee type: type(CPUDispatcher(<function TestNoRetryFailedSignature.test_error_count.<locals>.check.<locals>.chain_assign.<locals>.assign at 0x7f288168c550>))
During: typing of call at /home/gmarkall/numbadev/numba/numba/tests/test_dispatcher.py (1122)


File "numba/tests/test_dispatcher.py", line 1122:
                def assign(out, x):
                    inner(out, x)
                    ^

During: resolving callee type: type(CPUDispatcher(<function TestNoRetryFailedSignature.test_error_count.<locals>.check.<locals>.chain_assign.<locals>.assign at 0x7f288168d000>))
During: typing of call at /home/gmarkall/numbadev/numba/numba/tests/test_dispatcher.py (1122)

During: resolving callee type: type(CPUDispatcher(<function TestNoRetryFailedSignature.test_error_count.<locals>.check.<locals>.chain_assign.<locals>.assign at 0x7f288168d000>))
During: typing of call at /home/gmarkall/numbadev/numba/numba/tests/test_dispatcher.py (1122)


File "numba/tests/test_dispatcher.py", line 1122:
                def assign(out, x):
                    inner(out, x)
                    ^

During: resolving callee type: type(CPUDispatcher(<function TestNoRetryFailedSignature.test_error_count.<locals>.check.<locals>.chain_assign.<locals>.assign at 0x7f288168d1b0>))
During: typing of call at /home/gmarkall/numbadev/numba/numba/tests/test_dispatcher.py (1122)

During: resolving callee type: type(CPUDispatcher(<function TestNoRetryFailedSignature.test_error_count.<locals>.check.<locals>.chain_assign.<locals>.assign at 0x7f288168d1b0>))
During: typing of call at /home/gmarkall/numbadev/numba/numba/tests/test_dispatcher.py (1122)


File "numba/tests/test_dispatcher.py", line 1122:
                def assign(out, x):
                    inner(out, x)
                    ^

During: resolving callee type: type(CPUDispatcher(<function TestNoRetryFailedSignature.test_error_count.<locals>.check.<locals>.chain_assign.<locals>.assign at 0x7f288168dd80>))
During: typing of call at /home/gmarkall/numbadev/numba/numba/tests/test_dispatcher.py (1122)

During: resolving callee type: type(CPUDispatcher(<function TestNoRetryFailedSignature.test_error_count.<locals>.check.<locals>.chain_assign.<locals>.assign at 0x7f288168dd80>))
During: typing of call at /home/gmarkall/numbadev/numba/numba/tests/test_dispatcher.py (1122)


File "numba/tests/test_dispatcher.py", line 1122:
                def assign(out, x):
                    inner(out, x)
                    ^

During: resolving callee type: type(CPUDispatcher(<function TestNoRetryFailedSignature.test_error_count.<locals>.check.<locals>.chain_assign.<locals>.assign at 0x7f288168d480>))
During: typing of call at /home/gmarkall/numbadev/numba/numba/tests/test_dispatcher.py (1122)

During: resolving callee type: type(CPUDispatcher(<function TestNoRetryFailedSignature.test_error_count.<locals>.check.<locals>.chain_assign.<locals>.assign at 0x7f288168d480>))
During: typing of call at /home/gmarkall/numbadev/numba/numba/tests/test_dispatcher.py (1122)


File "numba/tests/test_dispatcher.py", line 1122:
                def assign(out, x):
                    inner(out, x)
                    ^


======================================================================
ERROR: test_div_by_zero_numpy (numba.tests.test_errormodels.TestErrorModel)
----------------------------------------------------------------------
Traceback (most recent call last):
  File "/home/gmarkall/numbadev/numba/numba/tests/test_errormodels.py", line 24, in test_div_by_zero_numpy
    self.assertEqual(model_numpy(0), float('inf'))
ZeroDivisionError: division by zero

======================================================================
ERROR: test_jit_support (numba.tests.test_function_type.TestMiscIssues)
----------------------------------------------------------------------
Traceback (most recent call last):
  File "/home/gmarkall/numbadev/numba/numba/core/typeinfer.py", line 155, in propagate
    constraint(typeinfer)
  File "/home/gmarkall/numbadev/numba/numba/core/typeinfer.py", line 578, in __call__
    self.resolve(typeinfer, typevars, fnty)
  File "/home/gmarkall/numbadev/numba/numba/core/typeinfer.py", line 630, in resolve
    raise TypingError(msg)
numba.core.errors.TypingError: Invalid use of type(CPUDispatcher(<function TestMiscIssues.test_jit_support.<locals>.a at 0x7f28409269e0>)) with parameters (int64)

During: resolving callee type: type(CPUDispatcher(<function TestMiscIssues.test_jit_support.<locals>.a at 0x7f28409269e0>))
During: typing of call at /home/gmarkall/numbadev/numba/numba/tests/test_function_type.py (865)


The above exception was the direct cause of the following exception:

Traceback (most recent call last):
  File "/home/gmarkall/numbadev/numba/numba/tests/test_function_type.py", line 879, in test_jit_support
    self.assertEqual(foo(a, 1), 2)
  File "/home/gmarkall/numbadev/numba/numba/core/dispatcher.py", line 468, in _compile_for_args
    error_rewrite(e, 'typing')
  File "/home/gmarkall/numbadev/numba/numba/core/dispatcher.py", line 407, in error_rewrite
    raise e
  File "/home/gmarkall/numbadev/numba/numba/core/dispatcher.py", line 420, in _compile_for_args
    return_val = self.compile(tuple(argtypes))
  File "/home/gmarkall/numbadev/numba/numba/core/dispatcher.py", line 965, in compile
    cres = self._compiler.compile(args, return_type)
  File "/home/gmarkall/numbadev/numba/numba/core/dispatcher.py", line 129, in compile
    raise retval
  File "/home/gmarkall/numbadev/numba/numba/core/dispatcher.py", line 139, in _compile_cached
    retval = self._compile_core(args, return_type)
  File "/home/gmarkall/numbadev/numba/numba/core/dispatcher.py", line 152, in _compile_core
    cres = compiler.compile_extra(self.targetdescr.typing_context,
  File "/home/gmarkall/numbadev/numba/numba/core/compiler.py", line 704, in compile_extra
    return pipeline.compile_extra(func)
  File "/home/gmarkall/numbadev/numba/numba/core/compiler.py", line 452, in compile_extra
    return self._compile_bytecode()
  File "/home/gmarkall/numbadev/numba/numba/core/compiler.py", line 512, in _compile_bytecode
    return self._compile_core()
  File "/home/gmarkall/numbadev/numba/numba/core/compiler.py", line 495, in _compile_core
    raise e
  File "/home/gmarkall/numbadev/numba/numba/core/compiler.py", line 485, in _compile_core
    pm.run(self.state)
  File "/home/gmarkall/numbadev/numba/numba/core/compiler_machinery.py", line 368, in run
    raise patched_exception
  File "/home/gmarkall/numbadev/numba/numba/core/compiler_machinery.py", line 356, in run
    self._runPass(idx, pass_inst, state)
  File "/home/gmarkall/numbadev/numba/numba/core/compiler_lock.py", line 35, in _acquire_compile_lock
    return func(*args, **kwargs)
  File "/home/gmarkall/numbadev/numba/numba/core/compiler_machinery.py", line 311, in _runPass
    mutated |= check(pss.run_pass, internal_state)
  File "/home/gmarkall/numbadev/numba/numba/core/compiler_machinery.py", line 273, in check
    mangled = func(compiler_state)
  File "/home/gmarkall/numbadev/numba/numba/core/typed_passes.py", line 105, in run_pass
    typemap, return_type, calltypes, errs = type_inference_stage(
  File "/home/gmarkall/numbadev/numba/numba/core/typed_passes.py", line 83, in type_inference_stage
    errs = infer.propagate(raise_errors=raise_errors)
  File "/home/gmarkall/numbadev/numba/numba/core/typeinfer.py", line 1086, in propagate
    raise errors[0]
numba.core.errors.TypingError: Failed in nopython mode pipeline (step: nopython frontend)
Invalid use of type(CPUDispatcher(<function TestMiscIssues.test_jit_support.<locals>.a at 0x7f28409269e0>)) with parameters (int64)

During: resolving callee type: type(CPUDispatcher(<function TestMiscIssues.test_jit_support.<locals>.a at 0x7f28409269e0>))
During: typing of call at /home/gmarkall/numbadev/numba/numba/tests/test_function_type.py (865)


File "numba/tests/test_function_type.py", line 865:
        def foo(f, x):
            return f(x)
            ^


======================================================================
ERROR: test_zero_address (numba.tests.test_function_type.TestMiscIssues)
----------------------------------------------------------------------
Traceback (most recent call last):
  File "/home/gmarkall/numbadev/numba/numba/tests/test_function_type.py", line 1006, in test_zero_address
    self.assertEqual(foo(good), 123)
TypeError: 'Good' object is not callable

======================================================================
ERROR: test_callsite_compilation (numba.tests.test_interproc.TestInterProc)
----------------------------------------------------------------------
Traceback (most recent call last):
  File "/home/gmarkall/numbadev/numba/numba/core/typeinfer.py", line 155, in propagate
    constraint(typeinfer)
  File "/home/gmarkall/numbadev/numba/numba/core/typeinfer.py", line 578, in __call__
    self.resolve(typeinfer, typevars, fnty)
  File "/home/gmarkall/numbadev/numba/numba/core/typeinfer.py", line 630, in resolve
    raise TypingError(msg)
numba.core.errors.TypingError: Invalid use of type(CPUDispatcher(<function inner at 0x7f28406ae560>)) with parameters (int64, int64)

During: resolving callee type: type(CPUDispatcher(<function inner at 0x7f28406ae560>))
During: typing of call at /home/gmarkall/numbadev/numba/numba/tests/test_interproc.py (20)


The above exception was the direct cause of the following exception:

Traceback (most recent call last):
  File "/home/gmarkall/numbadev/numba/numba/tests/test_interproc.py", line 43, in test_callsite_compilation
    self.assertEqual(outer(1, 2), 1 + 2)
  File "/home/gmarkall/numbadev/numba/numba/core/dispatcher.py", line 468, in _compile_for_args
    error_rewrite(e, 'typing')
  File "/home/gmarkall/numbadev/numba/numba/core/dispatcher.py", line 407, in error_rewrite
    raise e
  File "/home/gmarkall/numbadev/numba/numba/core/dispatcher.py", line 420, in _compile_for_args
    return_val = self.compile(tuple(argtypes))
  File "/home/gmarkall/numbadev/numba/numba/core/dispatcher.py", line 965, in compile
    cres = self._compiler.compile(args, return_type)
  File "/home/gmarkall/numbadev/numba/numba/core/dispatcher.py", line 129, in compile
    raise retval
  File "/home/gmarkall/numbadev/numba/numba/core/dispatcher.py", line 139, in _compile_cached
    retval = self._compile_core(args, return_type)
  File "/home/gmarkall/numbadev/numba/numba/core/dispatcher.py", line 152, in _compile_core
    cres = compiler.compile_extra(self.targetdescr.typing_context,
  File "/home/gmarkall/numbadev/numba/numba/core/compiler.py", line 704, in compile_extra
    return pipeline.compile_extra(func)
  File "/home/gmarkall/numbadev/numba/numba/core/compiler.py", line 452, in compile_extra
    return self._compile_bytecode()
  File "/home/gmarkall/numbadev/numba/numba/core/compiler.py", line 512, in _compile_bytecode
    return self._compile_core()
  File "/home/gmarkall/numbadev/numba/numba/core/compiler.py", line 495, in _compile_core
    raise e
  File "/home/gmarkall/numbadev/numba/numba/core/compiler.py", line 485, in _compile_core
    pm.run(self.state)
  File "/home/gmarkall/numbadev/numba/numba/core/compiler_machinery.py", line 368, in run
    raise patched_exception
  File "/home/gmarkall/numbadev/numba/numba/core/compiler_machinery.py", line 356, in run
    self._runPass(idx, pass_inst, state)
  File "/home/gmarkall/numbadev/numba/numba/core/compiler_lock.py", line 35, in _acquire_compile_lock
    return func(*args, **kwargs)
  File "/home/gmarkall/numbadev/numba/numba/core/compiler_machinery.py", line 311, in _runPass
    mutated |= check(pss.run_pass, internal_state)
  File "/home/gmarkall/numbadev/numba/numba/core/compiler_machinery.py", line 273, in check
    mangled = func(compiler_state)
  File "/home/gmarkall/numbadev/numba/numba/core/typed_passes.py", line 105, in run_pass
    typemap, return_type, calltypes, errs = type_inference_stage(
  File "/home/gmarkall/numbadev/numba/numba/core/typed_passes.py", line 83, in type_inference_stage
    errs = infer.propagate(raise_errors=raise_errors)
  File "/home/gmarkall/numbadev/numba/numba/core/typeinfer.py", line 1086, in propagate
    raise errors[0]
numba.core.errors.TypingError: Failed in nopython mode pipeline (step: nopython frontend)
Invalid use of type(CPUDispatcher(<function inner at 0x7f28406ae560>)) with parameters (int64, int64)

During: resolving callee type: type(CPUDispatcher(<function inner at 0x7f28406ae560>))
During: typing of call at /home/gmarkall/numbadev/numba/numba/tests/test_interproc.py (20)


File "numba/tests/test_interproc.py", line 20:
def outer(x, y):
    return inner(x, y)
    ^


======================================================================
ERROR: test_cross_exceptions (numba.tests.test_np_functions.TestNPFunctions)
----------------------------------------------------------------------
Traceback (most recent call last):
  File "/home/gmarkall/numbadev/numba/numba/core/typeinfer.py", line 155, in propagate
    constraint(typeinfer)
  File "/home/gmarkall/numbadev/numba/numba/core/typeinfer.py", line 578, in __call__
    self.resolve(typeinfer, typevars, fnty)
  File "/home/gmarkall/numbadev/numba/numba/core/typeinfer.py", line 601, in resolve
    sig = typeinfer.resolve_call(fnty, pos_args, kw_args)
  File "/home/gmarkall/numbadev/numba/numba/core/typeinfer.py", line 1555, in resolve_call
    return self.context.resolve_function_type(fnty, pos_args, kw_args)
  File "/home/gmarkall/numbadev/numba/numba/core/typing/context.py", line 213, in resolve_function_type
    raise last_exception
  File "/home/gmarkall/numbadev/numba/numba/core/typing/context.py", line 196, in resolve_function_type
    res = self._resolve_user_function_type(func, args, kws)
  File "/home/gmarkall/numbadev/numba/numba/core/typing/context.py", line 248, in _resolve_user_function_type
    return func.get_call_type(self, args, kws)
  File "/home/gmarkall/numbadev/numba/numba/core/types/functions.py", line 331, in get_call_type
    failures.raise_error()
  File "/home/gmarkall/numbadev/numba/numba/core/types/functions.py", line 227, in raise_error
    raise errors.TypingError(self.format())
numba.core.errors.TypingError: No implementation of function Function(<function cross at 0x7f2845d2c670>) found for signature:
 
 >>> cross(array(int64, 1d, C), array(int64, 1d, C))
 
There are 2 candidate implementations:
  - Of which 2 did not match due to:
  Overload in function 'np_cross': File: numba/np/arraymath.py: Line 4571.
    With argument(s): '(array(int64, 1d, C), array(int64, 1d, C))':
   Rejected as the implementation raised a specific error:
     TypingError: Failed in nopython mode pipeline (step: nopython frontend)
   Invalid use of type(CPUDispatcher(<function _cross_impl at 0x7f284273f6d0>)) with parameters (array(int64, 1d, C), array(int64, 1d, C))
   
   During: resolving callee type: type(CPUDispatcher(<function _cross_impl at 0x7f284273f6d0>))
   During: typing of call at /home/gmarkall/numbadev/numba/numba/np/arraymath.py (4586)
   
   
   File "numba/np/arraymath.py", line 4586:
       def impl(a, b):
           <source elided>
           if a_.shape[-1] == 3 or b_.shape[-1] == 3:
               return _cross_impl(a_, b_)
               ^
   
       Traceback (most recent call last):
         File "/home/gmarkall/numbadev/numba/numba/core/typeinfer.py", line 155, in propagate
           constraint(typeinfer)
         File "/home/gmarkall/numbadev/numba/numba/core/typeinfer.py", line 578, in __call__
           self.resolve(typeinfer, typevars, fnty)
         File "/home/gmarkall/numbadev/numba/numba/core/typeinfer.py", line 630, in resolve
           raise TypingError(msg)
       numba.core.errors.TypingError: Invalid use of type(CPUDispatcher(<function _cross_impl at 0x7f284273f6d0>)) with parameters (array(int64, 1d, C), array(int64, 1d, C))
       
       During: resolving callee type: type(CPUDispatcher(<function _cross_impl at 0x7f284273f6d0>))
       During: typing of call at /home/gmarkall/numbadev/numba/numba/np/arraymath.py (4586)
       
       The above exception was the direct cause of the following exception:
       Traceback (most recent call last):
         File "/home/gmarkall/numbadev/numba/numba/core/types/functions.py", line 308, in get_call_type
           sig = temp.apply(nolitargs, nolitkws)
         File "/home/gmarkall/numbadev/numba/numba/core/typing/templates.py", line 351, in apply
           sig = generic(args, kws)
         File "/home/gmarkall/numbadev/numba/numba/core/typing/templates.py", line 614, in generic
           disp, new_args = self._get_impl(args, kws)
         File "/home/gmarkall/numbadev/numba/numba/core/typing/templates.py", line 713, in _get_impl
           impl, args = self._build_impl(cache_key, args, kws)
         File "/home/gmarkall/numbadev/numba/numba/core/typing/templates.py", line 824, in _build_impl
           disp_type.get_call_type(self.context, args, kws)
         File "/home/gmarkall/numbadev/numba/numba/core/types/functions.py", line 541, in get_call_type
           self.dispatcher.get_call_template(args, kws)
         File "/home/gmarkall/numbadev/numba/numba/core/dispatcher.py", line 363, in get_call_template
           self.compile(tuple(args))
         File "/home/gmarkall/numbadev/numba/numba/core/dispatcher.py", line 965, in compile
           cres = self._compiler.compile(args, return_type)
         File "/home/gmarkall/numbadev/numba/numba/core/dispatcher.py", line 129, in compile
           raise retval
         File "/home/gmarkall/numbadev/numba/numba/core/dispatcher.py", line 139, in _compile_cached
           retval = self._compile_core(args, return_type)
         File "/home/gmarkall/numbadev/numba/numba/core/dispatcher.py", line 152, in _compile_core
           cres = compiler.compile_extra(self.targetdescr.typing_context,
         File "/home/gmarkall/numbadev/numba/numba/core/compiler.py", line 704, in compile_extra
           return pipeline.compile_extra(func)
         File "/home/gmarkall/numbadev/numba/numba/core/compiler.py", line 452, in compile_extra
           return self._compile_bytecode()
         File "/home/gmarkall/numbadev/numba/numba/core/compiler.py", line 512, in _compile_bytecode
           return self._compile_core()
         File "/home/gmarkall/numbadev/numba/numba/core/compiler.py", line 495, in _compile_core
           raise e
         File "/home/gmarkall/numbadev/numba/numba/core/compiler.py", line 485, in _compile_core
           pm.run(self.state)
         File "/home/gmarkall/numbadev/numba/numba/core/compiler_machinery.py", line 368, in run
           raise patched_exception
         File "/home/gmarkall/numbadev/numba/numba/core/compiler_machinery.py", line 356, in run
           self._runPass(idx, pass_inst, state)
         File "/home/gmarkall/numbadev/numba/numba/core/compiler_lock.py", line 35, in _acquire_compile_lock
           return func(*args, **kwargs)
         File "/home/gmarkall/numbadev/numba/numba/core/compiler_machinery.py", line 311, in _runPass
           mutated |= check(pss.run_pass, internal_state)
         File "/home/gmarkall/numbadev/numba/numba/core/compiler_machinery.py", line 273, in check
           mangled = func(compiler_state)
         File "/home/gmarkall/numbadev/numba/numba/core/typed_passes.py", line 105, in run_pass
           typemap, return_type, calltypes, errs = type_inference_stage(
         File "/home/gmarkall/numbadev/numba/numba/core/typed_passes.py", line 83, in type_inference_stage
           errs = infer.propagate(raise_errors=raise_errors)
         File "/home/gmarkall/numbadev/numba/numba/core/typeinfer.py", line 1086, in propagate
           raise errors[0]
       numba.core.errors.TypingError: Failed in nopython mode pipeline (step: nopython frontend)
       Invalid use of type(CPUDispatcher(<function _cross_impl at 0x7f284273f6d0>)) with parameters (array(int64, 1d, C), array(int64, 1d, C))
       
       During: resolving callee type: type(CPUDispatcher(<function _cross_impl at 0x7f284273f6d0>))
       During: typing of call at /home/gmarkall/numbadev/numba/numba/np/arraymath.py (4586)
       
       
       File "numba/np/arraymath.py", line 4586:
           def impl(a, b):
               <source elided>
               if a_.shape[-1] == 3 or b_.shape[-1] == 3:
                   return _cross_impl(a_, b_)
                   ^
  raised from /home/gmarkall/numbadev/numba/numba/core/typeinfer.py:1086

During: resolving callee type: Function(<function cross at 0x7f2845d2c670>)
During: typing of call at /home/gmarkall/numbadev/numba/numba/tests/test_np_functions.py (382)


The above exception was the direct cause of the following exception:

Traceback (most recent call last):
  File "/home/gmarkall/numbadev/numba/numba/tests/test_np_functions.py", line 4375, in test_cross_exceptions
    cfunc(
  File "/home/gmarkall/numbadev/numba/numba/core/dispatcher.py", line 468, in _compile_for_args
    error_rewrite(e, 'typing')
  File "/home/gmarkall/numbadev/numba/numba/core/dispatcher.py", line 407, in error_rewrite
    raise e
  File "/home/gmarkall/numbadev/numba/numba/core/dispatcher.py", line 420, in _compile_for_args
    return_val = self.compile(tuple(argtypes))
  File "/home/gmarkall/numbadev/numba/numba/core/dispatcher.py", line 965, in compile
    cres = self._compiler.compile(args, return_type)
  File "/home/gmarkall/numbadev/numba/numba/core/dispatcher.py", line 129, in compile
    raise retval
  File "/home/gmarkall/numbadev/numba/numba/core/dispatcher.py", line 139, in _compile_cached
    retval = self._compile_core(args, return_type)
  File "/home/gmarkall/numbadev/numba/numba/core/dispatcher.py", line 152, in _compile_core
    cres = compiler.compile_extra(self.targetdescr.typing_context,
  File "/home/gmarkall/numbadev/numba/numba/core/compiler.py", line 704, in compile_extra
    return pipeline.compile_extra(func)
  File "/home/gmarkall/numbadev/numba/numba/core/compiler.py", line 452, in compile_extra
    return self._compile_bytecode()
  File "/home/gmarkall/numbadev/numba/numba/core/compiler.py", line 512, in _compile_bytecode
    return self._compile_core()
  File "/home/gmarkall/numbadev/numba/numba/core/compiler.py", line 495, in _compile_core
    raise e
  File "/home/gmarkall/numbadev/numba/numba/core/compiler.py", line 485, in _compile_core
    pm.run(self.state)
  File "/home/gmarkall/numbadev/numba/numba/core/compiler_machinery.py", line 368, in run
    raise patched_exception
  File "/home/gmarkall/numbadev/numba/numba/core/compiler_machinery.py", line 356, in run
    self._runPass(idx, pass_inst, state)
  File "/home/gmarkall/numbadev/numba/numba/core/compiler_lock.py", line 35, in _acquire_compile_lock
    return func(*args, **kwargs)
  File "/home/gmarkall/numbadev/numba/numba/core/compiler_machinery.py", line 311, in _runPass
    mutated |= check(pss.run_pass, internal_state)
  File "/home/gmarkall/numbadev/numba/numba/core/compiler_machinery.py", line 273, in check
    mangled = func(compiler_state)
  File "/home/gmarkall/numbadev/numba/numba/core/typed_passes.py", line 105, in run_pass
    typemap, return_type, calltypes, errs = type_inference_stage(
  File "/home/gmarkall/numbadev/numba/numba/core/typed_passes.py", line 83, in type_inference_stage
    errs = infer.propagate(raise_errors=raise_errors)
  File "/home/gmarkall/numbadev/numba/numba/core/typeinfer.py", line 1086, in propagate
    raise errors[0]
numba.core.errors.TypingError: Failed in nopython mode pipeline (step: nopython frontend)
No implementation of function Function(<function cross at 0x7f2845d2c670>) found for signature:
 
 >>> cross(array(int64, 1d, C), array(int64, 1d, C))
 
There are 2 candidate implementations:
  - Of which 2 did not match due to:
  Overload in function 'np_cross': File: numba/np/arraymath.py: Line 4571.
    With argument(s): '(array(int64, 1d, C), array(int64, 1d, C))':
   Rejected as the implementation raised a specific error:
     TypingError: Failed in nopython mode pipeline (step: nopython frontend)
   Invalid use of type(CPUDispatcher(<function _cross_impl at 0x7f284273f6d0>)) with parameters (array(int64, 1d, C), array(int64, 1d, C))
   
   During: resolving callee type: type(CPUDispatcher(<function _cross_impl at 0x7f284273f6d0>))
   During: typing of call at /home/gmarkall/numbadev/numba/numba/np/arraymath.py (4586)
   
   
   File "numba/np/arraymath.py", line 4586:
       def impl(a, b):
           <source elided>
           if a_.shape[-1] == 3 or b_.shape[-1] == 3:
               return _cross_impl(a_, b_)
               ^
   
       Traceback (most recent call last):
         File "/home/gmarkall/numbadev/numba/numba/core/typeinfer.py", line 155, in propagate
           constraint(typeinfer)
         File "/home/gmarkall/numbadev/numba/numba/core/typeinfer.py", line 578, in __call__
           self.resolve(typeinfer, typevars, fnty)
         File "/home/gmarkall/numbadev/numba/numba/core/typeinfer.py", line 630, in resolve
           raise TypingError(msg)
       numba.core.errors.TypingError: Invalid use of type(CPUDispatcher(<function _cross_impl at 0x7f284273f6d0>)) with parameters (array(int64, 1d, C), array(int64, 1d, C))
       
       During: resolving callee type: type(CPUDispatcher(<function _cross_impl at 0x7f284273f6d0>))
       During: typing of call at /home/gmarkall/numbadev/numba/numba/np/arraymath.py (4586)
       
       The above exception was the direct cause of the following exception:
       Traceback (most recent call last):
         File "/home/gmarkall/numbadev/numba/numba/core/types/functions.py", line 308, in get_call_type
           sig = temp.apply(nolitargs, nolitkws)
         File "/home/gmarkall/numbadev/numba/numba/core/typing/templates.py", line 351, in apply
           sig = generic(args, kws)
         File "/home/gmarkall/numbadev/numba/numba/core/typing/templates.py", line 614, in generic
           disp, new_args = self._get_impl(args, kws)
         File "/home/gmarkall/numbadev/numba/numba/core/typing/templates.py", line 713, in _get_impl
           impl, args = self._build_impl(cache_key, args, kws)
         File "/home/gmarkall/numbadev/numba/numba/core/typing/templates.py", line 824, in _build_impl
           disp_type.get_call_type(self.context, args, kws)
         File "/home/gmarkall/numbadev/numba/numba/core/types/functions.py", line 541, in get_call_type
           self.dispatcher.get_call_template(args, kws)
         File "/home/gmarkall/numbadev/numba/numba/core/dispatcher.py", line 363, in get_call_template
           self.compile(tuple(args))
         File "/home/gmarkall/numbadev/numba/numba/core/dispatcher.py", line 965, in compile
           cres = self._compiler.compile(args, return_type)
         File "/home/gmarkall/numbadev/numba/numba/core/dispatcher.py", line 129, in compile
           raise retval
         File "/home/gmarkall/numbadev/numba/numba/core/dispatcher.py", line 139, in _compile_cached
           retval = self._compile_core(args, return_type)
         File "/home/gmarkall/numbadev/numba/numba/core/dispatcher.py", line 152, in _compile_core
           cres = compiler.compile_extra(self.targetdescr.typing_context,
         File "/home/gmarkall/numbadev/numba/numba/core/compiler.py", line 704, in compile_extra
           return pipeline.compile_extra(func)
         File "/home/gmarkall/numbadev/numba/numba/core/compiler.py", line 452, in compile_extra
           return self._compile_bytecode()
         File "/home/gmarkall/numbadev/numba/numba/core/compiler.py", line 512, in _compile_bytecode
           return self._compile_core()
         File "/home/gmarkall/numbadev/numba/numba/core/compiler.py", line 495, in _compile_core
           raise e
         File "/home/gmarkall/numbadev/numba/numba/core/compiler.py", line 485, in _compile_core
           pm.run(self.state)
         File "/home/gmarkall/numbadev/numba/numba/core/compiler_machinery.py", line 368, in run
           raise patched_exception
         File "/home/gmarkall/numbadev/numba/numba/core/compiler_machinery.py", line 356, in run
           self._runPass(idx, pass_inst, state)
         File "/home/gmarkall/numbadev/numba/numba/core/compiler_lock.py", line 35, in _acquire_compile_lock
           return func(*args, **kwargs)
         File "/home/gmarkall/numbadev/numba/numba/core/compiler_machinery.py", line 311, in _runPass
           mutated |= check(pss.run_pass, internal_state)
         File "/home/gmarkall/numbadev/numba/numba/core/compiler_machinery.py", line 273, in check
           mangled = func(compiler_state)
         File "/home/gmarkall/numbadev/numba/numba/core/typed_passes.py", line 105, in run_pass
           typemap, return_type, calltypes, errs = type_inference_stage(
         File "/home/gmarkall/numbadev/numba/numba/core/typed_passes.py", line 83, in type_inference_stage
           errs = infer.propagate(raise_errors=raise_errors)
         File "/home/gmarkall/numbadev/numba/numba/core/typeinfer.py", line 1086, in propagate
           raise errors[0]
       numba.core.errors.TypingError: Failed in nopython mode pipeline (step: nopython frontend)
       Invalid use of type(CPUDispatcher(<function _cross_impl at 0x7f284273f6d0>)) with parameters (array(int64, 1d, C), array(int64, 1d, C))
       
       During: resolving callee type: type(CPUDispatcher(<function _cross_impl at 0x7f284273f6d0>))
       During: typing of call at /home/gmarkall/numbadev/numba/numba/np/arraymath.py (4586)
       
       
       File "numba/np/arraymath.py", line 4586:
           def impl(a, b):
               <source elided>
               if a_.shape[-1] == 3 or b_.shape[-1] == 3:
                   return _cross_impl(a_, b_)
                   ^
  raised from /home/gmarkall/numbadev/numba/numba/core/typeinfer.py:1086

During: resolving callee type: Function(<function cross at 0x7f2845d2c670>)
During: typing of call at /home/gmarkall/numbadev/numba/numba/tests/test_np_functions.py (382)


File "numba/tests/test_np_functions.py", line 382:
def np_cross(a, b):
    return np.cross(a, b)
    ^


======================================================================
ERROR: test_cross (numba.tests.test_np_functions.TestNPFunctions)
----------------------------------------------------------------------
Traceback (most recent call last):
  File "/home/gmarkall/numbadev/numba/numba/core/typeinfer.py", line 155, in propagate
    constraint(typeinfer)
  File "/home/gmarkall/numbadev/numba/numba/core/typeinfer.py", line 578, in __call__
    self.resolve(typeinfer, typevars, fnty)
  File "/home/gmarkall/numbadev/numba/numba/core/typeinfer.py", line 601, in resolve
    sig = typeinfer.resolve_call(fnty, pos_args, kw_args)
  File "/home/gmarkall/numbadev/numba/numba/core/typeinfer.py", line 1555, in resolve_call
    return self.context.resolve_function_type(fnty, pos_args, kw_args)
  File "/home/gmarkall/numbadev/numba/numba/core/typing/context.py", line 213, in resolve_function_type
    raise last_exception
  File "/home/gmarkall/numbadev/numba/numba/core/typing/context.py", line 196, in resolve_function_type
    res = self._resolve_user_function_type(func, args, kws)
  File "/home/gmarkall/numbadev/numba/numba/core/typing/context.py", line 248, in _resolve_user_function_type
    return func.get_call_type(self, args, kws)
  File "/home/gmarkall/numbadev/numba/numba/core/types/functions.py", line 331, in get_call_type
    failures.raise_error()
  File "/home/gmarkall/numbadev/numba/numba/core/types/functions.py", line 227, in raise_error
    raise errors.TypingError(self.format())
numba.core.errors.TypingError: No implementation of function Function(<function cross at 0x7f2845d2c670>) found for signature:
 
 >>> cross(array(int64, 2d, C), array(int64, 2d, C))
 
There are 2 candidate implementations:
  - Of which 2 did not match due to:
  Overload in function 'np_cross': File: numba/np/arraymath.py: Line 4571.
    With argument(s): '(array(int64, 2d, C), array(int64, 2d, C))':
   Rejected as the implementation raised a specific error:
     TypingError: Failed in nopython mode pipeline (step: nopython frontend)
   Invalid use of type(CPUDispatcher(<function _cross_impl at 0x7f284273f6d0>)) with parameters (array(int64, 2d, C), array(int64, 2d, C))
   
   During: resolving callee type: type(CPUDispatcher(<function _cross_impl at 0x7f284273f6d0>))
   During: typing of call at /home/gmarkall/numbadev/numba/numba/np/arraymath.py (4586)
   
   
   File "numba/np/arraymath.py", line 4586:
       def impl(a, b):
           <source elided>
           if a_.shape[-1] == 3 or b_.shape[-1] == 3:
               return _cross_impl(a_, b_)
               ^
   
       Traceback (most recent call last):
         File "/home/gmarkall/numbadev/numba/numba/core/typeinfer.py", line 155, in propagate
           constraint(typeinfer)
         File "/home/gmarkall/numbadev/numba/numba/core/typeinfer.py", line 578, in __call__
           self.resolve(typeinfer, typevars, fnty)
         File "/home/gmarkall/numbadev/numba/numba/core/typeinfer.py", line 630, in resolve
           raise TypingError(msg)
       numba.core.errors.TypingError: Invalid use of type(CPUDispatcher(<function _cross_impl at 0x7f284273f6d0>)) with parameters (array(int64, 2d, C), array(int64, 2d, C))
       
       During: resolving callee type: type(CPUDispatcher(<function _cross_impl at 0x7f284273f6d0>))
       During: typing of call at /home/gmarkall/numbadev/numba/numba/np/arraymath.py (4586)
       
       The above exception was the direct cause of the following exception:
       Traceback (most recent call last):
         File "/home/gmarkall/numbadev/numba/numba/core/types/functions.py", line 308, in get_call_type
           sig = temp.apply(nolitargs, nolitkws)
         File "/home/gmarkall/numbadev/numba/numba/core/typing/templates.py", line 351, in apply
           sig = generic(args, kws)
         File "/home/gmarkall/numbadev/numba/numba/core/typing/templates.py", line 614, in generic
           disp, new_args = self._get_impl(args, kws)
         File "/home/gmarkall/numbadev/numba/numba/core/typing/templates.py", line 713, in _get_impl
           impl, args = self._build_impl(cache_key, args, kws)
         File "/home/gmarkall/numbadev/numba/numba/core/typing/templates.py", line 824, in _build_impl
           disp_type.get_call_type(self.context, args, kws)
         File "/home/gmarkall/numbadev/numba/numba/core/types/functions.py", line 541, in get_call_type
           self.dispatcher.get_call_template(args, kws)
         File "/home/gmarkall/numbadev/numba/numba/core/dispatcher.py", line 363, in get_call_template
           self.compile(tuple(args))
         File "/home/gmarkall/numbadev/numba/numba/core/dispatcher.py", line 965, in compile
           cres = self._compiler.compile(args, return_type)
         File "/home/gmarkall/numbadev/numba/numba/core/dispatcher.py", line 129, in compile
           raise retval
         File "/home/gmarkall/numbadev/numba/numba/core/dispatcher.py", line 139, in _compile_cached
           retval = self._compile_core(args, return_type)
         File "/home/gmarkall/numbadev/numba/numba/core/dispatcher.py", line 152, in _compile_core
           cres = compiler.compile_extra(self.targetdescr.typing_context,
         File "/home/gmarkall/numbadev/numba/numba/core/compiler.py", line 704, in compile_extra
           return pipeline.compile_extra(func)
         File "/home/gmarkall/numbadev/numba/numba/core/compiler.py", line 452, in compile_extra
           return self._compile_bytecode()
         File "/home/gmarkall/numbadev/numba/numba/core/compiler.py", line 512, in _compile_bytecode
           return self._compile_core()
         File "/home/gmarkall/numbadev/numba/numba/core/compiler.py", line 495, in _compile_core
           raise e
         File "/home/gmarkall/numbadev/numba/numba/core/compiler.py", line 485, in _compile_core
           pm.run(self.state)
         File "/home/gmarkall/numbadev/numba/numba/core/compiler_machinery.py", line 368, in run
           raise patched_exception
         File "/home/gmarkall/numbadev/numba/numba/core/compiler_machinery.py", line 356, in run
           self._runPass(idx, pass_inst, state)
         File "/home/gmarkall/numbadev/numba/numba/core/compiler_lock.py", line 35, in _acquire_compile_lock
           return func(*args, **kwargs)
         File "/home/gmarkall/numbadev/numba/numba/core/compiler_machinery.py", line 311, in _runPass
           mutated |= check(pss.run_pass, internal_state)
         File "/home/gmarkall/numbadev/numba/numba/core/compiler_machinery.py", line 273, in check
           mangled = func(compiler_state)
         File "/home/gmarkall/numbadev/numba/numba/core/typed_passes.py", line 105, in run_pass
           typemap, return_type, calltypes, errs = type_inference_stage(
         File "/home/gmarkall/numbadev/numba/numba/core/typed_passes.py", line 83, in type_inference_stage
           errs = infer.propagate(raise_errors=raise_errors)
         File "/home/gmarkall/numbadev/numba/numba/core/typeinfer.py", line 1086, in propagate
           raise errors[0]
       numba.core.errors.TypingError: Failed in nopython mode pipeline (step: nopython frontend)
       Invalid use of type(CPUDispatcher(<function _cross_impl at 0x7f284273f6d0>)) with parameters (array(int64, 2d, C), array(int64, 2d, C))
       
       During: resolving callee type: type(CPUDispatcher(<function _cross_impl at 0x7f284273f6d0>))
       During: typing of call at /home/gmarkall/numbadev/numba/numba/np/arraymath.py (4586)
       
       
       File "numba/np/arraymath.py", line 4586:
           def impl(a, b):
               <source elided>
               if a_.shape[-1] == 3 or b_.shape[-1] == 3:
                   return _cross_impl(a_, b_)
                   ^
  raised from /home/gmarkall/numbadev/numba/numba/core/typeinfer.py:1086

During: resolving callee type: Function(<function cross at 0x7f2845d2c670>)
During: typing of call at /home/gmarkall/numbadev/numba/numba/tests/test_np_functions.py (382)


The above exception was the direct cause of the following exception:

Traceback (most recent call last):
  File "/home/gmarkall/numbadev/numba/numba/tests/test_np_functions.py", line 4365, in test_cross
    got = cfunc(x, y)
  File "/home/gmarkall/numbadev/numba/numba/core/dispatcher.py", line 468, in _compile_for_args
    error_rewrite(e, 'typing')
  File "/home/gmarkall/numbadev/numba/numba/core/dispatcher.py", line 407, in error_rewrite
    raise e
  File "/home/gmarkall/numbadev/numba/numba/core/dispatcher.py", line 420, in _compile_for_args
    return_val = self.compile(tuple(argtypes))
  File "/home/gmarkall/numbadev/numba/numba/core/dispatcher.py", line 965, in compile
    cres = self._compiler.compile(args, return_type)
  File "/home/gmarkall/numbadev/numba/numba/core/dispatcher.py", line 129, in compile
    raise retval
  File "/home/gmarkall/numbadev/numba/numba/core/dispatcher.py", line 139, in _compile_cached
    retval = self._compile_core(args, return_type)
  File "/home/gmarkall/numbadev/numba/numba/core/dispatcher.py", line 152, in _compile_core
    cres = compiler.compile_extra(self.targetdescr.typing_context,
  File "/home/gmarkall/numbadev/numba/numba/core/compiler.py", line 704, in compile_extra
    return pipeline.compile_extra(func)
  File "/home/gmarkall/numbadev/numba/numba/core/compiler.py", line 452, in compile_extra
    return self._compile_bytecode()
  File "/home/gmarkall/numbadev/numba/numba/core/compiler.py", line 512, in _compile_bytecode
    return self._compile_core()
  File "/home/gmarkall/numbadev/numba/numba/core/compiler.py", line 495, in _compile_core
    raise e
  File "/home/gmarkall/numbadev/numba/numba/core/compiler.py", line 485, in _compile_core
    pm.run(self.state)
  File "/home/gmarkall/numbadev/numba/numba/core/compiler_machinery.py", line 368, in run
    raise patched_exception
  File "/home/gmarkall/numbadev/numba/numba/core/compiler_machinery.py", line 356, in run
    self._runPass(idx, pass_inst, state)
  File "/home/gmarkall/numbadev/numba/numba/core/compiler_lock.py", line 35, in _acquire_compile_lock
    return func(*args, **kwargs)
  File "/home/gmarkall/numbadev/numba/numba/core/compiler_machinery.py", line 311, in _runPass
    mutated |= check(pss.run_pass, internal_state)
  File "/home/gmarkall/numbadev/numba/numba/core/compiler_machinery.py", line 273, in check
    mangled = func(compiler_state)
  File "/home/gmarkall/numbadev/numba/numba/core/typed_passes.py", line 105, in run_pass
    typemap, return_type, calltypes, errs = type_inference_stage(
  File "/home/gmarkall/numbadev/numba/numba/core/typed_passes.py", line 83, in type_inference_stage
    errs = infer.propagate(raise_errors=raise_errors)
  File "/home/gmarkall/numbadev/numba/numba/core/typeinfer.py", line 1086, in propagate
    raise errors[0]
numba.core.errors.TypingError: Failed in nopython mode pipeline (step: nopython frontend)
No implementation of function Function(<function cross at 0x7f2845d2c670>) found for signature:
 
 >>> cross(array(int64, 2d, C), array(int64, 2d, C))
 
There are 2 candidate implementations:
  - Of which 2 did not match due to:
  Overload in function 'np_cross': File: numba/np/arraymath.py: Line 4571.
    With argument(s): '(array(int64, 2d, C), array(int64, 2d, C))':
   Rejected as the implementation raised a specific error:
     TypingError: Failed in nopython mode pipeline (step: nopython frontend)
   Invalid use of type(CPUDispatcher(<function _cross_impl at 0x7f284273f6d0>)) with parameters (array(int64, 2d, C), array(int64, 2d, C))
   
   During: resolving callee type: type(CPUDispatcher(<function _cross_impl at 0x7f284273f6d0>))
   During: typing of call at /home/gmarkall/numbadev/numba/numba/np/arraymath.py (4586)
   
   
   File "numba/np/arraymath.py", line 4586:
       def impl(a, b):
           <source elided>
           if a_.shape[-1] == 3 or b_.shape[-1] == 3:
               return _cross_impl(a_, b_)
               ^
   
       Traceback (most recent call last):
         File "/home/gmarkall/numbadev/numba/numba/core/typeinfer.py", line 155, in propagate
           constraint(typeinfer)
         File "/home/gmarkall/numbadev/numba/numba/core/typeinfer.py", line 578, in __call__
           self.resolve(typeinfer, typevars, fnty)
         File "/home/gmarkall/numbadev/numba/numba/core/typeinfer.py", line 630, in resolve
           raise TypingError(msg)
       numba.core.errors.TypingError: Invalid use of type(CPUDispatcher(<function _cross_impl at 0x7f284273f6d0>)) with parameters (array(int64, 2d, C), array(int64, 2d, C))
       
       During: resolving callee type: type(CPUDispatcher(<function _cross_impl at 0x7f284273f6d0>))
       During: typing of call at /home/gmarkall/numbadev/numba/numba/np/arraymath.py (4586)
       
       The above exception was the direct cause of the following exception:
       Traceback (most recent call last):
         File "/home/gmarkall/numbadev/numba/numba/core/types/functions.py", line 308, in get_call_type
           sig = temp.apply(nolitargs, nolitkws)
         File "/home/gmarkall/numbadev/numba/numba/core/typing/templates.py", line 351, in apply
           sig = generic(args, kws)
         File "/home/gmarkall/numbadev/numba/numba/core/typing/templates.py", line 614, in generic
           disp, new_args = self._get_impl(args, kws)
         File "/home/gmarkall/numbadev/numba/numba/core/typing/templates.py", line 713, in _get_impl
           impl, args = self._build_impl(cache_key, args, kws)
         File "/home/gmarkall/numbadev/numba/numba/core/typing/templates.py", line 824, in _build_impl
           disp_type.get_call_type(self.context, args, kws)
         File "/home/gmarkall/numbadev/numba/numba/core/types/functions.py", line 541, in get_call_type
           self.dispatcher.get_call_template(args, kws)
         File "/home/gmarkall/numbadev/numba/numba/core/dispatcher.py", line 363, in get_call_template
           self.compile(tuple(args))
         File "/home/gmarkall/numbadev/numba/numba/core/dispatcher.py", line 965, in compile
           cres = self._compiler.compile(args, return_type)
         File "/home/gmarkall/numbadev/numba/numba/core/dispatcher.py", line 129, in compile
           raise retval
         File "/home/gmarkall/numbadev/numba/numba/core/dispatcher.py", line 139, in _compile_cached
           retval = self._compile_core(args, return_type)
         File "/home/gmarkall/numbadev/numba/numba/core/dispatcher.py", line 152, in _compile_core
           cres = compiler.compile_extra(self.targetdescr.typing_context,
         File "/home/gmarkall/numbadev/numba/numba/core/compiler.py", line 704, in compile_extra
           return pipeline.compile_extra(func)
         File "/home/gmarkall/numbadev/numba/numba/core/compiler.py", line 452, in compile_extra
           return self._compile_bytecode()
         File "/home/gmarkall/numbadev/numba/numba/core/compiler.py", line 512, in _compile_bytecode
           return self._compile_core()
         File "/home/gmarkall/numbadev/numba/numba/core/compiler.py", line 495, in _compile_core
           raise e
         File "/home/gmarkall/numbadev/numba/numba/core/compiler.py", line 485, in _compile_core
           pm.run(self.state)
         File "/home/gmarkall/numbadev/numba/numba/core/compiler_machinery.py", line 368, in run
           raise patched_exception
         File "/home/gmarkall/numbadev/numba/numba/core/compiler_machinery.py", line 356, in run
           self._runPass(idx, pass_inst, state)
         File "/home/gmarkall/numbadev/numba/numba/core/compiler_lock.py", line 35, in _acquire_compile_lock
           return func(*args, **kwargs)
         File "/home/gmarkall/numbadev/numba/numba/core/compiler_machinery.py", line 311, in _runPass
           mutated |= check(pss.run_pass, internal_state)
         File "/home/gmarkall/numbadev/numba/numba/core/compiler_machinery.py", line 273, in check
           mangled = func(compiler_state)
         File "/home/gmarkall/numbadev/numba/numba/core/typed_passes.py", line 105, in run_pass
           typemap, return_type, calltypes, errs = type_inference_stage(
         File "/home/gmarkall/numbadev/numba/numba/core/typed_passes.py", line 83, in type_inference_stage
           errs = infer.propagate(raise_errors=raise_errors)
         File "/home/gmarkall/numbadev/numba/numba/core/typeinfer.py", line 1086, in propagate
           raise errors[0]
       numba.core.errors.TypingError: Failed in nopython mode pipeline (step: nopython frontend)
       Invalid use of type(CPUDispatcher(<function _cross_impl at 0x7f284273f6d0>)) with parameters (array(int64, 2d, C), array(int64, 2d, C))
       
       During: resolving callee type: type(CPUDispatcher(<function _cross_impl at 0x7f284273f6d0>))
       During: typing of call at /home/gmarkall/numbadev/numba/numba/np/arraymath.py (4586)
       
       
       File "numba/np/arraymath.py", line 4586:
           def impl(a, b):
               <source elided>
               if a_.shape[-1] == 3 or b_.shape[-1] == 3:
                   return _cross_impl(a_, b_)
                   ^
  raised from /home/gmarkall/numbadev/numba/numba/core/typeinfer.py:1086

During: resolving callee type: Function(<function cross at 0x7f2845d2c670>)
During: typing of call at /home/gmarkall/numbadev/numba/numba/tests/test_np_functions.py (382)


File "numba/tests/test_np_functions.py", line 382:
def np_cross(a, b):
    return np.cross(a, b)
    ^


======================================================================
ERROR: test_objmode_custom_pipeline (numba.tests.test_pipeline.TestCustomPipeline)
----------------------------------------------------------------------
Traceback (most recent call last):
  File "/home/gmarkall/numbadev/numba/numba/tests/test_pipeline.py", line 80, in test_objmode_custom_pipeline
    self.assertEqual(foo(arg), arg + 1)
  File "/home/gmarkall/numbadev/numba/numba/core/dispatcher.py", line 468, in _compile_for_args
    error_rewrite(e, 'typing')
  File "/home/gmarkall/numbadev/numba/numba/core/dispatcher.py", line 407, in error_rewrite
    raise e
  File "/home/gmarkall/numbadev/numba/numba/core/dispatcher.py", line 420, in _compile_for_args
    return_val = self.compile(tuple(argtypes))
  File "/home/gmarkall/numbadev/numba/numba/core/dispatcher.py", line 965, in compile
    cres = self._compiler.compile(args, return_type)
  File "/home/gmarkall/numbadev/numba/numba/core/dispatcher.py", line 129, in compile
    raise retval
  File "/home/gmarkall/numbadev/numba/numba/core/dispatcher.py", line 139, in _compile_cached
    retval = self._compile_core(args, return_type)
  File "/home/gmarkall/numbadev/numba/numba/core/dispatcher.py", line 152, in _compile_core
    cres = compiler.compile_extra(self.targetdescr.typing_context,
  File "/home/gmarkall/numbadev/numba/numba/core/compiler.py", line 704, in compile_extra
    return pipeline.compile_extra(func)
  File "/home/gmarkall/numbadev/numba/numba/tests/test_pipeline.py", line 23, in compile_extra
    return super(CustomPipeline, self).compile_extra(func)
  File "/home/gmarkall/numbadev/numba/numba/core/compiler.py", line 452, in compile_extra
    return self._compile_bytecode()
  File "/home/gmarkall/numbadev/numba/numba/core/compiler.py", line 512, in _compile_bytecode
    return self._compile_core()
  File "/home/gmarkall/numbadev/numba/numba/core/compiler.py", line 495, in _compile_core
    raise e
  File "/home/gmarkall/numbadev/numba/numba/core/compiler.py", line 485, in _compile_core
    pm.run(self.state)
  File "/home/gmarkall/numbadev/numba/numba/core/compiler_machinery.py", line 368, in run
    raise patched_exception
  File "/home/gmarkall/numbadev/numba/numba/core/compiler_machinery.py", line 356, in run
    self._runPass(idx, pass_inst, state)
  File "/home/gmarkall/numbadev/numba/numba/core/compiler_lock.py", line 35, in _acquire_compile_lock
    return func(*args, **kwargs)
  File "/home/gmarkall/numbadev/numba/numba/core/compiler_machinery.py", line 311, in _runPass
    mutated |= check(pss.run_pass, internal_state)
  File "/home/gmarkall/numbadev/numba/numba/core/compiler_machinery.py", line 273, in check
    mangled = func(compiler_state)
  File "/home/gmarkall/numbadev/numba/numba/core/object_mode_passes.py", line 120, in run_pass
    lowered = backend_object_mode()
  File "/home/gmarkall/numbadev/numba/numba/core/object_mode_passes.py", line 115, in backend_object_mode
    return self._py_lowering_stage(state.targetctx,
  File "/home/gmarkall/numbadev/numba/numba/core/object_mode_passes.py", line 78, in _py_lowering_stage
    lower.lower()
  File "/home/gmarkall/numbadev/numba/numba/core/lowering.py", line 168, in lower
    self.lower_normal_function(self.fndesc)
  File "/home/gmarkall/numbadev/numba/numba/core/lowering.py", line 222, in lower_normal_function
    entry_block_tail = self.lower_function_body()
  File "/home/gmarkall/numbadev/numba/numba/core/lowering.py", line 251, in lower_function_body
    self.lower_block(block)
  File "/home/gmarkall/numbadev/numba/numba/core/lowering.py", line 265, in lower_block
    self.lower_inst(inst)
  File "/home/gmarkall/numbadev/numba/numba/core/pylowering.py", line 172, in lower_inst
    raise NumbaNotImplementedError(msg)
numba.core.errors.NumbaNotImplementedError: Failed in object mode pipeline (step: object mode backend)
<class 'numba.core.ir.EnterWith'>, enter_with $phi10.0
During: lowering "enter_with $phi10.0" at /home/gmarkall/numbadev/numba/numba/tests/test_pipeline.py (75)

======================================================================
ERROR: test_npm_argument_charseq (numba.tests.test_record_dtype.TestRecordDtypeWithCharSeq)
----------------------------------------------------------------------
Traceback (most recent call last):
  File "/home/gmarkall/numbadev/numba/numba/core/typeinfer.py", line 155, in propagate
    constraint(typeinfer)
  File "/home/gmarkall/numbadev/numba/numba/core/typeinfer.py", line 578, in __call__
    self.resolve(typeinfer, typevars, fnty)
  File "/home/gmarkall/numbadev/numba/numba/core/typeinfer.py", line 630, in resolve
    raise TypingError(msg)
numba.core.errors.TypingError: Invalid use of type(CPUDispatcher(<function TestRecordDtypeWithCharSeq.test_npm_argument_charseq.<locals>.<lambda> at 0x7f2880cf7c70>)) with parameters ([char x 5])

During: resolving callee type: type(CPUDispatcher(<function TestRecordDtypeWithCharSeq.test_npm_argument_charseq.<locals>.<lambda> at 0x7f2880cf7c70>))
During: typing of call at /home/gmarkall/numbadev/numba/numba/tests/test_record_dtype.py (1060)


The above exception was the direct cause of the following exception:

Traceback (most recent call last):
  File "/home/gmarkall/numbadev/numba/numba/tests/test_record_dtype.py", line 1064, in test_npm_argument_charseq
    got = cfunc(self.nbsample1d, i)
  File "/home/gmarkall/numbadev/numba/numba/core/dispatcher.py", line 468, in _compile_for_args
    error_rewrite(e, 'typing')
  File "/home/gmarkall/numbadev/numba/numba/core/dispatcher.py", line 407, in error_rewrite
    raise e
  File "/home/gmarkall/numbadev/numba/numba/core/dispatcher.py", line 420, in _compile_for_args
    return_val = self.compile(tuple(argtypes))
  File "/home/gmarkall/numbadev/numba/numba/core/dispatcher.py", line 965, in compile
    cres = self._compiler.compile(args, return_type)
  File "/home/gmarkall/numbadev/numba/numba/core/dispatcher.py", line 129, in compile
    raise retval
  File "/home/gmarkall/numbadev/numba/numba/core/dispatcher.py", line 139, in _compile_cached
    retval = self._compile_core(args, return_type)
  File "/home/gmarkall/numbadev/numba/numba/core/dispatcher.py", line 152, in _compile_core
    cres = compiler.compile_extra(self.targetdescr.typing_context,
  File "/home/gmarkall/numbadev/numba/numba/core/compiler.py", line 704, in compile_extra
    return pipeline.compile_extra(func)
  File "/home/gmarkall/numbadev/numba/numba/core/compiler.py", line 452, in compile_extra
    return self._compile_bytecode()
  File "/home/gmarkall/numbadev/numba/numba/core/compiler.py", line 512, in _compile_bytecode
    return self._compile_core()
  File "/home/gmarkall/numbadev/numba/numba/core/compiler.py", line 495, in _compile_core
    raise e
  File "/home/gmarkall/numbadev/numba/numba/core/compiler.py", line 485, in _compile_core
    pm.run(self.state)
  File "/home/gmarkall/numbadev/numba/numba/core/compiler_machinery.py", line 368, in run
    raise patched_exception
  File "/home/gmarkall/numbadev/numba/numba/core/compiler_machinery.py", line 356, in run
    self._runPass(idx, pass_inst, state)
  File "/home/gmarkall/numbadev/numba/numba/core/compiler_lock.py", line 35, in _acquire_compile_lock
    return func(*args, **kwargs)
  File "/home/gmarkall/numbadev/numba/numba/core/compiler_machinery.py", line 311, in _runPass
    mutated |= check(pss.run_pass, internal_state)
  File "/home/gmarkall/numbadev/numba/numba/core/compiler_machinery.py", line 273, in check
    mangled = func(compiler_state)
  File "/home/gmarkall/numbadev/numba/numba/core/typed_passes.py", line 105, in run_pass
    typemap, return_type, calltypes, errs = type_inference_stage(
  File "/home/gmarkall/numbadev/numba/numba/core/typed_passes.py", line 83, in type_inference_stage
    errs = infer.propagate(raise_errors=raise_errors)
  File "/home/gmarkall/numbadev/numba/numba/core/typeinfer.py", line 1086, in propagate
    raise errors[0]
numba.core.errors.TypingError: Failed in nopython mode pipeline (step: nopython frontend)
Invalid use of type(CPUDispatcher(<function TestRecordDtypeWithCharSeq.test_npm_argument_charseq.<locals>.<lambda> at 0x7f2880cf7c70>)) with parameters ([char x 5])

During: resolving callee type: type(CPUDispatcher(<function TestRecordDtypeWithCharSeq.test_npm_argument_charseq.<locals>.<lambda> at 0x7f2880cf7c70>))
During: typing of call at /home/gmarkall/numbadev/numba/numba/tests/test_record_dtype.py (1060)


File "numba/tests/test_record_dtype.py", line 1060:
        def cfunc(arr, i):
            return identity(arr[i].n)
            ^


======================================================================
ERROR: test_case5 (numba.tests.test_retargeting.TestRetargeting)
Tests overload resolution with target switching
----------------------------------------------------------------------
Traceback (most recent call last):
  File "/home/gmarkall/numbadev/numba/numba/core/typeinfer.py", line 155, in propagate
    constraint(typeinfer)
  File "/home/gmarkall/numbadev/numba/numba/core/typeinfer.py", line 578, in __call__
    self.resolve(typeinfer, typevars, fnty)
  File "/home/gmarkall/numbadev/numba/numba/core/typeinfer.py", line 601, in resolve
    sig = typeinfer.resolve_call(fnty, pos_args, kw_args)
  File "/home/gmarkall/numbadev/numba/numba/core/typeinfer.py", line 1555, in resolve_call
    return self.context.resolve_function_type(fnty, pos_args, kw_args)
  File "/home/gmarkall/numbadev/numba/numba/core/typing/context.py", line 213, in resolve_function_type
    raise last_exception
  File "/home/gmarkall/numbadev/numba/numba/core/typing/context.py", line 196, in resolve_function_type
    res = self._resolve_user_function_type(func, args, kws)
  File "/home/gmarkall/numbadev/numba/numba/core/typing/context.py", line 248, in _resolve_user_function_type
    return func.get_call_type(self, args, kws)
  File "/home/gmarkall/numbadev/numba/numba/core/types/functions.py", line 331, in get_call_type
    failures.raise_error()
  File "/home/gmarkall/numbadev/numba/numba/core/types/functions.py", line 227, in raise_error
    raise errors.TypingError(self.format())
numba.core.errors.TypingError: No implementation of function Function(<function TestRetargeting.test_case5.<locals>.overloaded_func at 0x7f283fc6d5a0>) found for signature:
 
 >>> overloaded_func(int64)
 
There are 2 candidate implementations:
  - Of which 2 did not match due to:
  Overload of function 'overloaded_func': File: numba/tests/test_retargeting.py: Line 270.
    With argument(s): '(int64)':
   No match.

During: resolving callee type: Function(<function TestRetargeting.test_case5.<locals>.overloaded_func at 0x7f283fc6d5a0>)
During: typing of call at /home/gmarkall/numbadev/numba/numba/tests/test_retargeting.py (282)


The above exception was the direct cause of the following exception:

Traceback (most recent call last):
  File "/home/gmarkall/numbadev/numba/numba/tests/test_retargeting.py", line 284, in test_case5
    r = foo(123)
  File "/home/gmarkall/numbadev/numba/numba/core/dispatcher.py", line 468, in _compile_for_args
    error_rewrite(e, 'typing')
  File "/home/gmarkall/numbadev/numba/numba/core/dispatcher.py", line 407, in error_rewrite
    raise e
  File "/home/gmarkall/numbadev/numba/numba/core/dispatcher.py", line 420, in _compile_for_args
    return_val = self.compile(tuple(argtypes))
  File "/home/gmarkall/numbadev/numba/numba/core/dispatcher.py", line 965, in compile
    cres = self._compiler.compile(args, return_type)
  File "/home/gmarkall/numbadev/numba/numba/core/dispatcher.py", line 129, in compile
    raise retval
  File "/home/gmarkall/numbadev/numba/numba/core/dispatcher.py", line 139, in _compile_cached
    retval = self._compile_core(args, return_type)
  File "/home/gmarkall/numbadev/numba/numba/core/dispatcher.py", line 152, in _compile_core
    cres = compiler.compile_extra(self.targetdescr.typing_context,
  File "/home/gmarkall/numbadev/numba/numba/core/compiler.py", line 704, in compile_extra
    return pipeline.compile_extra(func)
  File "/home/gmarkall/numbadev/numba/numba/core/compiler.py", line 452, in compile_extra
    return self._compile_bytecode()
  File "/home/gmarkall/numbadev/numba/numba/core/compiler.py", line 512, in _compile_bytecode
    return self._compile_core()
  File "/home/gmarkall/numbadev/numba/numba/core/compiler.py", line 495, in _compile_core
    raise e
  File "/home/gmarkall/numbadev/numba/numba/core/compiler.py", line 485, in _compile_core
    pm.run(self.state)
  File "/home/gmarkall/numbadev/numba/numba/core/compiler_machinery.py", line 368, in run
    raise patched_exception
  File "/home/gmarkall/numbadev/numba/numba/core/compiler_machinery.py", line 356, in run
    self._runPass(idx, pass_inst, state)
  File "/home/gmarkall/numbadev/numba/numba/core/compiler_lock.py", line 35, in _acquire_compile_lock
    return func(*args, **kwargs)
  File "/home/gmarkall/numbadev/numba/numba/core/compiler_machinery.py", line 311, in _runPass
    mutated |= check(pss.run_pass, internal_state)
  File "/home/gmarkall/numbadev/numba/numba/core/compiler_machinery.py", line 273, in check
    mangled = func(compiler_state)
  File "/home/gmarkall/numbadev/numba/numba/core/typed_passes.py", line 105, in run_pass
    typemap, return_type, calltypes, errs = type_inference_stage(
  File "/home/gmarkall/numbadev/numba/numba/core/typed_passes.py", line 83, in type_inference_stage
    errs = infer.propagate(raise_errors=raise_errors)
  File "/home/gmarkall/numbadev/numba/numba/core/typeinfer.py", line 1086, in propagate
    raise errors[0]
numba.core.errors.TypingError: Failed in nopython mode pipeline (step: nopython frontend)
No implementation of function Function(<function TestRetargeting.test_case5.<locals>.overloaded_func at 0x7f283fc6d5a0>) found for signature:
 
 >>> overloaded_func(int64)
 
There are 2 candidate implementations:
  - Of which 2 did not match due to:
  Overload of function 'overloaded_func': File: numba/tests/test_retargeting.py: Line 270.
    With argument(s): '(int64)':
   No match.

During: resolving callee type: Function(<function TestRetargeting.test_case5.<locals>.overloaded_func at 0x7f283fc6d5a0>)
During: typing of call at /home/gmarkall/numbadev/numba/numba/tests/test_retargeting.py (282)


File "numba/tests/test_retargeting.py", line 282:
        def foo(x):
            return x + overloaded_func(x)
            ^


======================================================================
ERROR: test_gitdiff (numba.tests.test_runtests.TestCase)
----------------------------------------------------------------------
Traceback (most recent call last):
  File "/home/gmarkall/numbadev/numba/numba/tests/test_runtests.py", line 149, in test_gitdiff
    outs = self.get_testsuite_listing(['-g'])
  File "/home/gmarkall/numbadev/numba/numba/tests/test_runtests.py", line 34, in get_testsuite_listing
    out_bytes = subprocess.check_output(cmd, **subp_kwargs)
  File "/home/gmarkall/mambaforge/envs/numbadev/lib/python3.10/subprocess.py", line 420, in check_output
    return run(*popenargs, stdout=PIPE, timeout=timeout, check=True,
  File "/home/gmarkall/mambaforge/envs/numbadev/lib/python3.10/subprocess.py", line 524, in run
    raise CalledProcessError(retcode, process.args,
subprocess.CalledProcessError: Command '['/home/gmarkall/mambaforge/envs/numbadev/bin/python', '-m', 'numba.runtests', '-l', '-g']' returned non-zero exit status 1.

======================================================================
ERROR: test_basic_offload (numba.tests.test_target_extension.TestTargetOffload)
----------------------------------------------------------------------
Traceback (most recent call last):
  File "/home/gmarkall/numbadev/numba/numba/tests/test_target_extension.py", line 767, in test_basic_offload
    self.assertPreciseEqual(foo(5), 314159.0)
  File "/home/gmarkall/numbadev/numba/numba/core/dispatcher.py", line 487, in _compile_for_args
    raise e
  File "/home/gmarkall/numbadev/numba/numba/core/dispatcher.py", line 420, in _compile_for_args
    return_val = self.compile(tuple(argtypes))
  File "/home/gmarkall/numbadev/numba/numba/core/dispatcher.py", line 965, in compile
    cres = self._compiler.compile(args, return_type)
  File "/home/gmarkall/numbadev/numba/numba/core/dispatcher.py", line 125, in compile
    status, retval = self._compile_cached(args, return_type)
  File "/home/gmarkall/numbadev/numba/numba/core/dispatcher.py", line 139, in _compile_cached
    retval = self._compile_core(args, return_type)
  File "/home/gmarkall/numbadev/numba/numba/core/dispatcher.py", line 152, in _compile_core
    cres = compiler.compile_extra(self.targetdescr.typing_context,
  File "/home/gmarkall/numbadev/numba/numba/core/compiler.py", line 704, in compile_extra
    return pipeline.compile_extra(func)
  File "/home/gmarkall/numbadev/numba/numba/core/compiler.py", line 452, in compile_extra
    return self._compile_bytecode()
  File "/home/gmarkall/numbadev/numba/numba/core/compiler.py", line 512, in _compile_bytecode
    return self._compile_core()
  File "/home/gmarkall/numbadev/numba/numba/core/compiler.py", line 492, in _compile_core
    raise e
  File "/home/gmarkall/numbadev/numba/numba/core/compiler.py", line 485, in _compile_core
    pm.run(self.state)
  File "/home/gmarkall/numbadev/numba/numba/core/compiler_machinery.py", line 364, in run
    raise e
  File "/home/gmarkall/numbadev/numba/numba/core/compiler_machinery.py", line 356, in run
    self._runPass(idx, pass_inst, state)
  File "/home/gmarkall/numbadev/numba/numba/core/compiler_lock.py", line 35, in _acquire_compile_lock
    return func(*args, **kwargs)
  File "/home/gmarkall/numbadev/numba/numba/core/compiler_machinery.py", line 311, in _runPass
    mutated |= check(pss.run_pass, internal_state)
  File "/home/gmarkall/numbadev/numba/numba/core/compiler_machinery.py", line 273, in check
    mangled = func(compiler_state)
  File "/home/gmarkall/numbadev/numba/numba/core/typed_passes.py", line 394, in run_pass
    lower.lower()
  File "/home/gmarkall/numbadev/numba/numba/core/lowering.py", line 168, in lower
    self.lower_normal_function(self.fndesc)
  File "/home/gmarkall/numbadev/numba/numba/core/lowering.py", line 222, in lower_normal_function
    entry_block_tail = self.lower_function_body()
  File "/home/gmarkall/numbadev/numba/numba/core/lowering.py", line 251, in lower_function_body
    self.lower_block(block)
  File "/home/gmarkall/numbadev/numba/numba/core/lowering.py", line 265, in lower_block
    self.lower_inst(inst)
  File "/home/gmarkall/numbadev/numba/numba/core/lowering.py", line 439, in lower_inst
    val = self.lower_assign(ty, inst)
  File "/home/gmarkall/numbadev/numba/numba/core/lowering.py", line 626, in lower_assign
    return self.lower_expr(ty, value)
  File "/home/gmarkall/numbadev/numba/numba/core/lowering.py", line 1162, in lower_expr
    res = self.lower_call(resty, expr)
  File "/home/gmarkall/numbadev/numba/numba/core/lowering.py", line 891, in lower_call
    res = self._lower_call_normal(fnty, expr, signature)
  File "/home/gmarkall/numbadev/numba/numba/core/lowering.py", line 1125, in _lower_call_normal
    impl = self.context.get_function(fnty, signature)
  File "/home/gmarkall/numbadev/numba/numba/core/base.py", line 559, in get_function
    return self.get_function(fn, sig, _firstcall=False)
  File "/home/gmarkall/numbadev/numba/numba/core/base.py", line 561, in get_function
    raise NotImplementedError("No definition for lowering %s%s" % (key, sig))
NotImplementedError: No definition for lowering <ufunc 'sin'>(int64,) -> float64

======================================================================
ERROR: test_build_unpack_call (numba.tests.test_tuples.TestTupleBuild)
----------------------------------------------------------------------
Traceback (most recent call last):
  File "/home/gmarkall/numbadev/numba/numba/core/typeinfer.py", line 155, in propagate
    constraint(typeinfer)
  File "/home/gmarkall/numbadev/numba/numba/core/typeinfer.py", line 578, in __call__
    self.resolve(typeinfer, typevars, fnty)
  File "/home/gmarkall/numbadev/numba/numba/core/typeinfer.py", line 630, in resolve
    raise TypingError(msg)
numba.core.errors.TypingError: Invalid use of type(CPUDispatcher(<function TestTupleBuild.test_build_unpack_call.<locals>.check.<locals>.inner at 0x7f2880f9e8c0>)) with parameters (int64, int64, int64)

During: resolving callee type: type(CPUDispatcher(<function TestTupleBuild.test_build_unpack_call.<locals>.check.<locals>.inner at 0x7f2880f9e8c0>))
During: typing of call at /home/gmarkall/numbadev/numba/numba/tests/test_tuples.py (701)


The above exception was the direct cause of the following exception:

Traceback (most recent call last):
  File "/home/gmarkall/numbadev/numba/numba/tests/test_tuples.py", line 706, in test_build_unpack_call
    check((4, 5))
  File "/home/gmarkall/numbadev/numba/numba/tests/test_tuples.py", line 703, in check
    self.assertPreciseEqual(cfunc(p), pyfunc(p))
  File "/home/gmarkall/numbadev/numba/numba/core/dispatcher.py", line 468, in _compile_for_args
    error_rewrite(e, 'typing')
  File "/home/gmarkall/numbadev/numba/numba/core/dispatcher.py", line 407, in error_rewrite
    raise e
  File "/home/gmarkall/numbadev/numba/numba/core/dispatcher.py", line 420, in _compile_for_args
    return_val = self.compile(tuple(argtypes))
  File "/home/gmarkall/numbadev/numba/numba/core/dispatcher.py", line 965, in compile
    cres = self._compiler.compile(args, return_type)
  File "/home/gmarkall/numbadev/numba/numba/core/dispatcher.py", line 129, in compile
    raise retval
  File "/home/gmarkall/numbadev/numba/numba/core/dispatcher.py", line 139, in _compile_cached
    retval = self._compile_core(args, return_type)
  File "/home/gmarkall/numbadev/numba/numba/core/dispatcher.py", line 152, in _compile_core
    cres = compiler.compile_extra(self.targetdescr.typing_context,
  File "/home/gmarkall/numbadev/numba/numba/core/compiler.py", line 704, in compile_extra
    return pipeline.compile_extra(func)
  File "/home/gmarkall/numbadev/numba/numba/core/compiler.py", line 452, in compile_extra
    return self._compile_bytecode()
  File "/home/gmarkall/numbadev/numba/numba/core/compiler.py", line 512, in _compile_bytecode
    return self._compile_core()
  File "/home/gmarkall/numbadev/numba/numba/core/compiler.py", line 495, in _compile_core
    raise e
  File "/home/gmarkall/numbadev/numba/numba/core/compiler.py", line 485, in _compile_core
    pm.run(self.state)
  File "/home/gmarkall/numbadev/numba/numba/core/compiler_machinery.py", line 368, in run
    raise patched_exception
  File "/home/gmarkall/numbadev/numba/numba/core/compiler_machinery.py", line 356, in run
    self._runPass(idx, pass_inst, state)
  File "/home/gmarkall/numbadev/numba/numba/core/compiler_lock.py", line 35, in _acquire_compile_lock
    return func(*args, **kwargs)
  File "/home/gmarkall/numbadev/numba/numba/core/compiler_machinery.py", line 311, in _runPass
    mutated |= check(pss.run_pass, internal_state)
  File "/home/gmarkall/numbadev/numba/numba/core/compiler_machinery.py", line 273, in check
    mangled = func(compiler_state)
  File "/home/gmarkall/numbadev/numba/numba/core/typed_passes.py", line 105, in run_pass
    typemap, return_type, calltypes, errs = type_inference_stage(
  File "/home/gmarkall/numbadev/numba/numba/core/typed_passes.py", line 83, in type_inference_stage
    errs = infer.propagate(raise_errors=raise_errors)
  File "/home/gmarkall/numbadev/numba/numba/core/typeinfer.py", line 1086, in propagate
    raise errors[0]
numba.core.errors.TypingError: Failed in nopython mode pipeline (step: nopython frontend)
Invalid use of type(CPUDispatcher(<function TestTupleBuild.test_build_unpack_call.<locals>.check.<locals>.inner at 0x7f2880f9e8c0>)) with parameters (int64, int64, int64)

During: resolving callee type: type(CPUDispatcher(<function TestTupleBuild.test_build_unpack_call.<locals>.check.<locals>.inner at 0x7f2880f9e8c0>))
During: typing of call at /home/gmarkall/numbadev/numba/numba/tests/test_tuples.py (701)


File "numba/tests/test_tuples.py", line 701:
            def inner(*args):
                <source elided>
                return args
            pyfunc = lambda a: inner(1, *a)
            ^


======================================================================
ERROR: test_build_unpack_call_more (numba.tests.test_tuples.TestTupleBuild)
----------------------------------------------------------------------
Traceback (most recent call last):
  File "/home/gmarkall/numbadev/numba/numba/core/typeinfer.py", line 155, in propagate
    constraint(typeinfer)
  File "/home/gmarkall/numbadev/numba/numba/core/typeinfer.py", line 578, in __call__
    self.resolve(typeinfer, typevars, fnty)
  File "/home/gmarkall/numbadev/numba/numba/core/typeinfer.py", line 630, in resolve
    raise TypingError(msg)
numba.core.errors.TypingError: Invalid use of type(CPUDispatcher(<function TestTupleBuild.test_build_unpack_call_more.<locals>.check.<locals>.inner at 0x7f283fe1dcf0>)) with parameters (int64, int64, int64, int64, int64, int64, int64)

During: resolving callee type: type(CPUDispatcher(<function TestTupleBuild.test_build_unpack_call_more.<locals>.check.<locals>.inner at 0x7f283fe1dcf0>))
During: typing of call at /home/gmarkall/numbadev/numba/numba/tests/test_tuples.py (715)


The above exception was the direct cause of the following exception:

Traceback (most recent call last):
  File "/home/gmarkall/numbadev/numba/numba/tests/test_tuples.py", line 720, in test_build_unpack_call_more
    check((4, 5))
  File "/home/gmarkall/numbadev/numba/numba/tests/test_tuples.py", line 717, in check
    self.assertPreciseEqual(cfunc(p), pyfunc(p))
  File "/home/gmarkall/numbadev/numba/numba/core/dispatcher.py", line 468, in _compile_for_args
    error_rewrite(e, 'typing')
  File "/home/gmarkall/numbadev/numba/numba/core/dispatcher.py", line 407, in error_rewrite
    raise e
  File "/home/gmarkall/numbadev/numba/numba/core/dispatcher.py", line 420, in _compile_for_args
    return_val = self.compile(tuple(argtypes))
  File "/home/gmarkall/numbadev/numba/numba/core/dispatcher.py", line 965, in compile
    cres = self._compiler.compile(args, return_type)
  File "/home/gmarkall/numbadev/numba/numba/core/dispatcher.py", line 129, in compile
    raise retval
  File "/home/gmarkall/numbadev/numba/numba/core/dispatcher.py", line 139, in _compile_cached
    retval = self._compile_core(args, return_type)
  File "/home/gmarkall/numbadev/numba/numba/core/dispatcher.py", line 152, in _compile_core
    cres = compiler.compile_extra(self.targetdescr.typing_context,
  File "/home/gmarkall/numbadev/numba/numba/core/compiler.py", line 704, in compile_extra
    return pipeline.compile_extra(func)
  File "/home/gmarkall/numbadev/numba/numba/core/compiler.py", line 452, in compile_extra
    return self._compile_bytecode()
  File "/home/gmarkall/numbadev/numba/numba/core/compiler.py", line 512, in _compile_bytecode
    return self._compile_core()
  File "/home/gmarkall/numbadev/numba/numba/core/compiler.py", line 495, in _compile_core
    raise e
  File "/home/gmarkall/numbadev/numba/numba/core/compiler.py", line 485, in _compile_core
    pm.run(self.state)
  File "/home/gmarkall/numbadev/numba/numba/core/compiler_machinery.py", line 368, in run
    raise patched_exception
  File "/home/gmarkall/numbadev/numba/numba/core/compiler_machinery.py", line 356, in run
    self._runPass(idx, pass_inst, state)
  File "/home/gmarkall/numbadev/numba/numba/core/compiler_lock.py", line 35, in _acquire_compile_lock
    return func(*args, **kwargs)
  File "/home/gmarkall/numbadev/numba/numba/core/compiler_machinery.py", line 311, in _runPass
    mutated |= check(pss.run_pass, internal_state)
  File "/home/gmarkall/numbadev/numba/numba/core/compiler_machinery.py", line 273, in check
    mangled = func(compiler_state)
  File "/home/gmarkall/numbadev/numba/numba/core/typed_passes.py", line 105, in run_pass
    typemap, return_type, calltypes, errs = type_inference_stage(
  File "/home/gmarkall/numbadev/numba/numba/core/typed_passes.py", line 83, in type_inference_stage
    errs = infer.propagate(raise_errors=raise_errors)
  File "/home/gmarkall/numbadev/numba/numba/core/typeinfer.py", line 1086, in propagate
    raise errors[0]
numba.core.errors.TypingError: Failed in nopython mode pipeline (step: nopython frontend)
Invalid use of type(CPUDispatcher(<function TestTupleBuild.test_build_unpack_call_more.<locals>.check.<locals>.inner at 0x7f283fe1dcf0>)) with parameters (int64, int64, int64, int64, int64, int64, int64)

During: resolving callee type: type(CPUDispatcher(<function TestTupleBuild.test_build_unpack_call_more.<locals>.check.<locals>.inner at 0x7f283fe1dcf0>))
During: typing of call at /home/gmarkall/numbadev/numba/numba/tests/test_tuples.py (715)


File "numba/tests/test_tuples.py", line 715:
            def inner(*args):
                <source elided>
                return args
            pyfunc = lambda a: inner(1, *a, *(1, 2), *a)
            ^


======================================================================
FAIL: test_caching (numba.tests.test_caching.TestCFuncCache)
----------------------------------------------------------------------
Traceback (most recent call last):
  File "/home/gmarkall/numbadev/numba/numba/tests/test_caching.py", line 1072, in test_caching
    self.run_in_separate_process()
  File "/home/gmarkall/numbadev/numba/numba/tests/test_caching.py", line 1045, in run_in_separate_process
    raise AssertionError(f"process failed with code {popen.returncode}:"
AssertionError: process failed with code 1:stderr follows
Traceback (most recent call last):
  File "<string>", line 9, in <module>
AssertionError



======================================================================
FAIL: test_cache_reuse (numba.tests.test_caching.TestCache)
----------------------------------------------------------------------
Traceback (most recent call last):
  File "/home/gmarkall/numbadev/numba/numba/tests/test_caching.py", line 480, in test_cache_reuse
    self.assertEqual(self.get_cache_mtimes(), mtimes)
AssertionError: {'dis[69 chars]272307.0035691, 'dispatcher_caching_test_fodde[1006 chars]5804} != {'dis[69 chars]272305.2995224, 'dispatcher_caching_test_fodde[1007 chars]5306}
- {'dispatcher_caching_test_fodder.add_objmode_usecase-32.py310.1.nbc': 1664272307.0035691,
?                                                                                ^ ^^^ ^^^

+ {'dispatcher_caching_test_fodder.add_objmode_usecase-32.py310.1.nbc': 1664272305.2995224,
?                                                                                ^ ^^^ ^^^

-  'dispatcher_caching_test_fodder.add_objmode_usecase-32.py310.nbi': 1664272307.0035691,
?                                                                              ^ ^^^ ^^^

+  'dispatcher_caching_test_fodder.add_objmode_usecase-32.py310.nbi': 1664272305.2995224,
?                                                                              ^ ^^^ ^^^

-  'dispatcher_caching_test_fodder.add_usecase-27.py310.1.nbc': 1664272306.9315672,
?                                                                        ^ ^^  ^^^

+  'dispatcher_caching_test_fodder.add_usecase-27.py310.1.nbc': 1664272305.1715188,
?                                                                        ^ ^^  ^^^

   'dispatcher_caching_test_fodder.add_usecase-27.py310.2.nbc': 1664272305.2235203,
-  'dispatcher_caching_test_fodder.add_usecase-27.py310.nbi': 1664272306.9315672,
?                                                                      ^ ^ - --

+  'dispatcher_caching_test_fodder.add_usecase-27.py310.nbi': 1664272305.2235203,
?                                                                      ^ ^^   ++

-  'dispatcher_caching_test_fodder.generated_usecase-43.py310.1.nbc': 1664272307.2635763,
?                                                                              ^ -   ^^

+  'dispatcher_caching_test_fodder.generated_usecase-43.py310.1.nbc': 1664272305.683533,
?                                                                              ^  +  ^

-  'dispatcher_caching_test_fodder.generated_usecase-43.py310.nbi': 1664272307.2635763,
?                                                                            ^ -   ^^

+  'dispatcher_caching_test_fodder.generated_usecase-43.py310.nbi': 1664272305.683533,
?                                                                            ^  +  ^

-  'dispatcher_caching_test_fodder.inner-54.py310.1.nbc': 1664272307.067571,
?                                                                  ^ ^   ^

+  'dispatcher_caching_test_fodder.inner-54.py310.1.nbc': 1664272305.3675241,
?                                                                  ^ ^   ^^

-  'dispatcher_caching_test_fodder.inner-54.py310.nbi': 1664272307.067571,
?                                                                ^ ^   ^

+  'dispatcher_caching_test_fodder.inner-54.py310.nbi': 1664272305.3675241,
?                                                                ^ ^   ^^

-  'dispatcher_caching_test_fodder.outer-58.py310.1.nbc': 1664272307.211575,
?                                                                  ^  ^^^^^

+  'dispatcher_caching_test_fodder.outer-58.py310.1.nbc': 1664272305.4595268,
?                                                                  ^ ++++ ^^

-  'dispatcher_caching_test_fodder.outer-58.py310.nbi': 1664272307.211575,
?                                                                ^  ^^^^^

+  'dispatcher_caching_test_fodder.outer-58.py310.nbi': 1664272305.4595268,
?                                                                ^ ++++ ^^

-  'dispatcher_caching_test_fodder.record_return-137.py310.1.nbc': 1664272307.3355784,
?                                                                           ^ ^   ^^^

+  'dispatcher_caching_test_fodder.record_return-137.py310.1.nbc': 1664272305.535529,
?                                                                           ^ ^   ^^

-  'dispatcher_caching_test_fodder.record_return-137.py310.2.nbc': 1664272307.4115803,
?                                                                           ^ ^^^^^

+  'dispatcher_caching_test_fodder.record_return-137.py310.2.nbc': 1664272305.6035306,
?                                                                           ^ ^  ++++

-  'dispatcher_caching_test_fodder.record_return-137.py310.nbi': 1664272307.4075804}
?                                                                         ^ ^ ^ ^ ^

+  'dispatcher_caching_test_fodder.record_return-137.py310.nbi': 1664272305.6035306}
?                                                                         ^ ^ ^ ^ ^


======================================================================
FAIL: test_jitfallback (numba.tests.test_deprecations.TestDeprecation)
----------------------------------------------------------------------
Traceback (most recent call last):
  File "/home/gmarkall/numbadev/numba/numba/tests/test_deprecations.py", line 29, in test_jitfallback
    self.check_warning(w, msg, NumbaDeprecationWarning)
  File "/home/gmarkall/numbadev/numba/numba/tests/test_deprecations.py", line 11, in check_warning
    self.assertEqual(len(warnings), 1)
AssertionError: 0 != 1

======================================================================
FAIL: test_disabled_compilation_nested_call (numba.tests.test_dispatcher.TestDispatcher)
----------------------------------------------------------------------
Traceback (most recent call last):
  File "/home/gmarkall/numbadev/numba/numba/tests/test_dispatcher.py", line 302, in test_disabled_compilation_nested_call
    with self.assertRaises(TypeError) as raises:
AssertionError: TypeError not raised

======================================================================
FAIL: test_explicit_signatures (numba.tests.test_dispatcher.TestDispatcher)
----------------------------------------------------------------------
Traceback (most recent call last):
  File "/home/gmarkall/numbadev/numba/numba/tests/test_dispatcher.py", line 209, in test_explicit_signatures
    self.assertPreciseEqual(f(1.5, 2.5), 3)
  File "/home/gmarkall/numbadev/numba/numba/tests/support.py", line 391, in assertPreciseEqual
    self.fail("when comparing %s and %s: %s" % (first, second, failure_msg))
AssertionError: when comparing 4.0 and 3: 'approximate' != 'exact'
- approximate
+ exact
 : Type Family mismatch. (approximate != exact)

======================================================================
FAIL: test_matching_error_message (numba.tests.test_dispatcher.TestDispatcher)
----------------------------------------------------------------------
Traceback (most recent call last):
  File "/home/gmarkall/numbadev/numba/numba/tests/test_dispatcher.py", line 264, in test_matching_error_message
    with self.assertRaises(TypeError) as cm:
AssertionError: TypeError not raised

======================================================================
FAIL: test_recompile_signatures (numba.tests.test_dispatcher.TestDispatcherMethods)
----------------------------------------------------------------------
Traceback (most recent call last):
  File "/home/gmarkall/numbadev/numba/numba/tests/test_dispatcher.py", line 728, in test_recompile_signatures
    self.assertPreciseEqual(foo(1.5), 2)
  File "/home/gmarkall/numbadev/numba/numba/tests/support.py", line 391, in assertPreciseEqual
    self.fail("when comparing %s and %s: %s" % (first, second, failure_msg))
AssertionError: when comparing 2.5 and 2: 'approximate' != 'exact'
- approximate
+ exact
 : Type Family mismatch. (approximate != exact)

======================================================================
FAIL: test_object_mode (numba.tests.test_gil.TestGILRelease)
When the function is compiled in object mode, a warning is
----------------------------------------------------------------------
Traceback (most recent call last):
  File "/home/gmarkall/numbadev/numba/numba/tests/test_gil.py", line 175, in test_object_mode
    self.assertTrue(any(w.category is errors.NumbaWarning
AssertionError: False is not true : []

======================================================================
FAIL: test_bound_jit_method_with_loop_lift (numba.tests.test_jitmethod.TestJITMethod)
----------------------------------------------------------------------
Traceback (most recent call last):
  File "/home/gmarkall/numbadev/numba/numba/tests/test_jitmethod.py", line 35, in test_bound_jit_method_with_loop_lift
    self.assertTrue(loopcres.fndesc.native)
AssertionError: False is not true

======================================================================
FAIL: test_issue_2368 (numba.tests.test_looplifting.TestLoopLiftingInAction)
----------------------------------------------------------------------
Traceback (most recent call last):
  File "/home/gmarkall/numbadev/numba/numba/tests/test_looplifting.py", line 394, in test_issue_2368
    self.assertTrue(loopcres.fndesc.native)
AssertionError: False is not true

======================================================================
FAIL: test_lift_listcomp_block0 (numba.tests.test_looplifting.TestLoopLiftingInAction)
----------------------------------------------------------------------
Traceback (most recent call last):
  File "/home/gmarkall/numbadev/numba/numba/tests/test_looplifting.py", line 575, in test_lift_listcomp_block0
    self.assertEqual(f.overloads[f.signatures[0]].lifted, ())
AssertionError: Tuples differ: (LiftedLoop(<function TestLoopLiftingInAct[59 chars]0>),) != ()

First tuple contains 1 additional elements.
First extra element 0:
LiftedLoop(<function TestLoopLiftingInAction.test_lift_listcomp_block0.<locals>.foo at 0x7f28409270a0>)

- (LiftedLoop(<function TestLoopLiftingInAction.test_lift_listcomp_block0.<locals>.foo at 0x7f28409270a0>),)
+ ()

======================================================================
FAIL: test_lift_objectmode_issue_4223 (numba.tests.test_looplifting.TestLoopLiftingInAction)
----------------------------------------------------------------------
Traceback (most recent call last):
  File "/home/gmarkall/numbadev/numba/numba/tests/test_looplifting.py", line 600, in test_lift_objectmode_issue_4223
    self.assertEqual(len(lifted.nopython_signatures), 1)
AssertionError: 0 != 1

======================================================================
FAIL: test_arrayexprs (numba.tests.test_parfors_caching.TestParforsCache)
----------------------------------------------------------------------
Traceback (most recent call last):
  File "/home/gmarkall/numbadev/numba/numba/tests/test_parfors_caching.py", line 37, in test_arrayexprs
    self.run_test(f)
  File "/home/gmarkall/numbadev/numba/numba/tests/test_parfors_caching.py", line 33, in run_test
    self.run_in_separate_process()
  File "/home/gmarkall/numbadev/numba/numba/tests/test_caching.py", line 272, in run_in_separate_process
    raise AssertionError(
AssertionError: process failed with code 1: 
stdout follows

stderr follows
Traceback (most recent call last):
  File "<string>", line 6, in <module>
  File "/tmp/numba-tests.1000/test_cache-w5f7v2f7/parfors_caching_test_fodder.py", line 61, in self_test
    _TestModule().check_module(mod)
  File "/tmp/numba-tests.1000/test_cache-w5f7v2f7/parfors_caching_test_fodder.py", line 43, in check_module
    self.assertGreater(
  File "/home/gmarkall/mambaforge/envs/numbadev/lib/python3.10/unittest/case.py", line 1244, in assertGreater
    self.fail(self._formatMessage(msg, standardMsg))
  File "/home/gmarkall/mambaforge/envs/numbadev/lib/python3.10/unittest/case.py", line 675, in fail
    raise self.failureException(msg)
AssertionError: 0 not greater than 0 : At least one dispatcher has used the cache



======================================================================
FAIL: test_prange (numba.tests.test_parfors_caching.TestParforsCache)
----------------------------------------------------------------------
Traceback (most recent call last):
  File "/home/gmarkall/numbadev/numba/numba/tests/test_parfors_caching.py", line 41, in test_prange
    self.run_test(f)
  File "/home/gmarkall/numbadev/numba/numba/tests/test_parfors_caching.py", line 33, in run_test
    self.run_in_separate_process()
  File "/home/gmarkall/numbadev/numba/numba/tests/test_caching.py", line 272, in run_in_separate_process
    raise AssertionError(
AssertionError: process failed with code 1: 
stdout follows

stderr follows
Traceback (most recent call last):
  File "<string>", line 6, in <module>
  File "/tmp/numba-tests.1000/test_cache-a2xo1xg1/parfors_caching_test_fodder.py", line 61, in self_test
    _TestModule().check_module(mod)
  File "/tmp/numba-tests.1000/test_cache-a2xo1xg1/parfors_caching_test_fodder.py", line 43, in check_module
    self.assertGreater(
  File "/home/gmarkall/mambaforge/envs/numbadev/lib/python3.10/unittest/case.py", line 1244, in assertGreater
    self.fail(self._formatMessage(msg, standardMsg))
  File "/home/gmarkall/mambaforge/envs/numbadev/lib/python3.10/unittest/case.py", line 675, in fail
    raise self.failureException(msg)
AssertionError: 0 not greater than 0 : At least one dispatcher has used the cache



======================================================================
FAIL: test_caller (numba.tests.test_parfors_caching.TestParforsCache)
----------------------------------------------------------------------
Traceback (most recent call last):
  File "/home/gmarkall/numbadev/numba/numba/tests/test_parfors_caching.py", line 47, in test_caller
    self.run_test(f, num_funcs=3)
  File "/home/gmarkall/numbadev/numba/numba/tests/test_parfors_caching.py", line 33, in run_test
    self.run_in_separate_process()
  File "/home/gmarkall/numbadev/numba/numba/tests/test_caching.py", line 272, in run_in_separate_process
    raise AssertionError(
AssertionError: process failed with code 1: 
stdout follows

stderr follows
Traceback (most recent call last):
  File "<string>", line 6, in <module>
  File "/tmp/numba-tests.1000/test_cache-g9juo8jt/parfors_caching_test_fodder.py", line 61, in self_test
    _TestModule().check_module(mod)
  File "/tmp/numba-tests.1000/test_cache-g9juo8jt/parfors_caching_test_fodder.py", line 43, in check_module
    self.assertGreater(
  File "/home/gmarkall/mambaforge/envs/numbadev/lib/python3.10/unittest/case.py", line 1244, in assertGreater
    self.fail(self._formatMessage(msg, standardMsg))
  File "/home/gmarkall/mambaforge/envs/numbadev/lib/python3.10/unittest/case.py", line 675, in fail
    raise self.failureException(msg)
AssertionError: 0 not greater than 0 : At least one dispatcher has used the cache



======================================================================
FAIL: test_call_with_sig (numba.tests.test_serialize.TestDispatcherPickling)
----------------------------------------------------------------------
Traceback (most recent call last):
  File "/home/gmarkall/numbadev/numba/numba/tests/test_serialize.py", line 56, in test_call_with_sig
    self.run_with_protocols(self.check_call, add_with_sig, 5, (1.2, 4.2))
  File "/home/gmarkall/numbadev/numba/numba/tests/test_serialize.py", line 22, in run_with_protocols
    meth(proto, *args, **kwargs)
  File "/home/gmarkall/numbadev/numba/numba/tests/test_serialize.py", line 47, in check_call
    check_result(func)
  File "/home/gmarkall/numbadev/numba/numba/tests/test_serialize.py", line 44, in check_result
    self.assertPreciseEqual(func(*args), expected_result)
  File "/home/gmarkall/numbadev/numba/numba/tests/support.py", line 391, in assertPreciseEqual
    self.fail("when comparing %s and %s: %s" % (first, second, failure_msg))
AssertionError: when comparing 5.4 and 5: 'approximate' != 'exact'
- approximate
+ exact
 : Type Family mismatch. (approximate != exact)

======================================================================
FAIL: test_specialise_dpu (numba.tests.test_target_extension.TestTargetHierarchySelection)
----------------------------------------------------------------------
Traceback (most recent call last):
  File "/home/gmarkall/numbadev/numba/numba/tests/test_target_extension.py", line 514, in test_specialise_dpu
    self.assertPreciseEqual(dpu_foo(), 93)
  File "/home/gmarkall/numbadev/numba/numba/tests/support.py", line 391, in assertPreciseEqual
    self.fail("when comparing %s and %s: %s" % (first, second, failure_msg))
AssertionError: when comparing None and 93: 'unknown' != 'exact'
- unknown
+ exact
 : Type Family mismatch. (unknown != exact)

======================================================================
FAIL: test_specialise_gpu (numba.tests.test_target_extension.TestTargetHierarchySelection)
----------------------------------------------------------------------
Traceback (most recent call last):
  File "/home/gmarkall/numbadev/numba/numba/tests/test_target_extension.py", line 472, in test_specialise_gpu
    self.assertPreciseEqual(dpu_foo(), 3)
  File "/home/gmarkall/numbadev/numba/numba/tests/support.py", line 391, in assertPreciseEqual
    self.fail("when comparing %s and %s: %s" % (first, second, failure_msg))
AssertionError: when comparing None and 3: 'unknown' != 'exact'
- unknown
+ exact
 : Type Family mismatch. (unknown != exact)

======================================================================
FAIL: test_return_type_warning (numba.tests.test_warnings.TestBuiltins)
----------------------------------------------------------------------
Traceback (most recent call last):
  File "/home/gmarkall/numbadev/numba/numba/tests/test_warnings.py", line 60, in test_return_type_warning
    self.assertEqual(len(w), 3)
AssertionError: 0 != 3

======================================================================
FAIL: test_loop_lift_warn (numba.tests.test_warnings.TestBuiltins)
----------------------------------------------------------------------
Traceback (most recent call last):
  File "/home/gmarkall/numbadev/numba/numba/tests/test_warnings.py", line 122, in test_loop_lift_warn
    self.assertEqual(len(w), 4, msg=msg)
AssertionError: 0 != 4 : 

======================================================================
FAIL: test_type_infer_warning (numba.tests.test_warnings.TestBuiltins)
----------------------------------------------------------------------
Traceback (most recent call last):
  File "/home/gmarkall/numbadev/numba/numba/tests/test_warnings.py", line 35, in test_type_infer_warning
    self.assertEqual(len(w), 3)
AssertionError: 0 != 3

======================================================================
FAIL: test_scalar_binary_mixed_ufunc (numba.tests.test_ufuncs.TestScalarUFuncs)
----------------------------------------------------------------------
Traceback (most recent call last):
  File "/home/gmarkall/numbadev/numba/numba/tests/test_ufuncs.py", line 1259, in test_scalar_binary_mixed_ufunc
    self.run_ufunc(_func, itertools.product(tys, tys),
  File "/home/gmarkall/numbadev/numba/numba/tests/test_ufuncs.py", line 1227, in run_ufunc
    self.assertPreciseEqual(got, expected, msg=msg, prec=prec)
  File "/home/gmarkall/numbadev/numba/numba/tests/support.py", line 391, in assertPreciseEqual
    self.fail("when comparing %s and %s: %s" % (first, second, failure_msg))
AssertionError: when comparing 4 and 4.0: 'exact' != 'approximate'
- exact
+ approximate
 : Type Family mismatch. (exact != approximate): for args (2, 2) typed (int32, uint64)

======================================================================
FAIL: test_no_collision (numba.tests.test_caching.TestCacheFileCollision)
----------------------------------------------------------------------
Traceback (most recent call last):
  File "/home/gmarkall/numbadev/numba/numba/tests/test_caching.py", line 940, in test_no_collision
    self.assertEqual(log1.count('index saved'), 0)
AssertionError: 1 != 0

======================================================================
FAIL: test_user_set_cpu_features (numba.tests.test_caching.TestCacheWithCpuSetting)
----------------------------------------------------------------------
Traceback (most recent call last):
  File "/home/gmarkall/numbadev/numba/numba/tests/test_caching.py", line 787, in test_user_set_cpu_features
    self.assertGreater(len(self.cache_contents()), cache_size)
AssertionError: 13 not greater than 13

======================================================================
FAIL: test_user_set_cpu_name (numba.tests.test_caching.TestCacheWithCpuSetting)
----------------------------------------------------------------------
Traceback (most recent call last):
  File "/home/gmarkall/numbadev/numba/numba/tests/test_caching.py", line 755, in test_user_set_cpu_name
    self.assertGreater(len(self.cache_contents()), cache_size)
AssertionError: 13 not greater than 13

======================================================================
FAIL: test_caching_overload_method (numba.tests.test_extending.TestOverloadMethodCaching)
----------------------------------------------------------------------
Traceback (most recent call last):
  File "/home/gmarkall/numbadev/numba/numba/tests/test_extending.py", line 1259, in test_caching_overload_method
    self.run_caching_overload_method()
  File "/home/gmarkall/numbadev/numba/numba/tests/test_extending.py", line 1286, in run_caching_overload_method
    self.assertEqual(p.exitcode, 0)
AssertionError: 1 != 0

----------------------------------------------------------------------
Ran 10045 tests in 2026.273s

FAILED (failures=26, errors=16, skipped=648, expected failures=13)

